2024-12-04 14:50:30,360 root INFO Activating Elasticsearch....
2024-12-04 14:50:30,360 root INFO Elastic Search Credentials: {'hostname': 'localhost', 'index_name': 'miracl', 'keys': {'title': 'title', 'body': 'txt'}, 'timeout': 100, 'retry_on_timeout': True, 'maxsize': 24, 'number_of_shards': 'default', 'language': 'spanish'}
2024-12-04 14:50:30,361 root INFO Deleting previous Elasticsearch-Index named - miracl
2024-12-04 14:50:32,980 root INFO Creating fresh Elasticsearch-Index named - miracl
2024-12-04 15:25:56,755 root INFO Activating Elasticsearch....
2024-12-04 15:25:56,755 root INFO Elastic Search Credentials: {'hostname': 'localhost', 'index_name': 'miracl', 'keys': {'title': 'title', 'body': 'txt'}, 'timeout': 100, 'retry_on_timeout': True, 'maxsize': 24, 'number_of_shards': 'default', 'language': 'spanish'}
2024-12-04 15:25:56,755 root INFO Deleting previous Elasticsearch-Index named - miracl
2024-12-04 15:25:59,355 root INFO Creating fresh Elasticsearch-Index named - miracl
2024-12-04 15:45:18,23 root INFO Starting To Rerank Top-100....
2024-12-04 16:07:05,672 root INFO Starting To Rerank Top-100....
2024-12-04 16:27:00,156 root INFO Starting To Rerank Top-100....
2024-12-04 16:43:22,641 root INFO Starting To Rerank Top-100....
2024-12-04 16:57:55,711 root INFO Starting To Rerank Top-100....
2024-12-04 17:12:57,140 root INFO Starting To Rerank Top-100....
2024-12-04 17:27:26,775 root INFO Starting To Rerank Top-100....
2024-12-04 17:42:49,667 root INFO Starting To Rerank Top-100....
2024-12-04 17:57:20,618 root INFO Starting To Rerank Top-100....
2024-12-04 18:12:13,353 root INFO Starting To Rerank Top-100....
2024-12-04 18:26:43,618 root INFO Starting To Rerank Top-100....
2024-12-04 18:41:20,638 main INFO 
#    Model                      P@1         NDCG@3        NDCG@10           Recall@100  MAP@100
---  -------------------------  ----------  ------------  --------------  ------------  --------------
a    BM25 + MT5-sum-lambda-0    0.372ˡ      0.342ˡ        0.379ˡ                  0.65  0.301ˡ
b    BM25 + MT5-sum-lambda-0.1  0.384ˡ      0.350ᵃˡ       0.387ᵃˡ                 0.65  0.309ᵃˡ
c    BM25 + MT5-sum-lambda-0.2  0.398ᵃᵇˡ    0.362ᵃᵇˡ      0.397ᵃᵇˡ                0.65  0.317ᵃᵇˡ
d    BM25 + MT5-sum-lambda-0.3  0.414ᵃᵇᶜˡ   0.371ᵃᵇᶜˡ     0.405ᵃᵇᶜˡ               0.65  0.324ᵃᵇᶜˡ
e    BM25 + MT5-sum-lambda-0.4  0.421ᵃᵇᶜˡ   0.377ᵃᵇᶜᵈˡ    0.411ᵃᵇᶜᵈᵏˡ             0.65  0.329ᵃᵇᶜᵈˡ
f    BM25 + MT5-sum-lambda-0.5  0.429ᵃᵇᶜᵈˡ  0.383ᵃᵇᶜᵈᵉᵏˡ  0.418ᵃᵇᶜᵈᵉᶦʲᵏˡ          0.65  0.333ᵃᵇᶜᵈᵉʲᵏˡ
g    BM25 + MT5-sum-lambda-0.6  0.429ᵃᵇᶜᵈˡ  0.383ᵃᵇᶜᵈᵏˡ   0.419ᵃᵇᶜᵈᵉᶦʲᵏˡ          0.65  0.334ᵃᵇᶜᵈᵉᶦʲᵏˡ
h    BM25 + MT5-sum-lambda-0.7  0.424ᵃᵇᶜˡ   0.383ᵃᵇᶜᵈᵏˡ   0.417ᵃᵇᶜᵈᵉᶦʲᵏˡ          0.65  0.333ᵃᵇᶜᵈᵉᶦʲᵏˡ
i    BM25 + MT5-sum-lambda-0.8  0.418ᵃᵇˡ    0.380ᵃᵇᶜᵏˡ    0.412ᵃᵇᶜᵈʲᵏˡ            0.65  0.330ᵃᵇᶜᵈʲᵏˡ
j    BM25 + MT5-sum-lambda-0.9  0.415ᵃᵇˡ    0.377ᵃᵇᶜˡ     0.410ᵃᵇᶜᵏˡ              0.65  0.328ᵃᵇᶜᵏˡ
k    BM25 + MT5-sum-lambda-1    0.414ᵃᵇˡ    0.373ᵃᵇᶜˡ     0.405ᵃᵇᶜˡ               0.65  0.325ᵃᵇᶜˡ
l    BM25                       0.284       0.248         0.270                   0.65  0.215
2024-12-04 18:41:40,209 root INFO Starting To Rerank Top-100....
2024-12-04 18:56:11,164 root INFO Starting To Rerank Top-100....
2024-12-04 19:11:01,186 root INFO Starting To Rerank Top-100....
2024-12-04 19:25:32,465 root INFO Starting To Rerank Top-100....
2024-12-04 19:40:22,115 root INFO Starting To Rerank Top-100....
2024-12-04 19:54:56,577 root INFO Starting To Rerank Top-100....
2024-12-04 20:09:45,893 root INFO Starting To Rerank Top-100....
2024-12-04 20:24:18,146 root INFO Starting To Rerank Top-100....
2024-12-04 20:39:08,446 root INFO Starting To Rerank Top-100....
2024-12-04 20:53:42,790 root INFO Starting To Rerank Top-100....
2024-12-04 21:08:14,489 main INFO 
#    Model                      P@1        NDCG@3       NDCG@10        Recall@100  MAP@100
---  -------------------------  ---------  -----------  -----------  ------------  ------------
a    BM25 + MT5-sum-lambda-0.1  0.375ᵏ     0.346ᵏ       0.382ᵏ               0.65  0.304ᵏ
b    BM25 + MT5-sum-lambda-0.2  0.384ᵏ     0.351ᵃᵏ      0.388ᵃᵏ              0.65  0.310ᵃᵏ
c    BM25 + MT5-sum-lambda-0.3  0.400ᵃᵇᵏ   0.359ᵃᵇᵏ     0.394ᵃᵇᵏ             0.65  0.315ᵃᵇᵏ
d    BM25 + MT5-sum-lambda-0.4  0.412ᵃᵇᵏ   0.367ᵃᵇᶜᵏ    0.401ᵃᵇᶜᵏ            0.65  0.320ᵃᵇᶜᵏ
e    BM25 + MT5-sum-lambda-0.5  0.418ᵃᵇᶜᵏ  0.371ᵃᵇᶜᵏ    0.405ᵃᵇᶜᵈᵏ           0.65  0.323ᵃᵇᶜᵈᵏ
f    BM25 + MT5-sum-lambda-0.6  0.421ᵃᵇᶜᵏ  0.373ᵃᵇᶜᵈʲᵏ  0.407ᵃᵇᶜᵈᵉᵏ          0.65  0.325ᵃᵇᶜᵈᵉʲᵏ
g    BM25 + MT5-sum-lambda-0.7  0.418ᵃᵇᶜᵏ  0.373ᵃᵇᶜʲᵏ   0.408ᵃᵇᶜᵈʲᵏ          0.65  0.325ᵃᵇᶜᵈᵉʲᵏ
h    BM25 + MT5-sum-lambda-0.8  0.420ᵃᵇᶜᵏ  0.372ᵃᵇᶜʲᵏ   0.408ᵃᵇᶜᵈʲᵏ          0.65  0.326ᵃᵇᶜᵈᶦʲᵏ
i    BM25 + MT5-sum-lambda-0.9  0.418ᵃᵇᵏ   0.370ᵃᵇᶜʲᵏ   0.407ᵃᵇᶜᵈʲᵏ          0.65  0.325ᵃᵇᶜᵈʲᵏ
j    BM25 + MT5-sum-lambda-1    0.414ᵃᵇᵏ   0.366ᵃᵇᵏ     0.402ᵃᵇᶜᵏ            0.65  0.321ᵃᵇᶜᵏ
k    BM25                       0.284      0.248        0.270                0.65  0.215
