2024-11-18 13:08:17,790 beir.datasets.data_loader INFO Loading Corpus...
2024-11-18 13:08:17,831 beir.datasets.data_loader INFO Loaded 5183 TRAIN Documents.
2024-11-18 13:08:17,831 beir.datasets.data_loader INFO Doc Example: {'text': 'Alterations of the architecture of cerebral white matter in the developing human brain can affect cortical development and result in functional disabilities. A line scan diffusion-weighted magnetic resonance imaging (MRI) sequence with diffusion tensor analysis was applied to measure the apparent diffusion coefficient, to calculate relative anisotropy, and to delineate three-dimensional fiber architecture in cerebral white matter in preterm (n = 17) and full-term infants (n = 7). To assess effects of prematurity on cerebral white matter development, early gestation preterm infants (n = 10) were studied a second time at term. In the central white matter the mean apparent diffusion coefficient at 28 wk was high, 1.8 microm2/ms, and decreased toward term to 1.2 microm2/ms. In the posterior limb of the internal capsule, the mean apparent diffusion coefficients at both times were similar (1.2 versus 1.1 microm2/ms). Relative anisotropy was higher the closer birth was to term with greater absolute values in the internal capsule than in the central white matter. Preterm infants at term showed higher mean diffusion coefficients in the central white matter (1.4 +/- 0.24 versus 1.15 +/- 0.09 microm2/ms, p = 0.016) and lower relative anisotropy in both areas compared with full-term infants (white matter, 10.9 +/- 0.6 versus 22.9 +/- 3.0%, p = 0.001; internal capsule, 24.0 +/- 4.44 versus 33.1 +/- 0.6% p = 0.006). Nonmyelinated fibers in the corpus callosum were visible by diffusion tensor MRI as early as 28 wk; full-term and preterm infants at term showed marked differences in white matter fiber organization. The data indicate that quantitative assessment of water diffusion by diffusion tensor MRI provides insight into microstructural development in cerebral white matter in living infants.', 'title': 'Microstructural development of human newborn cerebral white matter assessed in vivo by diffusion tensor magnetic resonance imaging.'}
2024-11-18 13:08:17,831 beir.datasets.data_loader INFO Loading Queries...
2024-11-18 13:08:17,835 beir.datasets.data_loader INFO Loaded 809 TRAIN Queries.
2024-11-18 13:08:17,835 beir.datasets.data_loader INFO Query Example: 0-dimensional biomaterials lack inductive properties.
2024-11-18 13:08:17,836 beir.datasets.data_loader INFO Loading Corpus...
2024-11-18 13:08:17,875 beir.datasets.data_loader INFO Loaded 5183 TEST Documents.
2024-11-18 13:08:17,876 beir.datasets.data_loader INFO Doc Example: {'text': 'Alterations of the architecture of cerebral white matter in the developing human brain can affect cortical development and result in functional disabilities. A line scan diffusion-weighted magnetic resonance imaging (MRI) sequence with diffusion tensor analysis was applied to measure the apparent diffusion coefficient, to calculate relative anisotropy, and to delineate three-dimensional fiber architecture in cerebral white matter in preterm (n = 17) and full-term infants (n = 7). To assess effects of prematurity on cerebral white matter development, early gestation preterm infants (n = 10) were studied a second time at term. In the central white matter the mean apparent diffusion coefficient at 28 wk was high, 1.8 microm2/ms, and decreased toward term to 1.2 microm2/ms. In the posterior limb of the internal capsule, the mean apparent diffusion coefficients at both times were similar (1.2 versus 1.1 microm2/ms). Relative anisotropy was higher the closer birth was to term with greater absolute values in the internal capsule than in the central white matter. Preterm infants at term showed higher mean diffusion coefficients in the central white matter (1.4 +/- 0.24 versus 1.15 +/- 0.09 microm2/ms, p = 0.016) and lower relative anisotropy in both areas compared with full-term infants (white matter, 10.9 +/- 0.6 versus 22.9 +/- 3.0%, p = 0.001; internal capsule, 24.0 +/- 4.44 versus 33.1 +/- 0.6% p = 0.006). Nonmyelinated fibers in the corpus callosum were visible by diffusion tensor MRI as early as 28 wk; full-term and preterm infants at term showed marked differences in white matter fiber organization. The data indicate that quantitative assessment of water diffusion by diffusion tensor MRI provides insight into microstructural development in cerebral white matter in living infants.', 'title': 'Microstructural development of human newborn cerebral white matter assessed in vivo by diffusion tensor magnetic resonance imaging.'}
2024-11-18 13:08:17,876 beir.datasets.data_loader INFO Loading Queries...
2024-11-18 13:08:17,879 beir.datasets.data_loader INFO Loaded 300 TEST Queries.
2024-11-18 13:08:17,879 beir.datasets.data_loader INFO Query Example: 0-dimensional biomaterials show inductive properties.
2024-11-18 13:08:17,879 root INFO Activating Elasticsearch....
2024-11-18 13:08:17,879 root INFO Elastic Search Credentials: {'hostname': 'localhost', 'index_name': 'scifact', 'keys': {'title': 'title', 'body': 'txt'}, 'timeout': 100, 'retry_on_timeout': True, 'maxsize': 24, 'number_of_shards': 1, 'language': 'english'}
2024-11-18 13:08:17,880 root INFO Deleting previous Elasticsearch-Index named - scifact
2024-11-18 13:08:20,112 root INFO Creating fresh Elasticsearch-Index named - scifact
2024-11-18 13:10:23,456 root INFO Starting To Rerank Top-100....
2024-11-20 09:54:17,392 beir.datasets.data_loader INFO Loading Corpus...
2024-11-20 09:54:17,583 beir.datasets.data_loader INFO Loaded 5183 TRAIN Documents.
2024-11-20 09:54:17,583 beir.datasets.data_loader INFO Doc Example: {'text': 'Alterations of the architecture of cerebral white matter in the developing human brain can affect cortical development and result in functional disabilities. A line scan diffusion-weighted magnetic resonance imaging (MRI) sequence with diffusion tensor analysis was applied to measure the apparent diffusion coefficient, to calculate relative anisotropy, and to delineate three-dimensional fiber architecture in cerebral white matter in preterm (n = 17) and full-term infants (n = 7). To assess effects of prematurity on cerebral white matter development, early gestation preterm infants (n = 10) were studied a second time at term. In the central white matter the mean apparent diffusion coefficient at 28 wk was high, 1.8 microm2/ms, and decreased toward term to 1.2 microm2/ms. In the posterior limb of the internal capsule, the mean apparent diffusion coefficients at both times were similar (1.2 versus 1.1 microm2/ms). Relative anisotropy was higher the closer birth was to term with greater absolute values in the internal capsule than in the central white matter. Preterm infants at term showed higher mean diffusion coefficients in the central white matter (1.4 +/- 0.24 versus 1.15 +/- 0.09 microm2/ms, p = 0.016) and lower relative anisotropy in both areas compared with full-term infants (white matter, 10.9 +/- 0.6 versus 22.9 +/- 3.0%, p = 0.001; internal capsule, 24.0 +/- 4.44 versus 33.1 +/- 0.6% p = 0.006). Nonmyelinated fibers in the corpus callosum were visible by diffusion tensor MRI as early as 28 wk; full-term and preterm infants at term showed marked differences in white matter fiber organization. The data indicate that quantitative assessment of water diffusion by diffusion tensor MRI provides insight into microstructural development in cerebral white matter in living infants.', 'title': 'Microstructural development of human newborn cerebral white matter assessed in vivo by diffusion tensor magnetic resonance imaging.'}
2024-11-20 09:54:17,583 beir.datasets.data_loader INFO Loading Queries...
2024-11-20 09:54:17,623 beir.datasets.data_loader INFO Loaded 809 TRAIN Queries.
2024-11-20 09:54:17,623 beir.datasets.data_loader INFO Query Example: 0-dimensional biomaterials lack inductive properties.
2024-11-20 09:54:17,624 beir.datasets.data_loader INFO Loading Corpus...
2024-11-20 09:54:17,680 beir.datasets.data_loader INFO Loaded 5183 TEST Documents.
2024-11-20 09:54:17,680 beir.datasets.data_loader INFO Doc Example: {'text': 'Alterations of the architecture of cerebral white matter in the developing human brain can affect cortical development and result in functional disabilities. A line scan diffusion-weighted magnetic resonance imaging (MRI) sequence with diffusion tensor analysis was applied to measure the apparent diffusion coefficient, to calculate relative anisotropy, and to delineate three-dimensional fiber architecture in cerebral white matter in preterm (n = 17) and full-term infants (n = 7). To assess effects of prematurity on cerebral white matter development, early gestation preterm infants (n = 10) were studied a second time at term. In the central white matter the mean apparent diffusion coefficient at 28 wk was high, 1.8 microm2/ms, and decreased toward term to 1.2 microm2/ms. In the posterior limb of the internal capsule, the mean apparent diffusion coefficients at both times were similar (1.2 versus 1.1 microm2/ms). Relative anisotropy was higher the closer birth was to term with greater absolute values in the internal capsule than in the central white matter. Preterm infants at term showed higher mean diffusion coefficients in the central white matter (1.4 +/- 0.24 versus 1.15 +/- 0.09 microm2/ms, p = 0.016) and lower relative anisotropy in both areas compared with full-term infants (white matter, 10.9 +/- 0.6 versus 22.9 +/- 3.0%, p = 0.001; internal capsule, 24.0 +/- 4.44 versus 33.1 +/- 0.6% p = 0.006). Nonmyelinated fibers in the corpus callosum were visible by diffusion tensor MRI as early as 28 wk; full-term and preterm infants at term showed marked differences in white matter fiber organization. The data indicate that quantitative assessment of water diffusion by diffusion tensor MRI provides insight into microstructural development in cerebral white matter in living infants.', 'title': 'Microstructural development of human newborn cerebral white matter assessed in vivo by diffusion tensor magnetic resonance imaging.'}
2024-11-20 09:54:17,681 beir.datasets.data_loader INFO Loading Queries...
2024-11-20 09:54:17,684 beir.datasets.data_loader INFO Loaded 300 TEST Queries.
2024-11-20 09:54:17,684 beir.datasets.data_loader INFO Query Example: 0-dimensional biomaterials show inductive properties.
2024-11-20 09:54:17,684 root INFO Activating Elasticsearch....
2024-11-20 09:54:17,684 root INFO Elastic Search Credentials: {'hostname': 'localhost', 'index_name': 'scifact', 'keys': {'title': 'title', 'body': 'txt'}, 'timeout': 100, 'retry_on_timeout': True, 'maxsize': 24, 'number_of_shards': 1, 'language': 'english'}
2024-11-20 09:54:17,685 root INFO Deleting previous Elasticsearch-Index named - scifact
2024-11-20 09:54:19,888 root INFO Creating fresh Elasticsearch-Index named - scifact
2024-11-21 09:19:24,431 beir.datasets.data_loader INFO Loading Corpus...
2024-11-21 09:19:24,471 beir.datasets.data_loader INFO Loaded 5183 TRAIN Documents.
2024-11-21 09:19:24,471 beir.datasets.data_loader INFO Doc Example: {'text': 'Alterations of the architecture of cerebral white matter in the developing human brain can affect cortical development and result in functional disabilities. A line scan diffusion-weighted magnetic resonance imaging (MRI) sequence with diffusion tensor analysis was applied to measure the apparent diffusion coefficient, to calculate relative anisotropy, and to delineate three-dimensional fiber architecture in cerebral white matter in preterm (n = 17) and full-term infants (n = 7). To assess effects of prematurity on cerebral white matter development, early gestation preterm infants (n = 10) were studied a second time at term. In the central white matter the mean apparent diffusion coefficient at 28 wk was high, 1.8 microm2/ms, and decreased toward term to 1.2 microm2/ms. In the posterior limb of the internal capsule, the mean apparent diffusion coefficients at both times were similar (1.2 versus 1.1 microm2/ms). Relative anisotropy was higher the closer birth was to term with greater absolute values in the internal capsule than in the central white matter. Preterm infants at term showed higher mean diffusion coefficients in the central white matter (1.4 +/- 0.24 versus 1.15 +/- 0.09 microm2/ms, p = 0.016) and lower relative anisotropy in both areas compared with full-term infants (white matter, 10.9 +/- 0.6 versus 22.9 +/- 3.0%, p = 0.001; internal capsule, 24.0 +/- 4.44 versus 33.1 +/- 0.6% p = 0.006). Nonmyelinated fibers in the corpus callosum were visible by diffusion tensor MRI as early as 28 wk; full-term and preterm infants at term showed marked differences in white matter fiber organization. The data indicate that quantitative assessment of water diffusion by diffusion tensor MRI provides insight into microstructural development in cerebral white matter in living infants.', 'title': 'Microstructural development of human newborn cerebral white matter assessed in vivo by diffusion tensor magnetic resonance imaging.'}
2024-11-21 09:19:24,471 beir.datasets.data_loader INFO Loading Queries...
2024-11-21 09:19:24,475 beir.datasets.data_loader INFO Loaded 809 TRAIN Queries.
2024-11-21 09:19:24,475 beir.datasets.data_loader INFO Query Example: 0-dimensional biomaterials lack inductive properties.
2024-11-21 09:19:24,476 beir.datasets.data_loader INFO Loading Corpus...
2024-11-21 09:19:24,515 beir.datasets.data_loader INFO Loaded 5183 TEST Documents.
2024-11-21 09:19:24,515 beir.datasets.data_loader INFO Doc Example: {'text': 'Alterations of the architecture of cerebral white matter in the developing human brain can affect cortical development and result in functional disabilities. A line scan diffusion-weighted magnetic resonance imaging (MRI) sequence with diffusion tensor analysis was applied to measure the apparent diffusion coefficient, to calculate relative anisotropy, and to delineate three-dimensional fiber architecture in cerebral white matter in preterm (n = 17) and full-term infants (n = 7). To assess effects of prematurity on cerebral white matter development, early gestation preterm infants (n = 10) were studied a second time at term. In the central white matter the mean apparent diffusion coefficient at 28 wk was high, 1.8 microm2/ms, and decreased toward term to 1.2 microm2/ms. In the posterior limb of the internal capsule, the mean apparent diffusion coefficients at both times were similar (1.2 versus 1.1 microm2/ms). Relative anisotropy was higher the closer birth was to term with greater absolute values in the internal capsule than in the central white matter. Preterm infants at term showed higher mean diffusion coefficients in the central white matter (1.4 +/- 0.24 versus 1.15 +/- 0.09 microm2/ms, p = 0.016) and lower relative anisotropy in both areas compared with full-term infants (white matter, 10.9 +/- 0.6 versus 22.9 +/- 3.0%, p = 0.001; internal capsule, 24.0 +/- 4.44 versus 33.1 +/- 0.6% p = 0.006). Nonmyelinated fibers in the corpus callosum were visible by diffusion tensor MRI as early as 28 wk; full-term and preterm infants at term showed marked differences in white matter fiber organization. The data indicate that quantitative assessment of water diffusion by diffusion tensor MRI provides insight into microstructural development in cerebral white matter in living infants.', 'title': 'Microstructural development of human newborn cerebral white matter assessed in vivo by diffusion tensor magnetic resonance imaging.'}
2024-11-21 09:19:24,515 beir.datasets.data_loader INFO Loading Queries...
2024-11-21 09:19:24,518 beir.datasets.data_loader INFO Loaded 300 TEST Queries.
2024-11-21 09:19:24,518 beir.datasets.data_loader INFO Query Example: 0-dimensional biomaterials show inductive properties.
2024-11-21 09:19:24,519 root INFO Activating Elasticsearch....
2024-11-21 09:19:24,519 root INFO Elastic Search Credentials: {'hostname': 'localhost', 'index_name': 'scifact', 'keys': {'title': 'title', 'body': 'txt'}, 'timeout': 100, 'retry_on_timeout': True, 'maxsize': 24, 'number_of_shards': 1, 'language': 'english'}
2024-11-21 09:19:24,519 root INFO Deleting previous Elasticsearch-Index named - scifact
2024-11-21 09:19:26,745 root INFO Creating fresh Elasticsearch-Index named - scifact
2024-11-21 09:19:43,798 root INFO Starting To Rerank Top-100....
2024-11-21 09:33:00,53 root INFO Activating Elasticsearch....
2024-11-21 09:33:00,53 root INFO Elastic Search Credentials: {'hostname': 'localhost', 'index_name': 'scifact', 'keys': {'title': 'title', 'body': 'txt'}, 'timeout': 100, 'retry_on_timeout': True, 'maxsize': 24, 'number_of_shards': 'default', 'language': 'english'}
2024-11-21 09:33:00,54 root INFO Deleting previous Elasticsearch-Index named - scifact
2024-11-21 09:33:02,275 root INFO Creating fresh Elasticsearch-Index named - scifact
2024-11-21 09:33:09,603 root INFO Starting To Rerank Top-100....
2024-11-21 09:59:06,167 root INFO Activating Elasticsearch....
2024-11-21 09:59:06,167 root INFO Elastic Search Credentials: {'hostname': 'localhost', 'index_name': 'scifact', 'keys': {'title': 'title', 'body': 'txt'}, 'timeout': 100, 'retry_on_timeout': True, 'maxsize': 24, 'number_of_shards': 1, 'language': 'english'}
2024-11-21 09:59:06,167 root INFO Deleting previous Elasticsearch-Index named - scifact
2024-11-21 09:59:08,389 root INFO Creating fresh Elasticsearch-Index named - scifact
2024-11-21 09:59:25,890 root INFO Starting To Rerank Top-100....
2024-11-21 10:13:08,752 root INFO Activating Elasticsearch....
2024-11-21 10:13:08,752 root INFO Elastic Search Credentials: {'hostname': 'localhost', 'index_name': 'scifact', 'keys': {'title': 'title', 'body': 'txt'}, 'timeout': 100, 'retry_on_timeout': True, 'maxsize': 24, 'number_of_shards': 'default', 'language': 'english'}
2024-11-21 10:13:08,753 root INFO Deleting previous Elasticsearch-Index named - scifact
2024-11-21 10:13:11,61 root INFO Creating fresh Elasticsearch-Index named - scifact
2024-11-21 10:13:18,423 root INFO Starting To Rerank Top-100....
2024-11-21 10:30:09,377 root INFO Activating Elasticsearch....
2024-11-21 10:30:09,377 root INFO Elastic Search Credentials: {'hostname': 'localhost', 'index_name': 'scifact', 'keys': {'title': 'title', 'body': 'txt'}, 'timeout': 100, 'retry_on_timeout': True, 'maxsize': 24, 'number_of_shards': 1, 'language': 'english'}
2024-11-21 10:30:09,377 root INFO Deleting previous Elasticsearch-Index named - scifact
2024-11-21 10:30:11,563 root INFO Creating fresh Elasticsearch-Index named - scifact
2024-11-21 10:30:28,676 root INFO Starting To Rerank Top-100....
2024-11-21 10:40:15,198 root INFO Activating Elasticsearch....
2024-11-21 10:40:15,198 root INFO Elastic Search Credentials: {'hostname': 'localhost', 'index_name': 'scifact', 'keys': {'title': 'title', 'body': 'txt'}, 'timeout': 100, 'retry_on_timeout': True, 'maxsize': 24, 'number_of_shards': 'default', 'language': 'english'}
2024-11-21 10:40:15,199 root INFO Deleting previous Elasticsearch-Index named - scifact
2024-11-21 10:40:17,414 root INFO Creating fresh Elasticsearch-Index named - scifact
2024-11-21 10:40:24,729 root INFO Starting To Rerank Top-100....
2024-11-21 10:55:00,32 root INFO Activating Elasticsearch....
2024-11-21 10:55:00,32 root INFO Elastic Search Credentials: {'hostname': 'localhost', 'index_name': 'scifact', 'keys': {'title': 'title', 'body': 'txt'}, 'timeout': 100, 'retry_on_timeout': True, 'maxsize': 24, 'number_of_shards': 1, 'language': 'english'}
2024-11-21 10:55:00,32 root INFO Deleting previous Elasticsearch-Index named - scifact
2024-11-21 10:55:02,249 root INFO Creating fresh Elasticsearch-Index named - scifact
2024-11-21 10:55:16,809 root INFO Starting To Rerank Top-100....
2024-11-21 11:03:06,298 root INFO Activating Elasticsearch....
2024-11-21 11:03:06,299 root INFO Elastic Search Credentials: {'hostname': 'localhost', 'index_name': 'scifact', 'keys': {'title': 'title', 'body': 'txt'}, 'timeout': 100, 'retry_on_timeout': True, 'maxsize': 24, 'number_of_shards': 'default', 'language': 'english'}
2024-11-21 11:03:06,299 root INFO Deleting previous Elasticsearch-Index named - scifact
2024-11-21 11:03:08,531 root INFO Creating fresh Elasticsearch-Index named - scifact
2024-11-21 11:03:15,927 root INFO Starting To Rerank Top-100....
2024-11-21 11:17:51,267 root INFO Activating Elasticsearch....
2024-11-21 11:17:51,267 root INFO Elastic Search Credentials: {'hostname': 'localhost', 'index_name': 'scifact', 'keys': {'title': 'title', 'body': 'txt'}, 'timeout': 100, 'retry_on_timeout': True, 'maxsize': 24, 'number_of_shards': 1, 'language': 'english'}
2024-11-21 11:17:51,267 root INFO Deleting previous Elasticsearch-Index named - scifact
2024-11-21 11:17:53,498 root INFO Creating fresh Elasticsearch-Index named - scifact
2024-11-21 11:18:08,545 root INFO Starting To Rerank Top-100....
2024-11-21 11:25:58,395 root INFO Activating Elasticsearch....
2024-11-21 11:25:58,395 root INFO Elastic Search Credentials: {'hostname': 'localhost', 'index_name': 'scifact', 'keys': {'title': 'title', 'body': 'txt'}, 'timeout': 100, 'retry_on_timeout': True, 'maxsize': 24, 'number_of_shards': 'default', 'language': 'english'}
2024-11-21 11:25:58,396 root INFO Deleting previous Elasticsearch-Index named - scifact
2024-11-21 11:26:00,586 root INFO Creating fresh Elasticsearch-Index named - scifact
2024-11-21 11:26:07,768 root INFO Starting To Rerank Top-100....
2024-11-21 11:40:42,760 root INFO Activating Elasticsearch....
2024-11-21 11:40:42,761 root INFO Elastic Search Credentials: {'hostname': 'localhost', 'index_name': 'scifact', 'keys': {'title': 'title', 'body': 'txt'}, 'timeout': 100, 'retry_on_timeout': True, 'maxsize': 24, 'number_of_shards': 1, 'language': 'english'}
2024-11-21 11:40:42,761 root INFO Deleting previous Elasticsearch-Index named - scifact
2024-11-21 11:40:44,981 root INFO Creating fresh Elasticsearch-Index named - scifact
2024-11-21 11:41:00,323 root INFO Starting To Rerank Top-100....
2024-11-21 11:48:50,266 root INFO Activating Elasticsearch....
2024-11-21 11:48:50,266 root INFO Elastic Search Credentials: {'hostname': 'localhost', 'index_name': 'scifact', 'keys': {'title': 'title', 'body': 'txt'}, 'timeout': 100, 'retry_on_timeout': True, 'maxsize': 24, 'number_of_shards': 'default', 'language': 'english'}
2024-11-21 11:48:50,267 root INFO Deleting previous Elasticsearch-Index named - scifact
2024-11-21 11:48:52,461 root INFO Creating fresh Elasticsearch-Index named - scifact
2024-11-21 11:48:59,753 root INFO Starting To Rerank Top-100....
2024-11-21 12:03:34,858 root INFO Activating Elasticsearch....
2024-11-21 12:03:34,858 root INFO Elastic Search Credentials: {'hostname': 'localhost', 'index_name': 'scifact', 'keys': {'title': 'title', 'body': 'txt'}, 'timeout': 100, 'retry_on_timeout': True, 'maxsize': 24, 'number_of_shards': 1, 'language': 'english'}
2024-11-21 12:03:34,858 root INFO Deleting previous Elasticsearch-Index named - scifact
2024-11-21 12:03:37,45 root INFO Creating fresh Elasticsearch-Index named - scifact
2024-11-21 12:03:52,204 root INFO Starting To Rerank Top-100....
2024-11-21 12:11:38,442 root INFO Activating Elasticsearch....
2024-11-21 12:11:38,442 root INFO Elastic Search Credentials: {'hostname': 'localhost', 'index_name': 'scifact', 'keys': {'title': 'title', 'body': 'txt'}, 'timeout': 100, 'retry_on_timeout': True, 'maxsize': 24, 'number_of_shards': 'default', 'language': 'english'}
2024-11-21 12:11:38,443 root INFO Deleting previous Elasticsearch-Index named - scifact
2024-11-21 12:11:40,667 root INFO Creating fresh Elasticsearch-Index named - scifact
2024-11-21 12:11:48,95 root INFO Starting To Rerank Top-100....
2024-11-21 12:26:17,360 root INFO Activating Elasticsearch....
2024-11-21 12:26:17,360 root INFO Elastic Search Credentials: {'hostname': 'localhost', 'index_name': 'scifact', 'keys': {'title': 'title', 'body': 'txt'}, 'timeout': 100, 'retry_on_timeout': True, 'maxsize': 24, 'number_of_shards': 1, 'language': 'english'}
2024-11-21 12:26:17,361 root INFO Deleting previous Elasticsearch-Index named - scifact
2024-11-21 12:26:19,576 root INFO Creating fresh Elasticsearch-Index named - scifact
2024-11-21 12:26:35,50 root INFO Starting To Rerank Top-100....
2024-11-21 12:34:25,82 root INFO Activating Elasticsearch....
2024-11-21 12:34:25,82 root INFO Elastic Search Credentials: {'hostname': 'localhost', 'index_name': 'scifact', 'keys': {'title': 'title', 'body': 'txt'}, 'timeout': 100, 'retry_on_timeout': True, 'maxsize': 24, 'number_of_shards': 'default', 'language': 'english'}
2024-11-21 12:34:25,82 root INFO Deleting previous Elasticsearch-Index named - scifact
2024-11-21 12:34:27,274 root INFO Creating fresh Elasticsearch-Index named - scifact
2024-11-21 12:34:34,441 root INFO Starting To Rerank Top-100....
2024-11-21 12:49:10,164 root INFO Activating Elasticsearch....
2024-11-21 12:49:10,165 root INFO Elastic Search Credentials: {'hostname': 'localhost', 'index_name': 'scifact', 'keys': {'title': 'title', 'body': 'txt'}, 'timeout': 100, 'retry_on_timeout': True, 'maxsize': 24, 'number_of_shards': 1, 'language': 'english'}
2024-11-21 12:49:10,165 root INFO Deleting previous Elasticsearch-Index named - scifact
2024-11-21 12:49:12,358 root INFO Creating fresh Elasticsearch-Index named - scifact
2024-11-21 12:49:26,930 root INFO Starting To Rerank Top-100....
2024-11-21 12:57:17,334 root INFO Activating Elasticsearch....
2024-11-21 12:57:17,334 root INFO Elastic Search Credentials: {'hostname': 'localhost', 'index_name': 'scifact', 'keys': {'title': 'title', 'body': 'txt'}, 'timeout': 100, 'retry_on_timeout': True, 'maxsize': 24, 'number_of_shards': 'default', 'language': 'english'}
2024-11-21 12:57:17,335 root INFO Deleting previous Elasticsearch-Index named - scifact
2024-11-21 12:57:19,590 root INFO Creating fresh Elasticsearch-Index named - scifact
2024-11-21 12:57:26,867 root INFO Starting To Rerank Top-100....
2024-11-21 13:12:02,393 root INFO Activating Elasticsearch....
2024-11-21 13:12:02,394 root INFO Elastic Search Credentials: {'hostname': 'localhost', 'index_name': 'scifact', 'keys': {'title': 'title', 'body': 'txt'}, 'timeout': 100, 'retry_on_timeout': True, 'maxsize': 24, 'number_of_shards': 1, 'language': 'english'}
2024-11-21 13:12:02,394 root INFO Deleting previous Elasticsearch-Index named - scifact
2024-11-21 13:12:04,615 root INFO Creating fresh Elasticsearch-Index named - scifact
2024-11-21 13:12:18,863 root INFO Starting To Rerank Top-100....
2024-11-21 13:20:08,575 root INFO Activating Elasticsearch....
2024-11-21 13:20:08,576 root INFO Elastic Search Credentials: {'hostname': 'localhost', 'index_name': 'scifact', 'keys': {'title': 'title', 'body': 'txt'}, 'timeout': 100, 'retry_on_timeout': True, 'maxsize': 24, 'number_of_shards': 'default', 'language': 'english'}
2024-11-21 13:20:08,577 root INFO Deleting previous Elasticsearch-Index named - scifact
2024-11-21 13:20:10,801 root INFO Creating fresh Elasticsearch-Index named - scifact
2024-11-21 13:20:18,363 root INFO Starting To Rerank Top-100....
2024-11-21 13:34:53,977 root INFO Activating Elasticsearch....
2024-11-21 13:34:53,977 root INFO Elastic Search Credentials: {'hostname': 'localhost', 'index_name': 'scifact', 'keys': {'title': 'title', 'body': 'txt'}, 'timeout': 100, 'retry_on_timeout': True, 'maxsize': 24, 'number_of_shards': 1, 'language': 'english'}
2024-11-21 13:34:53,978 root INFO Deleting previous Elasticsearch-Index named - scifact
2024-11-21 13:34:56,209 root INFO Creating fresh Elasticsearch-Index named - scifact
2024-11-21 13:35:11,728 root INFO Starting To Rerank Top-100....
2024-11-21 13:43:02,154 root INFO Activating Elasticsearch....
2024-11-21 13:43:02,154 root INFO Elastic Search Credentials: {'hostname': 'localhost', 'index_name': 'scifact', 'keys': {'title': 'title', 'body': 'txt'}, 'timeout': 100, 'retry_on_timeout': True, 'maxsize': 24, 'number_of_shards': 'default', 'language': 'english'}
2024-11-21 13:43:02,155 root INFO Deleting previous Elasticsearch-Index named - scifact
2024-11-21 13:43:04,373 root INFO Creating fresh Elasticsearch-Index named - scifact
2024-11-21 13:43:11,941 root INFO Starting To Rerank Top-100....
2024-11-21 13:57:48,410 root INFO Activating Elasticsearch....
2024-11-21 13:57:48,411 root INFO Elastic Search Credentials: {'hostname': 'localhost', 'index_name': 'scifact', 'keys': {'title': 'title', 'body': 'txt'}, 'timeout': 100, 'retry_on_timeout': True, 'maxsize': 24, 'number_of_shards': 1, 'language': 'english'}
2024-11-21 13:57:48,411 root INFO Deleting previous Elasticsearch-Index named - scifact
2024-11-21 13:57:50,616 root INFO Creating fresh Elasticsearch-Index named - scifact
2024-11-21 13:58:05,852 root INFO Starting To Rerank Top-100....
2024-11-21 14:05:51,559 root INFO Activating Elasticsearch....
2024-11-21 14:05:51,559 root INFO Elastic Search Credentials: {'hostname': 'localhost', 'index_name': 'scifact', 'keys': {'title': 'title', 'body': 'txt'}, 'timeout': 100, 'retry_on_timeout': True, 'maxsize': 24, 'number_of_shards': 'default', 'language': 'english'}
2024-11-21 14:05:51,559 root INFO Deleting previous Elasticsearch-Index named - scifact
2024-11-21 14:05:53,821 root INFO Creating fresh Elasticsearch-Index named - scifact
2024-11-21 14:06:01,328 root INFO Starting To Rerank Top-100....
2024-11-21 14:20:29,476 root INFO Activating Elasticsearch....
2024-11-21 14:20:29,477 root INFO Elastic Search Credentials: {'hostname': 'localhost', 'index_name': 'scifact', 'keys': {'title': 'title', 'body': 'txt'}, 'timeout': 100, 'retry_on_timeout': True, 'maxsize': 24, 'number_of_shards': 1, 'language': 'english'}
2024-11-21 14:20:29,477 root INFO Deleting previous Elasticsearch-Index named - scifact
2024-11-21 14:20:31,716 root INFO Creating fresh Elasticsearch-Index named - scifact
2024-11-21 14:20:45,876 root INFO Starting To Rerank Top-100....
2024-11-21 14:28:32,332 root INFO Activating Elasticsearch....
2024-11-21 14:28:32,333 root INFO Elastic Search Credentials: {'hostname': 'localhost', 'index_name': 'scifact', 'keys': {'title': 'title', 'body': 'txt'}, 'timeout': 100, 'retry_on_timeout': True, 'maxsize': 24, 'number_of_shards': 'default', 'language': 'english'}
2024-11-21 14:28:32,333 root INFO Deleting previous Elasticsearch-Index named - scifact
2024-11-21 14:28:34,556 root INFO Creating fresh Elasticsearch-Index named - scifact
2024-11-21 14:28:42,68 root INFO Starting To Rerank Top-100....
2024-11-21 14:43:13,286 root INFO Activating Elasticsearch....
2024-11-21 14:43:13,286 root INFO Elastic Search Credentials: {'hostname': 'localhost', 'index_name': 'scifact', 'keys': {'title': 'title', 'body': 'txt'}, 'timeout': 100, 'retry_on_timeout': True, 'maxsize': 24, 'number_of_shards': 1, 'language': 'english'}
2024-11-21 14:43:13,287 root INFO Deleting previous Elasticsearch-Index named - scifact
2024-11-21 14:43:15,515 root INFO Creating fresh Elasticsearch-Index named - scifact
2024-11-21 14:43:21,615 root INFO Starting To Rerank Top-100....
2024-11-21 14:51:06,937 root INFO Activating Elasticsearch....
2024-11-21 14:51:06,938 root INFO Elastic Search Credentials: {'hostname': 'localhost', 'index_name': 'scifact', 'keys': {'title': 'title', 'body': 'txt'}, 'timeout': 100, 'retry_on_timeout': True, 'maxsize': 24, 'number_of_shards': 'default', 'language': 'english'}
2024-11-21 14:51:06,938 root INFO Deleting previous Elasticsearch-Index named - scifact
2024-11-21 14:51:09,129 root INFO Creating fresh Elasticsearch-Index named - scifact
2024-11-21 14:51:16,534 root INFO Starting To Rerank Top-100....
2024-11-21 15:05:45,921 main INFO 
#    Model                      P@1       NDCG@3    NDCG@10        Recall@100  MAP@100
---  -------------------------  --------  --------  -----------  ------------  ---------
a    BM25 + T5-sum-lambda-0     0.640ᵐⁿᵒ  0.706ᵐⁿᵒ  0.743ᵐⁿᵒ            0.919  0.709ᵐⁿᵒ
b    BM25 + T5-sum-lambda-0.1   0.640ᵐⁿᵒ  0.707ᵐⁿᵒ  0.747ᵐⁿᵒ            0.919  0.710ᵐⁿᵒ
c    BM25 + T5-sum-lambda-0.2   0.647ᵐⁿᵒ  0.709ᵐⁿᵒ  0.749ˡᵐⁿᵒ           0.919  0.713ᵐⁿᵒ
d    BM25 + T5-sum-lambda-0.3   0.653ᵐⁿᵒ  0.715ᵐⁿᵒ  0.751ᵏˡᵐⁿᵒ          0.919  0.718ᵐⁿᵒ
e    BM25 + T5-sum-lambda-0.35  0.657ᵐⁿᵒ  0.715ᵐⁿᵒ  0.753ᵏˡᵐⁿᵒ          0.919  0.718ᵐⁿᵒ
f    BM25 + T5-sum-lambda-0.4   0.653ᵐⁿᵒ  0.712ᵐⁿᵒ  0.753ᵏˡᵐⁿᵒ          0.919  0.717ᵐⁿᵒ
g    BM25 + T5-sum-lambda-0.5   0.657ᵐⁿᵒ  0.709ᵐⁿᵒ  0.753ʲᵏˡᵐⁿᵒ         0.919  0.716ᵐⁿᵒ
h    BM25 + T5-sum-lambda-0.6   0.643ᵐⁿᵒ  0.707ᵐⁿᵒ  0.744ˡᵐⁿᵒ           0.919  0.711ᵐⁿᵒ
i    BM25 + T5-sum-lambda-0.7   0.637ᵐⁿᵒ  0.704ᵐⁿᵒ  0.742ᵐⁿᵒ            0.919  0.707ᵐⁿᵒ
j    BM25 + T5-sum-lambda-0.8   0.643ᵐⁿᵒ  0.705ᵐⁿᵒ  0.736ᵐⁿᵒ            0.919  0.706ᵐⁿᵒ
k    BM25 + T5-sum-lambda-0.9   0.637ᵐⁿᵒ  0.699ᵐⁿᵒ  0.727               0.919  0.699ᵐⁿᵒ
l    BM25 + T5-sum-lambda-1     0.623     0.688ᵐⁿᵒ  0.721               0.919  0.692ᵐⁿᵒ
m    BM25 + T5-sum-lambda-1.5   0.577     0.637     0.691               0.919  0.649
n    BM25 + Sci-T5              0.577     0.637     0.691               0.919  0.649
o    BM25                       0.577     0.637     0.691               0.919  0.649
2024-11-21 15:05:45,923 beir.datasets.data_loader INFO Loading Corpus...
2024-11-21 15:05:46,64 beir.datasets.data_loader INFO Loaded 3633 DEV Documents.
2024-11-21 15:05:46,64 beir.datasets.data_loader INFO Doc Example: {'text': 'Recent studies have suggested that statins, an established drug group in the prevention of cardiovascular mortality, could delay or prevent breast cancer recurrence but the effect on disease-specific mortality remains unclear. We evaluated risk of breast cancer death among statin users in a population-based cohort of breast cancer patients. The study cohort included all newly diagnosed breast cancer patients in Finland during 1995–2003 (31,236 cases), identified from the Finnish Cancer Registry. Information on statin use before and after the diagnosis was obtained from a national prescription database. We used the Cox proportional hazards regression method to estimate mortality among statin users with statin use as time-dependent variable. A total of 4,151 participants had used statins. During the median follow-up of 3.25 years after the diagnosis (range 0.08–9.0 years) 6,011 participants died, of which 3,619 (60.2%) was due to breast cancer. After adjustment for age, tumor characteristics, and treatment selection, both post-diagnostic and pre-diagnostic statin use were associated with lowered risk of breast cancer death (HR 0.46, 95% CI 0.38–0.55 and HR 0.54, 95% CI 0.44–0.67, respectively). The risk decrease by post-diagnostic statin use was likely affected by healthy adherer bias; that is, the greater likelihood of dying cancer patients to discontinue statin use as the association was not clearly dose-dependent and observed already at low-dose/short-term use. The dose- and time-dependence of the survival benefit among pre-diagnostic statin users suggests a possible causal effect that should be evaluated further in a clinical trial testing statins’ effect on survival in breast cancer patients.', 'title': 'Statin Use and Breast Cancer Survival: A Nationwide Cohort Study from Finland'}
2024-11-21 15:05:46,64 beir.datasets.data_loader INFO Loading Queries...
2024-11-21 15:05:46,103 beir.datasets.data_loader INFO Loaded 324 DEV Queries.
2024-11-21 15:05:46,103 beir.datasets.data_loader INFO Query Example: Why Deep Fried Foods May Cause Cancer
2024-11-21 15:05:46,105 beir.datasets.data_loader INFO Loading Corpus...
2024-11-21 15:05:46,136 beir.datasets.data_loader INFO Loaded 3633 TEST Documents.
2024-11-21 15:05:46,136 beir.datasets.data_loader INFO Doc Example: {'text': 'Recent studies have suggested that statins, an established drug group in the prevention of cardiovascular mortality, could delay or prevent breast cancer recurrence but the effect on disease-specific mortality remains unclear. We evaluated risk of breast cancer death among statin users in a population-based cohort of breast cancer patients. The study cohort included all newly diagnosed breast cancer patients in Finland during 1995–2003 (31,236 cases), identified from the Finnish Cancer Registry. Information on statin use before and after the diagnosis was obtained from a national prescription database. We used the Cox proportional hazards regression method to estimate mortality among statin users with statin use as time-dependent variable. A total of 4,151 participants had used statins. During the median follow-up of 3.25 years after the diagnosis (range 0.08–9.0 years) 6,011 participants died, of which 3,619 (60.2%) was due to breast cancer. After adjustment for age, tumor characteristics, and treatment selection, both post-diagnostic and pre-diagnostic statin use were associated with lowered risk of breast cancer death (HR 0.46, 95% CI 0.38–0.55 and HR 0.54, 95% CI 0.44–0.67, respectively). The risk decrease by post-diagnostic statin use was likely affected by healthy adherer bias; that is, the greater likelihood of dying cancer patients to discontinue statin use as the association was not clearly dose-dependent and observed already at low-dose/short-term use. The dose- and time-dependence of the survival benefit among pre-diagnostic statin users suggests a possible causal effect that should be evaluated further in a clinical trial testing statins’ effect on survival in breast cancer patients.', 'title': 'Statin Use and Breast Cancer Survival: A Nationwide Cohort Study from Finland'}
2024-11-21 15:05:46,136 beir.datasets.data_loader INFO Loading Queries...
2024-11-21 15:05:46,160 beir.datasets.data_loader INFO Loaded 323 TEST Queries.
2024-11-21 15:05:46,160 beir.datasets.data_loader INFO Query Example: Do Cholesterol Statin Drugs Cause Breast Cancer?
2024-11-21 15:05:46,290 root INFO Activating Elasticsearch....
2024-11-21 15:05:46,290 root INFO Elastic Search Credentials: {'hostname': 'localhost', 'index_name': 'nfcorpus', 'keys': {'title': 'title', 'body': 'txt'}, 'timeout': 100, 'retry_on_timeout': True, 'maxsize': 24, 'number_of_shards': 1, 'language': 'english'}
2024-11-21 15:05:46,291 root INFO Deleting previous Elasticsearch-Index named - nfcorpus
2024-11-21 15:05:48,505 root INFO Creating fresh Elasticsearch-Index named - nfcorpus
2024-11-21 15:06:03,232 root INFO Starting To Rerank Top-100....
2024-11-21 15:16:28,369 root INFO Activating Elasticsearch....
2024-11-21 15:16:28,369 root INFO Elastic Search Credentials: {'hostname': 'localhost', 'index_name': 'nfcorpus', 'keys': {'title': 'title', 'body': 'txt'}, 'timeout': 100, 'retry_on_timeout': True, 'maxsize': 24, 'number_of_shards': 'default', 'language': 'english'}
2024-11-21 15:16:28,369 root INFO Deleting previous Elasticsearch-Index named - nfcorpus
2024-11-21 15:16:30,559 root INFO Creating fresh Elasticsearch-Index named - nfcorpus
2024-11-21 15:16:36,476 root INFO Starting To Rerank Top-100....
2024-11-21 15:27:12,767 root INFO Activating Elasticsearch....
2024-11-21 15:27:12,767 root INFO Elastic Search Credentials: {'hostname': 'localhost', 'index_name': 'nfcorpus', 'keys': {'title': 'title', 'body': 'txt'}, 'timeout': 100, 'retry_on_timeout': True, 'maxsize': 24, 'number_of_shards': 1, 'language': 'english'}
2024-11-21 15:27:12,768 root INFO Deleting previous Elasticsearch-Index named - nfcorpus
2024-11-21 15:27:14,999 root INFO Creating fresh Elasticsearch-Index named - nfcorpus
2024-11-21 15:27:29,729 root INFO Starting To Rerank Top-100....
2024-11-21 15:37:59,755 root INFO Activating Elasticsearch....
2024-11-21 15:37:59,756 root INFO Elastic Search Credentials: {'hostname': 'localhost', 'index_name': 'nfcorpus', 'keys': {'title': 'title', 'body': 'txt'}, 'timeout': 100, 'retry_on_timeout': True, 'maxsize': 24, 'number_of_shards': 'default', 'language': 'english'}
2024-11-21 15:37:59,756 root INFO Deleting previous Elasticsearch-Index named - nfcorpus
2024-11-21 15:38:01,944 root INFO Creating fresh Elasticsearch-Index named - nfcorpus
2024-11-21 15:38:07,942 root INFO Starting To Rerank Top-100....
2024-11-21 15:48:50,987 root INFO Activating Elasticsearch....
2024-11-21 15:48:50,987 root INFO Elastic Search Credentials: {'hostname': 'localhost', 'index_name': 'nfcorpus', 'keys': {'title': 'title', 'body': 'txt'}, 'timeout': 100, 'retry_on_timeout': True, 'maxsize': 24, 'number_of_shards': 1, 'language': 'english'}
2024-11-21 15:48:50,987 root INFO Deleting previous Elasticsearch-Index named - nfcorpus
2024-11-21 15:48:53,184 root INFO Creating fresh Elasticsearch-Index named - nfcorpus
2024-11-21 15:49:07,659 root INFO Starting To Rerank Top-100....
2024-11-21 15:59:37,665 root INFO Activating Elasticsearch....
2024-11-21 15:59:37,665 root INFO Elastic Search Credentials: {'hostname': 'localhost', 'index_name': 'nfcorpus', 'keys': {'title': 'title', 'body': 'txt'}, 'timeout': 100, 'retry_on_timeout': True, 'maxsize': 24, 'number_of_shards': 'default', 'language': 'english'}
2024-11-21 15:59:37,665 root INFO Deleting previous Elasticsearch-Index named - nfcorpus
2024-11-21 15:59:39,864 root INFO Creating fresh Elasticsearch-Index named - nfcorpus
2024-11-21 15:59:45,397 root INFO Starting To Rerank Top-100....
2024-11-21 16:10:29,57 root INFO Activating Elasticsearch....
2024-11-21 16:10:29,57 root INFO Elastic Search Credentials: {'hostname': 'localhost', 'index_name': 'nfcorpus', 'keys': {'title': 'title', 'body': 'txt'}, 'timeout': 100, 'retry_on_timeout': True, 'maxsize': 24, 'number_of_shards': 1, 'language': 'english'}
2024-11-21 16:10:29,58 root INFO Deleting previous Elasticsearch-Index named - nfcorpus
2024-11-21 16:10:31,284 root INFO Creating fresh Elasticsearch-Index named - nfcorpus
2024-11-21 16:10:46,249 root INFO Starting To Rerank Top-100....
2024-11-21 16:21:16,870 root INFO Activating Elasticsearch....
2024-11-21 16:21:16,870 root INFO Elastic Search Credentials: {'hostname': 'localhost', 'index_name': 'nfcorpus', 'keys': {'title': 'title', 'body': 'txt'}, 'timeout': 100, 'retry_on_timeout': True, 'maxsize': 24, 'number_of_shards': 'default', 'language': 'english'}
2024-11-21 16:21:16,871 root INFO Deleting previous Elasticsearch-Index named - nfcorpus
2024-11-21 16:21:19,91 root INFO Creating fresh Elasticsearch-Index named - nfcorpus
2024-11-21 16:21:24,590 root INFO Starting To Rerank Top-100....
2024-11-21 16:32:07,902 root INFO Activating Elasticsearch....
2024-11-21 16:32:07,902 root INFO Elastic Search Credentials: {'hostname': 'localhost', 'index_name': 'nfcorpus', 'keys': {'title': 'title', 'body': 'txt'}, 'timeout': 100, 'retry_on_timeout': True, 'maxsize': 24, 'number_of_shards': 1, 'language': 'english'}
2024-11-21 16:32:07,902 root INFO Deleting previous Elasticsearch-Index named - nfcorpus
2024-11-21 16:32:10,128 root INFO Creating fresh Elasticsearch-Index named - nfcorpus
2024-11-21 16:32:25,261 root INFO Starting To Rerank Top-100....
2024-11-21 16:42:55,714 root INFO Activating Elasticsearch....
2024-11-21 16:42:55,714 root INFO Elastic Search Credentials: {'hostname': 'localhost', 'index_name': 'nfcorpus', 'keys': {'title': 'title', 'body': 'txt'}, 'timeout': 100, 'retry_on_timeout': True, 'maxsize': 24, 'number_of_shards': 'default', 'language': 'english'}
2024-11-21 16:42:55,714 root INFO Deleting previous Elasticsearch-Index named - nfcorpus
2024-11-21 16:42:57,933 root INFO Creating fresh Elasticsearch-Index named - nfcorpus
2024-11-21 16:43:03,654 root INFO Starting To Rerank Top-100....
2024-11-21 16:53:46,852 root INFO Activating Elasticsearch....
2024-11-21 16:53:46,853 root INFO Elastic Search Credentials: {'hostname': 'localhost', 'index_name': 'nfcorpus', 'keys': {'title': 'title', 'body': 'txt'}, 'timeout': 100, 'retry_on_timeout': True, 'maxsize': 24, 'number_of_shards': 1, 'language': 'english'}
2024-11-21 16:53:46,853 root INFO Deleting previous Elasticsearch-Index named - nfcorpus
2024-11-21 16:53:49,88 root INFO Creating fresh Elasticsearch-Index named - nfcorpus
2024-11-21 16:54:04,451 root INFO Starting To Rerank Top-100....
2024-11-21 17:04:35,606 root INFO Activating Elasticsearch....
2024-11-21 17:04:35,606 root INFO Elastic Search Credentials: {'hostname': 'localhost', 'index_name': 'nfcorpus', 'keys': {'title': 'title', 'body': 'txt'}, 'timeout': 100, 'retry_on_timeout': True, 'maxsize': 24, 'number_of_shards': 'default', 'language': 'english'}
2024-11-21 17:04:35,606 root INFO Deleting previous Elasticsearch-Index named - nfcorpus
2024-11-21 17:04:37,826 root INFO Creating fresh Elasticsearch-Index named - nfcorpus
2024-11-21 17:04:43,551 root INFO Starting To Rerank Top-100....
2024-11-21 17:15:27,318 root INFO Activating Elasticsearch....
2024-11-21 17:15:27,318 root INFO Elastic Search Credentials: {'hostname': 'localhost', 'index_name': 'nfcorpus', 'keys': {'title': 'title', 'body': 'txt'}, 'timeout': 100, 'retry_on_timeout': True, 'maxsize': 24, 'number_of_shards': 1, 'language': 'english'}
2024-11-21 17:15:27,319 root INFO Deleting previous Elasticsearch-Index named - nfcorpus
2024-11-21 17:15:29,564 root INFO Creating fresh Elasticsearch-Index named - nfcorpus
2024-11-21 17:15:44,551 root INFO Starting To Rerank Top-100....
2024-11-21 17:26:10,231 root INFO Activating Elasticsearch....
2024-11-21 17:26:10,231 root INFO Elastic Search Credentials: {'hostname': 'localhost', 'index_name': 'nfcorpus', 'keys': {'title': 'title', 'body': 'txt'}, 'timeout': 100, 'retry_on_timeout': True, 'maxsize': 24, 'number_of_shards': 'default', 'language': 'english'}
2024-11-21 17:26:10,232 root INFO Deleting previous Elasticsearch-Index named - nfcorpus
2024-11-21 17:26:12,416 root INFO Creating fresh Elasticsearch-Index named - nfcorpus
2024-11-21 17:26:18,62 root INFO Starting To Rerank Top-100....
2024-11-21 17:36:56,226 root INFO Activating Elasticsearch....
2024-11-21 17:36:56,226 root INFO Elastic Search Credentials: {'hostname': 'localhost', 'index_name': 'nfcorpus', 'keys': {'title': 'title', 'body': 'txt'}, 'timeout': 100, 'retry_on_timeout': True, 'maxsize': 24, 'number_of_shards': 1, 'language': 'english'}
2024-11-21 17:36:56,227 root INFO Deleting previous Elasticsearch-Index named - nfcorpus
2024-11-21 17:36:58,455 root INFO Creating fresh Elasticsearch-Index named - nfcorpus
2024-11-21 17:37:13,134 root INFO Starting To Rerank Top-100....
2024-11-21 17:47:43,539 root INFO Activating Elasticsearch....
2024-11-21 17:47:43,540 root INFO Elastic Search Credentials: {'hostname': 'localhost', 'index_name': 'nfcorpus', 'keys': {'title': 'title', 'body': 'txt'}, 'timeout': 100, 'retry_on_timeout': True, 'maxsize': 24, 'number_of_shards': 'default', 'language': 'english'}
2024-11-21 17:47:43,540 root INFO Deleting previous Elasticsearch-Index named - nfcorpus
2024-11-21 17:47:45,759 root INFO Creating fresh Elasticsearch-Index named - nfcorpus
2024-11-21 17:47:51,557 root INFO Starting To Rerank Top-100....
2024-11-21 17:58:35,262 root INFO Activating Elasticsearch....
2024-11-21 17:58:35,262 root INFO Elastic Search Credentials: {'hostname': 'localhost', 'index_name': 'nfcorpus', 'keys': {'title': 'title', 'body': 'txt'}, 'timeout': 100, 'retry_on_timeout': True, 'maxsize': 24, 'number_of_shards': 1, 'language': 'english'}
2024-11-21 17:58:35,263 root INFO Deleting previous Elasticsearch-Index named - nfcorpus
2024-11-21 17:58:37,465 root INFO Creating fresh Elasticsearch-Index named - nfcorpus
2024-11-21 17:58:52,692 root INFO Starting To Rerank Top-100....
2024-11-21 18:09:23,715 root INFO Activating Elasticsearch....
2024-11-21 18:09:23,715 root INFO Elastic Search Credentials: {'hostname': 'localhost', 'index_name': 'nfcorpus', 'keys': {'title': 'title', 'body': 'txt'}, 'timeout': 100, 'retry_on_timeout': True, 'maxsize': 24, 'number_of_shards': 'default', 'language': 'english'}
2024-11-21 18:09:23,716 root INFO Deleting previous Elasticsearch-Index named - nfcorpus
2024-11-21 18:09:25,937 root INFO Creating fresh Elasticsearch-Index named - nfcorpus
2024-11-21 18:09:31,445 root INFO Starting To Rerank Top-100....
2024-11-21 18:20:15,297 root INFO Activating Elasticsearch....
2024-11-21 18:20:15,297 root INFO Elastic Search Credentials: {'hostname': 'localhost', 'index_name': 'nfcorpus', 'keys': {'title': 'title', 'body': 'txt'}, 'timeout': 100, 'retry_on_timeout': True, 'maxsize': 24, 'number_of_shards': 1, 'language': 'english'}
2024-11-21 18:20:15,298 root INFO Deleting previous Elasticsearch-Index named - nfcorpus
2024-11-21 18:20:17,518 root INFO Creating fresh Elasticsearch-Index named - nfcorpus
2024-11-21 18:20:31,869 root INFO Starting To Rerank Top-100....
2024-11-21 18:31:03,127 root INFO Activating Elasticsearch....
2024-11-21 18:31:03,128 root INFO Elastic Search Credentials: {'hostname': 'localhost', 'index_name': 'nfcorpus', 'keys': {'title': 'title', 'body': 'txt'}, 'timeout': 100, 'retry_on_timeout': True, 'maxsize': 24, 'number_of_shards': 'default', 'language': 'english'}
2024-11-21 18:31:03,128 root INFO Deleting previous Elasticsearch-Index named - nfcorpus
2024-11-21 18:31:05,340 root INFO Creating fresh Elasticsearch-Index named - nfcorpus
2024-11-21 18:31:10,979 root INFO Starting To Rerank Top-100....
2024-11-21 18:41:54,396 root INFO Activating Elasticsearch....
2024-11-21 18:41:54,396 root INFO Elastic Search Credentials: {'hostname': 'localhost', 'index_name': 'nfcorpus', 'keys': {'title': 'title', 'body': 'txt'}, 'timeout': 100, 'retry_on_timeout': True, 'maxsize': 24, 'number_of_shards': 1, 'language': 'english'}
2024-11-21 18:41:54,397 root INFO Deleting previous Elasticsearch-Index named - nfcorpus
2024-11-21 18:41:56,578 root INFO Creating fresh Elasticsearch-Index named - nfcorpus
2024-11-21 18:42:11,566 root INFO Starting To Rerank Top-100....
2024-11-21 18:52:42,689 root INFO Activating Elasticsearch....
2024-11-21 18:52:42,689 root INFO Elastic Search Credentials: {'hostname': 'localhost', 'index_name': 'nfcorpus', 'keys': {'title': 'title', 'body': 'txt'}, 'timeout': 100, 'retry_on_timeout': True, 'maxsize': 24, 'number_of_shards': 'default', 'language': 'english'}
2024-11-21 18:52:42,689 root INFO Deleting previous Elasticsearch-Index named - nfcorpus
2024-11-21 18:52:44,884 root INFO Creating fresh Elasticsearch-Index named - nfcorpus
2024-11-21 18:52:50,513 root INFO Starting To Rerank Top-100....
2024-11-21 19:03:34,37 root INFO Activating Elasticsearch....
2024-11-21 19:03:34,37 root INFO Elastic Search Credentials: {'hostname': 'localhost', 'index_name': 'nfcorpus', 'keys': {'title': 'title', 'body': 'txt'}, 'timeout': 100, 'retry_on_timeout': True, 'maxsize': 24, 'number_of_shards': 1, 'language': 'english'}
2024-11-21 19:03:34,37 root INFO Deleting previous Elasticsearch-Index named - nfcorpus
2024-11-21 19:03:36,230 root INFO Creating fresh Elasticsearch-Index named - nfcorpus
2024-11-21 19:03:51,147 root INFO Starting To Rerank Top-100....
2024-11-21 19:14:16,790 root INFO Activating Elasticsearch....
2024-11-21 19:14:16,791 root INFO Elastic Search Credentials: {'hostname': 'localhost', 'index_name': 'nfcorpus', 'keys': {'title': 'title', 'body': 'txt'}, 'timeout': 100, 'retry_on_timeout': True, 'maxsize': 24, 'number_of_shards': 'default', 'language': 'english'}
2024-11-21 19:14:16,791 root INFO Deleting previous Elasticsearch-Index named - nfcorpus
2024-11-21 19:14:18,980 root INFO Creating fresh Elasticsearch-Index named - nfcorpus
2024-11-21 19:14:24,640 root INFO Starting To Rerank Top-100....
2024-11-21 19:25:03,771 root INFO Activating Elasticsearch....
2024-11-21 19:25:03,771 root INFO Elastic Search Credentials: {'hostname': 'localhost', 'index_name': 'nfcorpus', 'keys': {'title': 'title', 'body': 'txt'}, 'timeout': 100, 'retry_on_timeout': True, 'maxsize': 24, 'number_of_shards': 1, 'language': 'english'}
2024-11-21 19:25:03,772 root INFO Deleting previous Elasticsearch-Index named - nfcorpus
2024-11-21 19:25:05,984 root INFO Creating fresh Elasticsearch-Index named - nfcorpus
2024-11-21 19:25:21,278 root INFO Starting To Rerank Top-100....
2024-11-21 19:35:47,253 root INFO Activating Elasticsearch....
2024-11-21 19:35:47,253 root INFO Elastic Search Credentials: {'hostname': 'localhost', 'index_name': 'nfcorpus', 'keys': {'title': 'title', 'body': 'txt'}, 'timeout': 100, 'retry_on_timeout': True, 'maxsize': 24, 'number_of_shards': 'default', 'language': 'english'}
2024-11-21 19:35:47,254 root INFO Deleting previous Elasticsearch-Index named - nfcorpus
2024-11-21 19:35:49,472 root INFO Creating fresh Elasticsearch-Index named - nfcorpus
2024-11-21 19:35:55,79 root INFO Starting To Rerank Top-100....
2024-11-21 19:46:36,783 root INFO Activating Elasticsearch....
2024-11-21 19:46:36,783 root INFO Elastic Search Credentials: {'hostname': 'localhost', 'index_name': 'nfcorpus', 'keys': {'title': 'title', 'body': 'txt'}, 'timeout': 100, 'retry_on_timeout': True, 'maxsize': 24, 'number_of_shards': 1, 'language': 'english'}
2024-11-21 19:46:36,783 root INFO Deleting previous Elasticsearch-Index named - nfcorpus
2024-11-21 19:46:38,961 root INFO Creating fresh Elasticsearch-Index named - nfcorpus
2024-11-21 19:46:44,341 root INFO Starting To Rerank Top-100....
2024-11-21 19:57:09,976 root INFO Activating Elasticsearch....
2024-11-21 19:57:09,977 root INFO Elastic Search Credentials: {'hostname': 'localhost', 'index_name': 'nfcorpus', 'keys': {'title': 'title', 'body': 'txt'}, 'timeout': 100, 'retry_on_timeout': True, 'maxsize': 24, 'number_of_shards': 'default', 'language': 'english'}
2024-11-21 19:57:09,977 root INFO Deleting previous Elasticsearch-Index named - nfcorpus
2024-11-21 19:57:12,124 root INFO Creating fresh Elasticsearch-Index named - nfcorpus
2024-11-21 19:57:18,118 root INFO Starting To Rerank Top-100....
2024-11-21 20:07:57,896 main INFO 
#    Model                        P@1  NDCG@3     NDCG@10             Recall@100  MAP@100
---  -------------------------  -----  ---------  ----------------  ------------  ----------
a    BM25 + T5-sum-lambda-0     0.494  0.431ᵐⁿᵒ   0.368ᵇᶜᵈᵉᶦʲᵏˡᵐⁿᵒ          0.26  0.167ᵐⁿᵒ
b    BM25 + T5-sum-lambda-0.1   0.481  0.422ᵐⁿᵒ   0.360ᵐⁿᵒ                  0.26  0.163ᵐⁿᵒ
c    BM25 + T5-sum-lambda-0.2   0.481  0.423ᵐⁿᵒ   0.361ᵐⁿᵒ                  0.26  0.163ᵐⁿᵒ
d    BM25 + T5-sum-lambda-0.3   0.484  0.425ᵐⁿᵒ   0.361ᵐⁿᵒ                  0.26  0.163ᵇᵐⁿᵒ
e    BM25 + T5-sum-lambda-0.35  0.484  0.426ᵐⁿᵒ   0.362ˡᵐⁿᵒ                 0.26  0.164ᵇʲᵐⁿᵒ
f    BM25 + T5-sum-lambda-0.4   0.484  0.428ᵐⁿᵒ   0.362ˡᵐⁿᵒ                 0.26  0.164ᵇʲᵐⁿᵒ
g    BM25 + T5-sum-lambda-0.5   0.487  0.428ˡᵐⁿᵒ  0.362ˡᵐⁿᵒ                 0.26  0.164ᵇʲᵐⁿᵒ
h    BM25 + T5-sum-lambda-0.6   0.487  0.428ˡᵐⁿᵒ  0.362ˡᵐⁿᵒ                 0.26  0.164ʲᵐⁿᵒ
i    BM25 + T5-sum-lambda-0.7   0.49   0.425ᵐⁿᵒ   0.361ˡᵐⁿᵒ                 0.26  0.163ʲᵐⁿᵒ
j    BM25 + T5-sum-lambda-0.8   0.487  0.424ᵐⁿᵒ   0.359ᵐⁿᵒ                  0.26  0.162ᵐⁿᵒ
k    BM25 + T5-sum-lambda-0.9   0.484  0.423ᵐⁿᵒ   0.359ˡᵐⁿᵒ                 0.26  0.162ˡᵐⁿᵒ
l    BM25 + T5-sum-lambda-1     0.481  0.420ᵐⁿᵒ   0.356ᵐⁿᵒ                  0.26  0.161ᵐⁿᵒ
m    BM25 + T5-sum-lambda-1.5   0.468  0.403      0.346                     0.26  0.155
n    BM25 + Sci-T5              0.471  0.404      0.343                     0.26  0.154
o    BM25                       0.471  0.404      0.343                     0.26  0.154
