2024-11-29 14:50:25,935 beir.util INFO Downloading germanquad.zip ...
2024-11-29 14:53:28,830 beir.util INFO Unzipping germanquad.zip ...
2024-11-29 14:53:47,17 beir.datasets.data_loader INFO Loading Corpus...
2024-11-29 14:54:13,404 beir.datasets.data_loader INFO Loaded 2800349 TEST Documents.
2024-11-29 14:54:13,503 beir.datasets.data_loader INFO Doc Example: {'text': 'Kondensator Elektrotechnik ==== Metallpapierkondensatoren ==== Metallpapierkondensatoren (MP-Kondensatoren) bestehen aus je zwei mit Aluminium metallisierten Papierstreifen (Isolierpapier), die mit einer weiteren Papierfolie zu einem Wickel aufgerollt und in einem Becher eingebaut werden. Der Wickel wird mit einem Isolieröl imprägniert, wodurch die Spannungsfestigkeit erhöht und der Verlustfaktor verringert wird. MP-Kondensatoren finden vor allem als Leistungskondensatoren im Bereich der Leistungselektronik und für Netzanwendung als Entstörkondensator Verwendung. Sie sind auf Grund der metallisierten Beläge, wie vergleichbare Kunststoff-Folienkondensatoren, selbstheilend.', 'title': 'Kondensator Elektrotechnik'}
2024-11-29 14:54:13,503 beir.datasets.data_loader INFO Loading Queries...
2024-11-29 14:54:13,509 beir.datasets.data_loader INFO Loaded 2044 TEST Queries.
2024-11-29 14:54:13,509 beir.datasets.data_loader INFO Query Example: Was kann den Verschleiß des seillosen Aufzuges minimieren?
2024-11-29 15:00:14,609 beir.datasets.data_loader INFO Loading Corpus...
2024-11-29 15:00:40,860 beir.datasets.data_loader INFO Loaded 2800349 TEST Documents.
2024-11-29 15:00:40,956 beir.datasets.data_loader INFO Doc Example: {'text': 'Kondensator Elektrotechnik ==== Metallpapierkondensatoren ==== Metallpapierkondensatoren (MP-Kondensatoren) bestehen aus je zwei mit Aluminium metallisierten Papierstreifen (Isolierpapier), die mit einer weiteren Papierfolie zu einem Wickel aufgerollt und in einem Becher eingebaut werden. Der Wickel wird mit einem Isolieröl imprägniert, wodurch die Spannungsfestigkeit erhöht und der Verlustfaktor verringert wird. MP-Kondensatoren finden vor allem als Leistungskondensatoren im Bereich der Leistungselektronik und für Netzanwendung als Entstörkondensator Verwendung. Sie sind auf Grund der metallisierten Beläge, wie vergleichbare Kunststoff-Folienkondensatoren, selbstheilend.', 'title': 'Kondensator Elektrotechnik'}
2024-11-29 15:00:40,956 beir.datasets.data_loader INFO Loading Queries...
2024-11-29 15:00:40,962 beir.datasets.data_loader INFO Loaded 2044 TEST Queries.
2024-11-29 15:00:40,962 beir.datasets.data_loader INFO Query Example: Was kann den Verschleiß des seillosen Aufzuges minimieren?
2024-11-29 15:03:33,480 beir.datasets.data_loader INFO Loading Corpus...
2024-11-29 15:03:59,477 beir.datasets.data_loader INFO Loaded 2800349 TEST Documents.
2024-11-29 15:03:59,605 beir.datasets.data_loader INFO Doc Example: {'text': 'Kondensator Elektrotechnik ==== Metallpapierkondensatoren ==== Metallpapierkondensatoren (MP-Kondensatoren) bestehen aus je zwei mit Aluminium metallisierten Papierstreifen (Isolierpapier), die mit einer weiteren Papierfolie zu einem Wickel aufgerollt und in einem Becher eingebaut werden. Der Wickel wird mit einem Isolieröl imprägniert, wodurch die Spannungsfestigkeit erhöht und der Verlustfaktor verringert wird. MP-Kondensatoren finden vor allem als Leistungskondensatoren im Bereich der Leistungselektronik und für Netzanwendung als Entstörkondensator Verwendung. Sie sind auf Grund der metallisierten Beläge, wie vergleichbare Kunststoff-Folienkondensatoren, selbstheilend.', 'title': 'Kondensator Elektrotechnik'}
2024-11-29 15:03:59,605 beir.datasets.data_loader INFO Loading Queries...
2024-11-29 15:03:59,611 beir.datasets.data_loader INFO Loaded 2044 TEST Queries.
2024-11-29 15:03:59,612 beir.datasets.data_loader INFO Query Example: Was kann den Verschleiß des seillosen Aufzuges minimieren?
2024-11-29 15:41:08,78 beir.datasets.data_loader INFO Loading Corpus...
2024-11-29 15:41:34,44 beir.datasets.data_loader INFO Loaded 2800349 TEST Documents.
2024-11-29 15:41:34,150 beir.datasets.data_loader INFO Doc Example: {'text': 'Kondensator Elektrotechnik ==== Metallpapierkondensatoren ==== Metallpapierkondensatoren (MP-Kondensatoren) bestehen aus je zwei mit Aluminium metallisierten Papierstreifen (Isolierpapier), die mit einer weiteren Papierfolie zu einem Wickel aufgerollt und in einem Becher eingebaut werden. Der Wickel wird mit einem Isolieröl imprägniert, wodurch die Spannungsfestigkeit erhöht und der Verlustfaktor verringert wird. MP-Kondensatoren finden vor allem als Leistungskondensatoren im Bereich der Leistungselektronik und für Netzanwendung als Entstörkondensator Verwendung. Sie sind auf Grund der metallisierten Beläge, wie vergleichbare Kunststoff-Folienkondensatoren, selbstheilend.', 'title': 'Kondensator Elektrotechnik'}
2024-11-29 15:41:34,150 beir.datasets.data_loader INFO Loading Queries...
2024-11-29 15:41:34,156 beir.datasets.data_loader INFO Loaded 2044 TEST Queries.
2024-11-29 15:41:34,156 beir.datasets.data_loader INFO Query Example: Was kann den Verschleiß des seillosen Aufzuges minimieren?
2024-11-29 15:46:30,522 beir.datasets.data_loader INFO Loading Corpus...
2024-11-29 15:46:56,618 beir.datasets.data_loader INFO Loaded 2800349 TEST Documents.
2024-11-29 15:46:56,722 beir.datasets.data_loader INFO Doc Example: {'text': 'Kondensator Elektrotechnik ==== Metallpapierkondensatoren ==== Metallpapierkondensatoren (MP-Kondensatoren) bestehen aus je zwei mit Aluminium metallisierten Papierstreifen (Isolierpapier), die mit einer weiteren Papierfolie zu einem Wickel aufgerollt und in einem Becher eingebaut werden. Der Wickel wird mit einem Isolieröl imprägniert, wodurch die Spannungsfestigkeit erhöht und der Verlustfaktor verringert wird. MP-Kondensatoren finden vor allem als Leistungskondensatoren im Bereich der Leistungselektronik und für Netzanwendung als Entstörkondensator Verwendung. Sie sind auf Grund der metallisierten Beläge, wie vergleichbare Kunststoff-Folienkondensatoren, selbstheilend.', 'title': 'Kondensator Elektrotechnik'}
2024-11-29 15:46:56,722 beir.datasets.data_loader INFO Loading Queries...
2024-11-29 15:46:56,728 beir.datasets.data_loader INFO Loaded 2044 TEST Queries.
2024-11-29 15:46:56,728 beir.datasets.data_loader INFO Query Example: Was kann den Verschleiß des seillosen Aufzuges minimieren?
2024-11-29 15:57:36,758 beir.datasets.data_loader INFO Loading Corpus...
2024-11-29 15:58:02,662 beir.datasets.data_loader INFO Loaded 2800349 TEST Documents.
2024-11-29 15:58:02,766 beir.datasets.data_loader INFO Doc Example: {'text': 'Kondensator Elektrotechnik ==== Metallpapierkondensatoren ==== Metallpapierkondensatoren (MP-Kondensatoren) bestehen aus je zwei mit Aluminium metallisierten Papierstreifen (Isolierpapier), die mit einer weiteren Papierfolie zu einem Wickel aufgerollt und in einem Becher eingebaut werden. Der Wickel wird mit einem Isolieröl imprägniert, wodurch die Spannungsfestigkeit erhöht und der Verlustfaktor verringert wird. MP-Kondensatoren finden vor allem als Leistungskondensatoren im Bereich der Leistungselektronik und für Netzanwendung als Entstörkondensator Verwendung. Sie sind auf Grund der metallisierten Beläge, wie vergleichbare Kunststoff-Folienkondensatoren, selbstheilend.', 'title': 'Kondensator Elektrotechnik'}
2024-11-29 15:58:02,766 beir.datasets.data_loader INFO Loading Queries...
2024-11-29 15:58:02,772 beir.datasets.data_loader INFO Loaded 2044 TEST Queries.
2024-11-29 15:58:02,772 beir.datasets.data_loader INFO Query Example: Was kann den Verschleiß des seillosen Aufzuges minimieren?
2024-11-29 16:51:08,303 beir.datasets.data_loader INFO Loading Corpus...
2024-11-29 16:51:34,704 beir.datasets.data_loader INFO Loaded 2800349 TEST Documents.
2024-11-29 16:51:34,801 beir.datasets.data_loader INFO Doc Example: {'text': 'Kondensator Elektrotechnik ==== Metallpapierkondensatoren ==== Metallpapierkondensatoren (MP-Kondensatoren) bestehen aus je zwei mit Aluminium metallisierten Papierstreifen (Isolierpapier), die mit einer weiteren Papierfolie zu einem Wickel aufgerollt und in einem Becher eingebaut werden. Der Wickel wird mit einem Isolieröl imprägniert, wodurch die Spannungsfestigkeit erhöht und der Verlustfaktor verringert wird. MP-Kondensatoren finden vor allem als Leistungskondensatoren im Bereich der Leistungselektronik und für Netzanwendung als Entstörkondensator Verwendung. Sie sind auf Grund der metallisierten Beläge, wie vergleichbare Kunststoff-Folienkondensatoren, selbstheilend.', 'title': 'Kondensator Elektrotechnik'}
2024-11-29 16:51:34,801 beir.datasets.data_loader INFO Loading Queries...
2024-11-29 16:51:34,807 beir.datasets.data_loader INFO Loaded 2044 TEST Queries.
2024-11-29 16:51:34,808 beir.datasets.data_loader INFO Query Example: Was kann den Verschleiß des seillosen Aufzuges minimieren?
2024-11-29 16:56:05,540 beir.datasets.data_loader INFO Loading Corpus...
2024-11-29 16:56:31,527 beir.datasets.data_loader INFO Loaded 2800349 TEST Documents.
2024-11-29 16:56:31,632 beir.datasets.data_loader INFO Doc Example: {'text': 'Kondensator Elektrotechnik ==== Metallpapierkondensatoren ==== Metallpapierkondensatoren (MP-Kondensatoren) bestehen aus je zwei mit Aluminium metallisierten Papierstreifen (Isolierpapier), die mit einer weiteren Papierfolie zu einem Wickel aufgerollt und in einem Becher eingebaut werden. Der Wickel wird mit einem Isolieröl imprägniert, wodurch die Spannungsfestigkeit erhöht und der Verlustfaktor verringert wird. MP-Kondensatoren finden vor allem als Leistungskondensatoren im Bereich der Leistungselektronik und für Netzanwendung als Entstörkondensator Verwendung. Sie sind auf Grund der metallisierten Beläge, wie vergleichbare Kunststoff-Folienkondensatoren, selbstheilend.', 'title': 'Kondensator Elektrotechnik'}
2024-11-29 16:56:31,632 beir.datasets.data_loader INFO Loading Queries...
2024-11-29 16:56:31,638 beir.datasets.data_loader INFO Loaded 2044 TEST Queries.
2024-11-29 16:56:31,638 beir.datasets.data_loader INFO Query Example: Was kann den Verschleiß des seillosen Aufzuges minimieren?
2024-11-29 16:57:33,65 root INFO Activating Elasticsearch....
2024-11-29 16:57:33,65 root INFO Elastic Search Credentials: {'hostname': 'localhost', 'index_name': 'germanquad', 'keys': {'title': 'title', 'body': 'txt'}, 'timeout': 100, 'retry_on_timeout': True, 'maxsize': 24, 'number_of_shards': 1, 'language': 'german'}
2024-11-29 16:57:33,66 root INFO Deleting previous Elasticsearch-Index named - germanquad
2024-11-29 16:57:35,71 root INFO Creating fresh Elasticsearch-Index named - germanquad
2024-11-29 17:06:51,496 root INFO Starting To Rerank Top-100....
2024-11-29 17:08:42,33 beir.datasets.data_loader INFO Loading Corpus...
2024-11-29 17:09:07,563 beir.datasets.data_loader INFO Loaded 2800349 TEST Documents.
2024-11-29 17:09:07,675 beir.datasets.data_loader INFO Doc Example: {'text': 'Kondensator Elektrotechnik ==== Metallpapierkondensatoren ==== Metallpapierkondensatoren (MP-Kondensatoren) bestehen aus je zwei mit Aluminium metallisierten Papierstreifen (Isolierpapier), die mit einer weiteren Papierfolie zu einem Wickel aufgerollt und in einem Becher eingebaut werden. Der Wickel wird mit einem Isolieröl imprägniert, wodurch die Spannungsfestigkeit erhöht und der Verlustfaktor verringert wird. MP-Kondensatoren finden vor allem als Leistungskondensatoren im Bereich der Leistungselektronik und für Netzanwendung als Entstörkondensator Verwendung. Sie sind auf Grund der metallisierten Beläge, wie vergleichbare Kunststoff-Folienkondensatoren, selbstheilend.', 'title': 'Kondensator Elektrotechnik'}
2024-11-29 17:09:07,675 beir.datasets.data_loader INFO Loading Queries...
2024-11-29 17:09:07,681 beir.datasets.data_loader INFO Loaded 2044 TEST Queries.
2024-11-29 17:09:07,681 beir.datasets.data_loader INFO Query Example: Was kann den Verschleiß des seillosen Aufzuges minimieren?
2024-11-29 17:09:27,803 root INFO Activating Elasticsearch....
2024-11-29 17:09:27,803 root INFO Elastic Search Credentials: {'hostname': 'localhost', 'index_name': 'germanquad', 'keys': {'title': 'title', 'body': 'txt'}, 'timeout': 100, 'retry_on_timeout': True, 'maxsize': 24, 'number_of_shards': 1, 'language': 'german'}
2024-11-29 17:09:27,803 root INFO Deleting previous Elasticsearch-Index named - germanquad
2024-11-29 17:09:30,239 root INFO Creating fresh Elasticsearch-Index named - germanquad
2024-11-29 17:10:35,884 beir.datasets.data_loader INFO Loading Corpus...
2024-11-29 17:11:02,53 beir.datasets.data_loader INFO Loaded 2800349 TEST Documents.
2024-11-29 17:11:02,161 beir.datasets.data_loader INFO Doc Example: {'text': 'Kondensator Elektrotechnik ==== Metallpapierkondensatoren ==== Metallpapierkondensatoren (MP-Kondensatoren) bestehen aus je zwei mit Aluminium metallisierten Papierstreifen (Isolierpapier), die mit einer weiteren Papierfolie zu einem Wickel aufgerollt und in einem Becher eingebaut werden. Der Wickel wird mit einem Isolieröl imprägniert, wodurch die Spannungsfestigkeit erhöht und der Verlustfaktor verringert wird. MP-Kondensatoren finden vor allem als Leistungskondensatoren im Bereich der Leistungselektronik und für Netzanwendung als Entstörkondensator Verwendung. Sie sind auf Grund der metallisierten Beläge, wie vergleichbare Kunststoff-Folienkondensatoren, selbstheilend.', 'title': 'Kondensator Elektrotechnik'}
2024-11-29 17:11:02,161 beir.datasets.data_loader INFO Loading Queries...
2024-11-29 17:11:02,167 beir.datasets.data_loader INFO Loaded 2044 TEST Queries.
2024-11-29 17:11:02,167 beir.datasets.data_loader INFO Query Example: Was kann den Verschleiß des seillosen Aufzuges minimieren?
2024-11-29 17:11:21,509 root INFO Activating Elasticsearch....
2024-11-29 17:11:21,510 root INFO Elastic Search Credentials: {'hostname': 'localhost', 'index_name': 'germanquad', 'keys': {'title': 'title', 'body': 'txt'}, 'timeout': 100, 'retry_on_timeout': True, 'maxsize': 24, 'number_of_shards': 1, 'language': 'german'}
2024-11-29 17:11:21,510 root INFO Deleting previous Elasticsearch-Index named - germanquad
2024-11-29 17:11:23,637 root INFO Creating fresh Elasticsearch-Index named - germanquad
2024-11-29 17:42:11,262 beir.datasets.data_loader INFO Loading Corpus...
2024-11-29 17:42:34,544 beir.datasets.data_loader INFO Loaded 2800349 TEST Documents.
2024-11-29 17:42:34,653 beir.datasets.data_loader INFO Doc Example: {'text': 'Kondensator Elektrotechnik ==== Metallpapierkondensatoren ==== Metallpapierkondensatoren (MP-Kondensatoren) bestehen aus je zwei mit Aluminium metallisierten Papierstreifen (Isolierpapier), die mit einer weiteren Papierfolie zu einem Wickel aufgerollt und in einem Becher eingebaut werden. Der Wickel wird mit einem Isolieröl imprägniert, wodurch die Spannungsfestigkeit erhöht und der Verlustfaktor verringert wird. MP-Kondensatoren finden vor allem als Leistungskondensatoren im Bereich der Leistungselektronik und für Netzanwendung als Entstörkondensator Verwendung. Sie sind auf Grund der metallisierten Beläge, wie vergleichbare Kunststoff-Folienkondensatoren, selbstheilend.', 'title': 'Kondensator Elektrotechnik'}
2024-11-29 17:42:34,653 beir.datasets.data_loader INFO Loading Queries...
2024-11-29 17:42:34,661 beir.datasets.data_loader INFO Loaded 2044 TEST Queries.
2024-11-29 17:42:34,661 beir.datasets.data_loader INFO Query Example: Was kann den Verschleiß des seillosen Aufzuges minimieren?
2024-11-29 17:44:58,426 beir.datasets.data_loader INFO Loading Corpus...
2024-11-29 17:45:20,812 beir.datasets.data_loader INFO Loaded 2800349 TEST Documents.
2024-11-29 17:45:20,921 beir.datasets.data_loader INFO Doc Example: {'text': 'Kondensator Elektrotechnik ==== Metallpapierkondensatoren ==== Metallpapierkondensatoren (MP-Kondensatoren) bestehen aus je zwei mit Aluminium metallisierten Papierstreifen (Isolierpapier), die mit einer weiteren Papierfolie zu einem Wickel aufgerollt und in einem Becher eingebaut werden. Der Wickel wird mit einem Isolieröl imprägniert, wodurch die Spannungsfestigkeit erhöht und der Verlustfaktor verringert wird. MP-Kondensatoren finden vor allem als Leistungskondensatoren im Bereich der Leistungselektronik und für Netzanwendung als Entstörkondensator Verwendung. Sie sind auf Grund der metallisierten Beläge, wie vergleichbare Kunststoff-Folienkondensatoren, selbstheilend.', 'title': 'Kondensator Elektrotechnik'}
2024-11-29 17:45:20,921 beir.datasets.data_loader INFO Loading Queries...
2024-11-29 17:45:20,926 beir.datasets.data_loader INFO Loaded 2044 TEST Queries.
2024-11-29 17:45:20,926 beir.datasets.data_loader INFO Query Example: Was kann den Verschleiß des seillosen Aufzuges minimieren?
2024-11-29 17:46:35,859 root INFO Activating Elasticsearch....
2024-11-29 17:46:35,860 root INFO Elastic Search Credentials: {'hostname': 'localhost', 'index_name': 'germanquad', 'keys': {'title': 'title', 'body': 'txt'}, 'timeout': 100, 'retry_on_timeout': True, 'maxsize': 24, 'number_of_shards': 1, 'language': 'german'}
2024-11-29 17:46:35,860 root INFO Deleting previous Elasticsearch-Index named - germanquad
2024-11-29 17:46:37,867 root INFO Creating fresh Elasticsearch-Index named - germanquad
2024-11-29 17:56:10,100 root INFO Starting To Rerank Top-100....
2024-11-29 19:49:56,828 beir.util INFO Downloading germanquad.zip ...
2024-11-29 19:52:54,576 beir.datasets.data_loader INFO Loading Corpus...
2024-11-29 19:53:16,647 beir.datasets.data_loader INFO Loaded 2800349 TEST Documents.
2024-11-29 19:53:16,754 beir.datasets.data_loader INFO Doc Example: {'text': 'Kondensator Elektrotechnik ==== Metallpapierkondensatoren ==== Metallpapierkondensatoren (MP-Kondensatoren) bestehen aus je zwei mit Aluminium metallisierten Papierstreifen (Isolierpapier), die mit einer weiteren Papierfolie zu einem Wickel aufgerollt und in einem Becher eingebaut werden. Der Wickel wird mit einem Isolieröl imprägniert, wodurch die Spannungsfestigkeit erhöht und der Verlustfaktor verringert wird. MP-Kondensatoren finden vor allem als Leistungskondensatoren im Bereich der Leistungselektronik und für Netzanwendung als Entstörkondensator Verwendung. Sie sind auf Grund der metallisierten Beläge, wie vergleichbare Kunststoff-Folienkondensatoren, selbstheilend.', 'title': 'Kondensator Elektrotechnik'}
2024-11-29 19:53:16,754 beir.datasets.data_loader INFO Loading Queries...
2024-11-29 19:53:16,760 beir.datasets.data_loader INFO Loaded 2044 TEST Queries.
2024-11-29 19:53:16,760 beir.datasets.data_loader INFO Query Example: Was kann den Verschleiß des seillosen Aufzuges minimieren?
2024-11-29 19:53:26,696 root INFO Activating Elasticsearch....
2024-11-29 19:53:26,696 root INFO Elastic Search Credentials: {'hostname': 'localhost', 'index_name': 'germanquad', 'keys': {'title': 'title', 'body': 'txt'}, 'timeout': 100, 'retry_on_timeout': True, 'maxsize': 24, 'number_of_shards': 1, 'language': 'german'}
2024-11-29 19:53:26,696 root INFO Deleting previous Elasticsearch-Index named - germanquad
2024-11-29 19:53:29,90 root INFO Creating fresh Elasticsearch-Index named - germanquad
2024-11-29 19:54:28,881 beir.datasets.data_loader INFO Loading Corpus...
2024-11-29 19:54:51,214 beir.datasets.data_loader INFO Loaded 2800349 TEST Documents.
2024-11-29 19:54:51,307 beir.datasets.data_loader INFO Doc Example: {'text': 'Kondensator Elektrotechnik ==== Metallpapierkondensatoren ==== Metallpapierkondensatoren (MP-Kondensatoren) bestehen aus je zwei mit Aluminium metallisierten Papierstreifen (Isolierpapier), die mit einer weiteren Papierfolie zu einem Wickel aufgerollt und in einem Becher eingebaut werden. Der Wickel wird mit einem Isolieröl imprägniert, wodurch die Spannungsfestigkeit erhöht und der Verlustfaktor verringert wird. MP-Kondensatoren finden vor allem als Leistungskondensatoren im Bereich der Leistungselektronik und für Netzanwendung als Entstörkondensator Verwendung. Sie sind auf Grund der metallisierten Beläge, wie vergleichbare Kunststoff-Folienkondensatoren, selbstheilend.', 'title': 'Kondensator Elektrotechnik'}
2024-11-29 19:54:51,307 beir.datasets.data_loader INFO Loading Queries...
2024-11-29 19:54:51,312 beir.datasets.data_loader INFO Loaded 2044 TEST Queries.
2024-11-29 19:54:51,312 beir.datasets.data_loader INFO Query Example: Was kann den Verschleiß des seillosen Aufzuges minimieren?
2024-11-29 19:55:00,499 root INFO Activating Elasticsearch....
2024-11-29 19:55:00,499 root INFO Elastic Search Credentials: {'hostname': 'localhost', 'index_name': 'germanquad', 'keys': {'title': 'title', 'body': 'txt'}, 'timeout': 100, 'retry_on_timeout': True, 'maxsize': 24, 'number_of_shards': 1, 'language': 'german'}
2024-11-29 19:55:00,499 root INFO Deleting previous Elasticsearch-Index named - germanquad
2024-11-29 19:55:02,624 root INFO Creating fresh Elasticsearch-Index named - germanquad
2024-11-29 20:54:05,355 root INFO Starting To Rerank Top-100....
2024-11-29 20:54:43,942 root INFO Starting To Rerank Top-100....
2024-11-29 20:56:35,239 root INFO Starting To Rerank Top-100....
2024-11-29 20:56:36,83 root INFO Starting To Rerank Top-100....
2024-11-29 20:56:39,592 root INFO Starting To Rerank Top-100....
2024-11-29 20:57:46,738 root INFO Starting To Rerank Top-100....
2024-11-29 20:59:52,874 root INFO Starting To Rerank Top-100....
2024-11-29 21:02:18,954 root INFO Starting To Rerank Top-100....
2024-11-29 21:02:30,437 root INFO Starting To Rerank Top-100....
2024-11-29 21:03:43,955 beir.datasets.data_loader INFO Loading Corpus...
2024-11-29 21:04:04,872 beir.datasets.data_loader INFO Loaded 2800349 TEST Documents.
2024-11-29 21:04:04,971 beir.datasets.data_loader INFO Doc Example: {'text': 'Kondensator Elektrotechnik ==== Metallpapierkondensatoren ==== Metallpapierkondensatoren (MP-Kondensatoren) bestehen aus je zwei mit Aluminium metallisierten Papierstreifen (Isolierpapier), die mit einer weiteren Papierfolie zu einem Wickel aufgerollt und in einem Becher eingebaut werden. Der Wickel wird mit einem Isolieröl imprägniert, wodurch die Spannungsfestigkeit erhöht und der Verlustfaktor verringert wird. MP-Kondensatoren finden vor allem als Leistungskondensatoren im Bereich der Leistungselektronik und für Netzanwendung als Entstörkondensator Verwendung. Sie sind auf Grund der metallisierten Beläge, wie vergleichbare Kunststoff-Folienkondensatoren, selbstheilend.', 'title': 'Kondensator Elektrotechnik'}
2024-11-29 21:04:04,971 beir.datasets.data_loader INFO Loading Queries...
2024-11-29 21:04:04,976 beir.datasets.data_loader INFO Loaded 2044 TEST Queries.
2024-11-29 21:04:04,976 beir.datasets.data_loader INFO Query Example: Was kann den Verschleiß des seillosen Aufzuges minimieren?
2024-11-29 21:04:14,177 root INFO Activating Elasticsearch....
2024-11-29 21:04:14,177 root INFO Elastic Search Credentials: {'hostname': 'localhost', 'index_name': 'germanquad', 'keys': {'title': 'title', 'body': 'txt'}, 'timeout': 100, 'retry_on_timeout': True, 'maxsize': 24, 'number_of_shards': 1, 'language': 'german'}
2024-11-29 21:04:14,177 root INFO Deleting previous Elasticsearch-Index named - germanquad
2024-11-29 21:04:16,546 root INFO Creating fresh Elasticsearch-Index named - germanquad
2024-11-29 21:12:05,816 root INFO Starting To Rerank Top-100....
2024-11-30 14:29:26,585 beir.datasets.data_loader INFO Loading Corpus...
2024-11-30 14:29:47,317 beir.datasets.data_loader INFO Loaded 2800349 TEST Documents.
2024-11-30 14:29:47,425 beir.datasets.data_loader INFO Doc Example: {'text': 'Kondensator Elektrotechnik ==== Metallpapierkondensatoren ==== Metallpapierkondensatoren (MP-Kondensatoren) bestehen aus je zwei mit Aluminium metallisierten Papierstreifen (Isolierpapier), die mit einer weiteren Papierfolie zu einem Wickel aufgerollt und in einem Becher eingebaut werden. Der Wickel wird mit einem Isolieröl imprägniert, wodurch die Spannungsfestigkeit erhöht und der Verlustfaktor verringert wird. MP-Kondensatoren finden vor allem als Leistungskondensatoren im Bereich der Leistungselektronik und für Netzanwendung als Entstörkondensator Verwendung. Sie sind auf Grund der metallisierten Beläge, wie vergleichbare Kunststoff-Folienkondensatoren, selbstheilend.', 'title': 'Kondensator Elektrotechnik'}
2024-11-30 14:29:47,425 beir.datasets.data_loader INFO Loading Queries...
2024-11-30 14:29:47,431 beir.datasets.data_loader INFO Loaded 2044 TEST Queries.
2024-11-30 14:29:47,431 beir.datasets.data_loader INFO Query Example: Was kann den Verschleiß des seillosen Aufzuges minimieren?
2024-11-30 14:29:56,718 root INFO Activating Elasticsearch....
2024-11-30 14:29:56,718 root INFO Elastic Search Credentials: {'hostname': 'localhost', 'index_name': 'germanquad', 'keys': {'title': 'title', 'body': 'txt'}, 'timeout': 100, 'retry_on_timeout': True, 'maxsize': 24, 'number_of_shards': 1, 'language': 'german'}
2024-11-30 14:29:56,718 root INFO Deleting previous Elasticsearch-Index named - germanquad
2024-11-30 14:29:59,126 root INFO Creating fresh Elasticsearch-Index named - germanquad
2024-11-30 14:37:48,889 root INFO Starting To Rerank Top-100....
2024-11-30 14:49:05,776 beir.datasets.data_loader INFO Loading Corpus...
2024-11-30 14:49:26,573 beir.datasets.data_loader INFO Loaded 2800349 TEST Documents.
2024-11-30 14:49:26,669 beir.datasets.data_loader INFO Doc Example: {'text': 'Kondensator Elektrotechnik ==== Metallpapierkondensatoren ==== Metallpapierkondensatoren (MP-Kondensatoren) bestehen aus je zwei mit Aluminium metallisierten Papierstreifen (Isolierpapier), die mit einer weiteren Papierfolie zu einem Wickel aufgerollt und in einem Becher eingebaut werden. Der Wickel wird mit einem Isolieröl imprägniert, wodurch die Spannungsfestigkeit erhöht und der Verlustfaktor verringert wird. MP-Kondensatoren finden vor allem als Leistungskondensatoren im Bereich der Leistungselektronik und für Netzanwendung als Entstörkondensator Verwendung. Sie sind auf Grund der metallisierten Beläge, wie vergleichbare Kunststoff-Folienkondensatoren, selbstheilend.', 'title': 'Kondensator Elektrotechnik'}
2024-11-30 14:49:26,669 beir.datasets.data_loader INFO Loading Queries...
2024-11-30 14:49:26,674 beir.datasets.data_loader INFO Loaded 2044 TEST Queries.
2024-11-30 14:49:26,674 beir.datasets.data_loader INFO Query Example: Was kann den Verschleiß des seillosen Aufzuges minimieren?
2024-11-30 14:49:36,254 root INFO Activating Elasticsearch....
2024-11-30 14:49:36,254 root INFO Elastic Search Credentials: {'hostname': 'localhost', 'index_name': 'germanquad', 'keys': {'title': 'title', 'body': 'txt'}, 'timeout': 100, 'retry_on_timeout': True, 'maxsize': 24, 'number_of_shards': 1, 'language': 'german'}
2024-11-30 14:49:36,255 root INFO Deleting previous Elasticsearch-Index named - germanquad
2024-11-30 14:49:38,653 root INFO Creating fresh Elasticsearch-Index named - germanquad
2024-11-30 14:57:30,762 root INFO Starting To Rerank Top-100....
2024-11-30 16:41:51,668 beir.datasets.data_loader INFO Loading Corpus...
2024-11-30 16:42:12,583 beir.datasets.data_loader INFO Loaded 2800349 TEST Documents.
2024-11-30 16:42:12,687 beir.datasets.data_loader INFO Doc Example: {'text': 'Kondensator Elektrotechnik ==== Metallpapierkondensatoren ==== Metallpapierkondensatoren (MP-Kondensatoren) bestehen aus je zwei mit Aluminium metallisierten Papierstreifen (Isolierpapier), die mit einer weiteren Papierfolie zu einem Wickel aufgerollt und in einem Becher eingebaut werden. Der Wickel wird mit einem Isolieröl imprägniert, wodurch die Spannungsfestigkeit erhöht und der Verlustfaktor verringert wird. MP-Kondensatoren finden vor allem als Leistungskondensatoren im Bereich der Leistungselektronik und für Netzanwendung als Entstörkondensator Verwendung. Sie sind auf Grund der metallisierten Beläge, wie vergleichbare Kunststoff-Folienkondensatoren, selbstheilend.', 'title': 'Kondensator Elektrotechnik'}
2024-11-30 16:42:12,687 beir.datasets.data_loader INFO Loading Queries...
2024-11-30 16:42:12,692 beir.datasets.data_loader INFO Loaded 2044 TEST Queries.
2024-11-30 16:42:12,693 beir.datasets.data_loader INFO Query Example: Was kann den Verschleiß des seillosen Aufzuges minimieren?
2024-11-30 16:42:32,76 root INFO Activating Elasticsearch....
2024-11-30 16:42:32,76 root INFO Elastic Search Credentials: {'hostname': 'localhost', 'index_name': 'germanquad', 'keys': {'title': 'title', 'body': 'txt'}, 'timeout': 100, 'retry_on_timeout': True, 'maxsize': 24, 'number_of_shards': 1, 'language': 'german'}
2024-11-30 16:42:32,76 root INFO Deleting previous Elasticsearch-Index named - germanquad
2024-11-30 16:42:34,468 root INFO Creating fresh Elasticsearch-Index named - germanquad
2024-11-30 16:50:26,43 root INFO Starting To Rerank Top-100....
2024-11-30 17:05:09,697 root INFO Activating Elasticsearch....
2024-11-30 17:05:09,697 root INFO Elastic Search Credentials: {'hostname': 'localhost', 'index_name': 'germanquad', 'keys': {'title': 'title', 'body': 'txt'}, 'timeout': 100, 'retry_on_timeout': True, 'maxsize': 24, 'number_of_shards': 1, 'language': 'german'}
2024-11-30 17:05:09,698 root INFO Deleting previous Elasticsearch-Index named - germanquad
2024-11-30 17:05:12,109 root INFO Creating fresh Elasticsearch-Index named - germanquad
2024-11-30 17:06:03,117 beir.datasets.data_loader INFO Loading Corpus...
2024-11-30 17:06:11,699 beir.datasets.data_loader INFO Loading Corpus...
2024-11-30 17:06:32,372 beir.datasets.data_loader INFO Loaded 2800349 TEST Documents.
2024-11-30 17:06:32,473 beir.datasets.data_loader INFO Doc Example: {'text': 'Kondensator Elektrotechnik ==== Metallpapierkondensatoren ==== Metallpapierkondensatoren (MP-Kondensatoren) bestehen aus je zwei mit Aluminium metallisierten Papierstreifen (Isolierpapier), die mit einer weiteren Papierfolie zu einem Wickel aufgerollt und in einem Becher eingebaut werden. Der Wickel wird mit einem Isolieröl imprägniert, wodurch die Spannungsfestigkeit erhöht und der Verlustfaktor verringert wird. MP-Kondensatoren finden vor allem als Leistungskondensatoren im Bereich der Leistungselektronik und für Netzanwendung als Entstörkondensator Verwendung. Sie sind auf Grund der metallisierten Beläge, wie vergleichbare Kunststoff-Folienkondensatoren, selbstheilend.', 'title': 'Kondensator Elektrotechnik'}
2024-11-30 17:06:32,473 beir.datasets.data_loader INFO Loading Queries...
2024-11-30 17:06:32,478 beir.datasets.data_loader INFO Loaded 2044 TEST Queries.
2024-11-30 17:06:32,479 beir.datasets.data_loader INFO Query Example: Was kann den Verschleiß des seillosen Aufzuges minimieren?
2024-11-30 17:06:32,479 root INFO Activating Elasticsearch....
2024-11-30 17:06:32,479 root INFO Elastic Search Credentials: {'hostname': 'localhost', 'index_name': 'germanquad', 'keys': {'title': 'title', 'body': 'txt'}, 'timeout': 100, 'retry_on_timeout': True, 'maxsize': 24, 'number_of_shards': 1, 'language': 'german'}
2024-11-30 17:06:32,479 root INFO Deleting previous Elasticsearch-Index named - germanquad
2024-11-30 17:06:34,602 root INFO Creating fresh Elasticsearch-Index named - germanquad
2024-11-30 17:14:51,505 root INFO Starting To Rerank Top-100....
2024-11-30 17:17:27,63 beir.datasets.data_loader INFO Loading Corpus...
2024-11-30 17:17:48,218 beir.datasets.data_loader INFO Loaded 2800349 TEST Documents.
2024-11-30 17:17:48,322 beir.datasets.data_loader INFO Doc Example: {'text': 'Kondensator Elektrotechnik ==== Metallpapierkondensatoren ==== Metallpapierkondensatoren (MP-Kondensatoren) bestehen aus je zwei mit Aluminium metallisierten Papierstreifen (Isolierpapier), die mit einer weiteren Papierfolie zu einem Wickel aufgerollt und in einem Becher eingebaut werden. Der Wickel wird mit einem Isolieröl imprägniert, wodurch die Spannungsfestigkeit erhöht und der Verlustfaktor verringert wird. MP-Kondensatoren finden vor allem als Leistungskondensatoren im Bereich der Leistungselektronik und für Netzanwendung als Entstörkondensator Verwendung. Sie sind auf Grund der metallisierten Beläge, wie vergleichbare Kunststoff-Folienkondensatoren, selbstheilend.', 'title': 'Kondensator Elektrotechnik'}
2024-11-30 17:17:48,322 beir.datasets.data_loader INFO Loading Queries...
2024-11-30 17:17:48,328 beir.datasets.data_loader INFO Loaded 2044 TEST Queries.
2024-11-30 17:17:48,328 beir.datasets.data_loader INFO Query Example: Was kann den Verschleiß des seillosen Aufzuges minimieren?
2024-11-30 17:17:48,328 root INFO Activating Elasticsearch....
2024-11-30 17:17:48,328 root INFO Elastic Search Credentials: {'hostname': 'localhost', 'index_name': 'germanquad', 'keys': {'title': 'title', 'body': 'txt'}, 'timeout': 100, 'retry_on_timeout': True, 'maxsize': 24, 'number_of_shards': 1, 'language': 'german'}
2024-11-30 17:17:48,329 root INFO Deleting previous Elasticsearch-Index named - germanquad
2024-11-30 17:17:50,734 root INFO Creating fresh Elasticsearch-Index named - germanquad
2024-11-30 17:18:35,192 beir.datasets.data_loader INFO Loading Corpus...
2024-11-30 17:18:56,277 beir.datasets.data_loader INFO Loaded 2800349 TEST Documents.
2024-11-30 17:18:56,382 beir.datasets.data_loader INFO Doc Example: {'text': 'Kondensator Elektrotechnik ==== Metallpapierkondensatoren ==== Metallpapierkondensatoren (MP-Kondensatoren) bestehen aus je zwei mit Aluminium metallisierten Papierstreifen (Isolierpapier), die mit einer weiteren Papierfolie zu einem Wickel aufgerollt und in einem Becher eingebaut werden. Der Wickel wird mit einem Isolieröl imprägniert, wodurch die Spannungsfestigkeit erhöht und der Verlustfaktor verringert wird. MP-Kondensatoren finden vor allem als Leistungskondensatoren im Bereich der Leistungselektronik und für Netzanwendung als Entstörkondensator Verwendung. Sie sind auf Grund der metallisierten Beläge, wie vergleichbare Kunststoff-Folienkondensatoren, selbstheilend.', 'title': 'Kondensator Elektrotechnik'}
2024-11-30 17:18:56,382 beir.datasets.data_loader INFO Loading Queries...
2024-11-30 17:18:56,388 beir.datasets.data_loader INFO Loaded 2044 TEST Queries.
2024-11-30 17:18:56,388 beir.datasets.data_loader INFO Query Example: Was kann den Verschleiß des seillosen Aufzuges minimieren?
2024-11-30 17:18:56,388 root INFO Activating Elasticsearch....
2024-11-30 17:18:56,388 root INFO Elastic Search Credentials: {'hostname': 'localhost', 'index_name': 'germanquad', 'keys': {'title': 'title', 'body': 'txt'}, 'timeout': 100, 'retry_on_timeout': True, 'maxsize': 24, 'number_of_shards': 1, 'language': 'german'}
2024-11-30 17:18:56,389 root INFO Deleting previous Elasticsearch-Index named - germanquad
2024-11-30 17:18:58,468 root INFO Creating fresh Elasticsearch-Index named - germanquad
2024-11-30 17:27:23,434 root INFO Starting To Rerank Top-100....
2024-11-30 17:42:07,484 root INFO Starting To Rerank Top-100....
2024-11-30 17:56:49,191 root INFO Starting To Rerank Top-100....
2024-11-30 18:11:32,614 root INFO Starting To Rerank Top-100....
2024-11-30 18:25:56,414 main INFO 
#    Model                     P@1     NDCG@3    NDCG@10      Recall@100  MAP@100
---  ------------------------  ------  --------  ---------  ------------  ---------
a    BM25 + T5-sum-lambda-0    0.350ᵉ  0.463ᵉ    0.516ᵉ            0.811  0.468ᵉ
b    BM25 + T5-sum-lambda-0.3  0.355ᵉ  0.471ᵉ    0.522ᵉ            0.811  0.475ᵉ
c    BM25 + T5-sum-lambda-0.5  0.368ᵉ  0.479ᵉ    0.531ᵃᵉ           0.811  0.484ᵃᵉ
d    BM25 + T5-sum-lambda-1    0.380ᵉ  0.484ᵃᵉ   0.539ᵃᵇᵉ          0.811  0.492ᵃᵇᵉ
e    BM25                      0.306   0.389     0.448             0.811  0.404
2024-12-01 10:54:10,680 beir.datasets.data_loader INFO Loading Corpus...
2024-12-01 10:54:33,961 beir.datasets.data_loader INFO Loaded 2800349 TEST Documents.
2024-12-01 10:54:34,64 beir.datasets.data_loader INFO Doc Example: {'text': 'Kondensator Elektrotechnik ==== Metallpapierkondensatoren ==== Metallpapierkondensatoren (MP-Kondensatoren) bestehen aus je zwei mit Aluminium metallisierten Papierstreifen (Isolierpapier), die mit einer weiteren Papierfolie zu einem Wickel aufgerollt und in einem Becher eingebaut werden. Der Wickel wird mit einem Isolieröl imprägniert, wodurch die Spannungsfestigkeit erhöht und der Verlustfaktor verringert wird. MP-Kondensatoren finden vor allem als Leistungskondensatoren im Bereich der Leistungselektronik und für Netzanwendung als Entstörkondensator Verwendung. Sie sind auf Grund der metallisierten Beläge, wie vergleichbare Kunststoff-Folienkondensatoren, selbstheilend.', 'title': 'Kondensator Elektrotechnik'}
2024-12-01 10:54:34,65 beir.datasets.data_loader INFO Loading Queries...
2024-12-01 10:54:34,70 beir.datasets.data_loader INFO Loaded 2044 TEST Queries.
2024-12-01 10:54:34,70 beir.datasets.data_loader INFO Query Example: Was kann den Verschleiß des seillosen Aufzuges minimieren?
2024-12-01 10:54:34,70 root INFO Activating Elasticsearch....
2024-12-01 10:54:34,70 root INFO Elastic Search Credentials: {'hostname': 'localhost', 'index_name': 'germanquad', 'keys': {'title': 'title', 'body': 'txt'}, 'timeout': 100, 'retry_on_timeout': True, 'maxsize': 24, 'number_of_shards': 1, 'language': 'german'}
2024-12-01 10:54:34,71 root INFO Deleting previous Elasticsearch-Index named - germanquad
2024-12-01 10:54:36,471 root INFO Creating fresh Elasticsearch-Index named - germanquad
2024-12-01 11:03:28,496 root INFO Starting To Rerank Top-100....
2024-12-01 11:18:07,267 root INFO Starting To Rerank Top-100....
2024-12-01 11:32:45,226 root INFO Starting To Rerank Top-100....
2024-12-01 11:47:26,813 root INFO Starting To Rerank Top-100....
2024-12-01 12:01:49,494 main INFO 
#    Model                     P@1     NDCG@3    NDCG@10      Recall@100  MAP@100
---  ------------------------  ------  --------  ---------  ------------  ---------
a    BM25 + T5-sum-lambda-0    0.350ᵉ  0.463ᵉ    0.516ᵉ            0.811  0.468ᵉ
b    BM25 + T5-sum-lambda-0.3  0.350ᵉ  0.467ᵉ    0.518ᵉ            0.811  0.470ᵉ
c    BM25 + T5-sum-lambda-0.5  0.355ᵉ  0.466ᵉ    0.519ᵉ            0.811  0.472ᵉ
d    BM25 + T5-sum-lambda-1    0.363ᵉ  0.470ᵉ    0.525ᵃᵉ           0.811  0.478ᵃᵉ
e    BM25                      0.309   0.390     0.448             0.811  0.405
2024-12-01 13:59:06,432 beir.datasets.data_loader INFO Loading Corpus...
2024-12-01 13:59:18,805 beir.datasets.data_loader INFO Loading Corpus...
2024-12-01 13:59:39,657 beir.datasets.data_loader INFO Loaded 2800349 TEST Documents.
2024-12-01 13:59:39,754 beir.datasets.data_loader INFO Doc Example: {'text': 'Kondensator Elektrotechnik ==== Metallpapierkondensatoren ==== Metallpapierkondensatoren (MP-Kondensatoren) bestehen aus je zwei mit Aluminium metallisierten Papierstreifen (Isolierpapier), die mit einer weiteren Papierfolie zu einem Wickel aufgerollt und in einem Becher eingebaut werden. Der Wickel wird mit einem Isolieröl imprägniert, wodurch die Spannungsfestigkeit erhöht und der Verlustfaktor verringert wird. MP-Kondensatoren finden vor allem als Leistungskondensatoren im Bereich der Leistungselektronik und für Netzanwendung als Entstörkondensator Verwendung. Sie sind auf Grund der metallisierten Beläge, wie vergleichbare Kunststoff-Folienkondensatoren, selbstheilend.', 'title': 'Kondensator Elektrotechnik'}
2024-12-01 13:59:39,754 beir.datasets.data_loader INFO Loading Queries...
2024-12-01 13:59:39,759 beir.datasets.data_loader INFO Loaded 2044 TEST Queries.
2024-12-01 13:59:39,760 beir.datasets.data_loader INFO Query Example: Was kann den Verschleiß des seillosen Aufzuges minimieren?
2024-12-01 13:59:39,760 root INFO Activating Elasticsearch....
2024-12-01 13:59:39,760 root INFO Elastic Search Credentials: {'hostname': 'localhost', 'index_name': 'germanquad', 'keys': {'title': 'title', 'body': 'txt'}, 'timeout': 100, 'retry_on_timeout': True, 'maxsize': 24, 'number_of_shards': 1, 'language': 'german'}
2024-12-01 13:59:39,760 root INFO Deleting previous Elasticsearch-Index named - germanquad
2024-12-01 13:59:42,203 root INFO Creating fresh Elasticsearch-Index named - germanquad
2024-12-01 14:08:13,568 root INFO Starting To Rerank Top-100....
2024-12-01 14:08:44,280 beir.datasets.data_loader INFO Loading Corpus...
2024-12-01 14:09:04,921 beir.datasets.data_loader INFO Loaded 2800349 TEST Documents.
2024-12-01 14:09:05,10 beir.datasets.data_loader INFO Doc Example: {'text': 'Kondensator Elektrotechnik ==== Metallpapierkondensatoren ==== Metallpapierkondensatoren (MP-Kondensatoren) bestehen aus je zwei mit Aluminium metallisierten Papierstreifen (Isolierpapier), die mit einer weiteren Papierfolie zu einem Wickel aufgerollt und in einem Becher eingebaut werden. Der Wickel wird mit einem Isolieröl imprägniert, wodurch die Spannungsfestigkeit erhöht und der Verlustfaktor verringert wird. MP-Kondensatoren finden vor allem als Leistungskondensatoren im Bereich der Leistungselektronik und für Netzanwendung als Entstörkondensator Verwendung. Sie sind auf Grund der metallisierten Beläge, wie vergleichbare Kunststoff-Folienkondensatoren, selbstheilend.', 'title': 'Kondensator Elektrotechnik'}
2024-12-01 14:09:05,10 beir.datasets.data_loader INFO Loading Queries...
2024-12-01 14:09:05,16 beir.datasets.data_loader INFO Loaded 2044 TEST Queries.
2024-12-01 14:09:05,16 beir.datasets.data_loader INFO Query Example: Was kann den Verschleiß des seillosen Aufzuges minimieren?
2024-12-01 14:09:05,16 root INFO Activating Elasticsearch....
2024-12-01 14:09:05,16 root INFO Elastic Search Credentials: {'hostname': 'localhost', 'index_name': 'germanquad', 'keys': {'title': 'title', 'body': 'txt'}, 'timeout': 100, 'retry_on_timeout': True, 'maxsize': 24, 'number_of_shards': 1, 'language': 'german'}
2024-12-01 14:09:05,17 root INFO Deleting previous Elasticsearch-Index named - germanquad
2024-12-01 14:09:07,529 root INFO Creating fresh Elasticsearch-Index named - germanquad
2024-12-01 14:17:41,909 root INFO Starting To Rerank Top-100....
2024-12-01 15:30:55,190 root INFO Starting To Rerank Top-100....
2024-12-01 16:43:45,606 root INFO Starting To Rerank Top-100....
2024-12-01 17:56:37,816 root INFO Starting To Rerank Top-100....
2024-12-01 19:08:53,299 root INFO Starting To Rerank Top-100....
2024-12-01 20:21:21,492 root INFO Starting To Rerank Top-100....
2024-12-01 21:33:42,275 root INFO Starting To Rerank Top-100....
2024-12-01 22:46:08,622 root INFO Starting To Rerank Top-100....
2024-12-01 23:58:26,716 root INFO Starting To Rerank Top-100....
2024-12-02 01:10:54,736 root INFO Starting To Rerank Top-100....
2024-12-02 02:22:57,926 root INFO Starting To Rerank Top-100....
2024-12-02 03:35:07,931 main INFO 
#    Model                      P@1          NDCG@3         NDCG@10           Recall@100  MAP@100
---  -------------------------  -----------  -------------  --------------  ------------  --------------
a    BM25 + MT5-sum-lambda-0.1  0.353ˡ       0.454ˡ         0.517ˡ                 0.811  0.466ˡ
b    BM25 + MT5-sum-lambda-0.2  0.354ˡ       0.458ᵃˡ        0.520ᵃˡ                0.811  0.469ᵃˡ
c    BM25 + MT5-sum-lambda-0.3  0.358ˡ       0.461ᵃˡ        0.523ᵃᵇˡ               0.811  0.472ᵃᵇˡ
d    BM25 + MT5-sum-lambda-0.4  0.365ᵃᵇᶜˡ    0.467ᵃᵇᶜˡ      0.528ᵃᵇᶜˡ              0.811  0.478ᵃᵇᶜˡ
e    BM25 + MT5-sum-lambda-0.5  0.369ᵃᵇᶜˡ    0.471ᵃᵇᶜᵈᵏˡ    0.531ᵃᵇᶜᵈᵏˡ            0.811  0.481ᵃᵇᶜᵈᵏˡ
f    BM25 + MT5-sum-lambda-0.6  0.371ᵃᵇᶜˡ    0.473ᵃᵇᶜᵈᵏˡ    0.533ᵃᵇᶜᵈᵉᵏˡ           0.811  0.483ᵃᵇᶜᵈᵏˡ
g    BM25 + MT5-sum-lambda-0.7  0.372ᵃᵇᶜˡ    0.475ᵃᵇᶜᵈᵉᵏˡ   0.535ᵃᵇᶜᵈᵉᵏˡ           0.811  0.485ᵃᵇᶜᵈᵉᵏˡ
h    BM25 + MT5-sum-lambda-0.8  0.376ᵃᵇᶜᵈᵏˡ  0.477ᵃᵇᶜᵈᵉᶠᵏˡ  0.537ᵃᵇᶜᵈᵉᶠᵍᵏˡ         0.811  0.487ᵃᵇᶜᵈᵉᶠᵍᵏˡ
i    BM25 + MT5-sum-lambda-0.9  0.377ᵃᵇᶜᵈᵏˡ  0.478ᵃᵇᶜᵈᵉᶠᵏˡ  0.537ᵃᵇᶜᵈᵉᶠᵏˡ          0.811  0.488ᵃᵇᶜᵈᵉᶠᵏˡ
j    BM25 + MT5-sum-lambda-1    0.376ᵃᵇᶜᵈᵏˡ  0.477ᵃᵇᶜᵈᵉᵏˡ   0.537ᵃᵇᶜᵈᵉᵏˡ           0.811  0.487ᵃᵇᶜᵈᵉᶠᵏˡ
k    BM25 + MT5-sum-lambda-1.5  0.363ˡ       0.460ˡ         0.523ˡ                 0.811  0.473ˡ
l    BM25                       0.296        0.381          0.437                  0.811  0.397
