2024-12-03 10:07:12,390 root INFO Activating Elasticsearch....
2024-12-03 10:07:12,390 root INFO Elastic Search Credentials: {'hostname': 'localhost', 'index_name': 'miracl', 'keys': {'title': 'title', 'body': 'txt'}, 'timeout': 100, 'retry_on_timeout': True, 'maxsize': 24, 'number_of_shards': 'default', 'language': 'spanish'}
2024-12-03 10:07:12,391 root INFO Deleting previous Elasticsearch-Index named - miracl
2024-12-03 10:07:14,808 root INFO Creating fresh Elasticsearch-Index named - miracl
2024-12-03 11:15:30,940 root INFO Starting To Rerank Top-100....
2024-12-03 11:17:58,164 root INFO Starting To Rerank Top-100....
2024-12-03 16:54:16,636 root INFO Starting To Rerank Top-100....
2024-12-03 17:01:18,391 root INFO Starting To Rerank Top-100....
2024-12-03 17:18:02,471 root INFO Starting To Rerank Top-100....
2024-12-03 17:32:10,225 root INFO Starting To Rerank Top-100....
2024-12-03 17:54:19,720 root INFO Starting To Rerank Top-100....
2024-12-03 18:15:16,512 root INFO Starting To Rerank Top-100....
2024-12-03 18:36:37,810 root INFO Starting To Rerank Top-100....
2024-12-03 18:57:57,446 root INFO Starting To Rerank Top-100....
2024-12-03 19:19:32,325 root INFO Starting To Rerank Top-100....
2024-12-03 19:41:20,131 root INFO Starting To Rerank Top-100....
2024-12-03 20:03:15,175 root INFO Starting To Rerank Top-100....
2024-12-03 20:25:06,836 root INFO Starting To Rerank Top-100....
2024-12-03 20:46:56,657 root INFO Starting To Rerank Top-100....
2024-12-03 21:08:47,598 main INFO 
#    Model                      P@1     NDCG@3    NDCG@10      Recall@100  MAP@100
---  -------------------------  ------  --------  ---------  ------------  ------------
a    BM25 + MT5-sum-lambda-0.1  0.372ᵏ  0.342ᵏ    0.379ᵏ             0.65  0.302ᵏ
b    BM25 + MT5-sum-lambda-0.2  0.372ᵏ  0.342ᵏ    0.379ᵏ             0.65  0.302ᵏ
c    BM25 + MT5-sum-lambda-0.3  0.372ᵏ  0.342ᵏ    0.379ᵏ             0.65  0.302ᵃᵇᵏ
d    BM25 + MT5-sum-lambda-0.4  0.372ᵏ  0.342ᵏ    0.379ᵏ             0.65  0.302ᵏ
e    BM25 + MT5-sum-lambda-0.5  0.372ᵏ  0.342ᵏ    0.379ᵏ             0.65  0.302ᵏ
f    BM25 + MT5-sum-lambda-0.6  0.372ᵏ  0.342ᵏ    0.379ᵏ             0.65  0.302ᵃᵇᵏ
g    BM25 + MT5-sum-lambda-0.7  0.372ᵏ  0.342ᵏ    0.379ᵏ             0.65  0.302ᵃᵇᵏ
h    BM25 + MT5-sum-lambda-0.8  0.372ᵏ  0.342ᵏ    0.380ᵏ             0.65  0.302ᵃᵇᶜᵈᵉᵍᵏ
i    BM25 + MT5-sum-lambda-0.9  0.372ᵏ  0.343ᵏ    0.379ᵏ             0.65  0.302ᵃᵇᶜᵈᵉᵍᵏ
j    BM25 + MT5-sum-lambda-1    0.373ᵏ  0.343ᵏ    0.380ᵏ             0.65  0.302ᵃᵇᶜᵏ
k    BM25                       0.284   0.248     0.270              0.65  0.215
2024-12-03 21:09:09,925 root INFO Starting To Rerank Top-100....
2024-12-03 21:29:06,680 root INFO Starting To Rerank Top-100....
2024-12-03 21:43:17,242 root INFO Starting To Rerank Top-100....
2024-12-03 21:57:27,725 root INFO Starting To Rerank Top-100....
2024-12-03 22:11:47,363 root INFO Starting To Rerank Top-100....
2024-12-03 22:25:58,38 root INFO Starting To Rerank Top-100....
2024-12-03 22:40:08,751 root INFO Starting To Rerank Top-100....
2024-12-03 22:55:02,794 root INFO Starting To Rerank Top-100....
2024-12-03 23:10:24,988 root INFO Starting To Rerank Top-100....
2024-12-03 23:26:30,847 root INFO Starting To Rerank Top-100....
2024-12-03 23:42:00,922 main INFO 
#    Model                      P@1     NDCG@3         NDCG@10           Recall@100  MAP@100
---  -------------------------  ------  -------------  --------------  ------------  --------------
a    BM25 + MT5-sum-lambda-0.1  0.369ᵏ  0.340ᵈᵉᶠᵍʰᶦʲᵏ  0.375ᶜᵈᵉᶠᵍʰᶦʲᵏ          0.65  0.300ᶜᵈᵉᶠᵍʰᶦʲᵏ
b    BM25 + MT5-sum-lambda-0.2  0.369ᵏ  0.338ᵈᵉᶠᵍʰᶦʲᵏ  0.374ᶜᵈᵉᶠᵍʰᶦʲᵏ          0.65  0.299ᶜᵈᵉᶠᵍʰᶦʲᵏ
c    BM25 + MT5-sum-lambda-0.3  0.367ᵏ  0.337ᶠʰᶦʲᵏ     0.371ᵏ                  0.65  0.297ᵈᵉᶠᵍʰᶦʲᵏ
d    BM25 + MT5-sum-lambda-0.4  0.364ᵏ  0.334ᵏ         0.370ᵏ                  0.65  0.296ᵉᶠʰᶦʲᵏ
e    BM25 + MT5-sum-lambda-0.5  0.364ᵏ  0.332ᵏ         0.370ᵏ                  0.65  0.295ᵏ
f    BM25 + MT5-sum-lambda-0.6  0.363ᵏ  0.332ᵏ         0.369ᵏ                  0.65  0.294ᵏ
g    BM25 + MT5-sum-lambda-0.7  0.363ᵏ  0.331ᵏ         0.368ᵏ                  0.65  0.294ʰᶦᵏ
h    BM25 + MT5-sum-lambda-0.8  0.360ᵏ  0.329ᵏ         0.366ᵏ                  0.65  0.293ᵏ
i    BM25 + MT5-sum-lambda-0.9  0.360ᵏ  0.329ᵏ         0.366ᵏ                  0.65  0.292ᵏ
j    BM25 + MT5-sum-lambda-1    0.358ᵏ  0.328ᵏ         0.365ᵏ                  0.65  0.292ᵏ
k    BM25                       0.284   0.248          0.270                   0.65  0.215
2024-12-04 09:29:24,270 root INFO Starting To Rerank Top-100....
2024-12-04 09:37:24,730 root INFO Activating Elasticsearch....
2024-12-04 09:37:24,730 root INFO Elastic Search Credentials: {'hostname': 'localhost', 'index_name': 'miracl', 'keys': {'title': 'title', 'body': 'txt'}, 'timeout': 100, 'retry_on_timeout': True, 'maxsize': 24, 'number_of_shards': 'default', 'language': 'french'}
2024-12-04 09:37:24,731 root INFO Deleting previous Elasticsearch-Index named - miracl
2024-12-04 09:37:26,866 root INFO Creating fresh Elasticsearch-Index named - miracl
2024-12-04 09:43:40,607 root INFO Starting To Rerank Top-100....
2024-12-04 09:55:37,334 root INFO Starting To Rerank Top-100....
2024-12-04 09:58:01,182 root INFO Starting To Rerank Top-100....
2024-12-04 10:05:31,518 root INFO Starting To Rerank Top-100....
2024-12-04 10:12:22,552 root INFO Starting To Rerank Top-100....
2024-12-04 10:14:46,31 root INFO Starting To Rerank Top-100....
2024-12-04 10:24:05,543 root INFO Starting To Rerank Top-100....
2024-12-04 10:26:43,627 root INFO Starting To Rerank Top-100....
2024-12-04 10:33:20,986 root INFO Starting To Rerank Top-100....
2024-12-04 10:41:05,746 root INFO Starting To Rerank Top-100....
2024-12-04 10:42:40,710 root INFO Starting To Rerank Top-100....
2024-12-04 10:51:54,955 root INFO Starting To Rerank Top-100....
2024-12-04 10:55:27,141 root INFO Starting To Rerank Top-100....
2024-12-04 11:01:15,263 root INFO Starting To Rerank Top-100....
2024-12-04 11:09:49,646 root INFO Starting To Rerank Top-100....
2024-12-04 11:10:31,373 root INFO Starting To Rerank Top-100....
2024-12-04 11:19:51,53 root INFO Starting To Rerank Top-100....
2024-12-04 11:24:10,352 root INFO Starting To Rerank Top-100....
2024-12-04 11:29:06,66 root INFO Starting To Rerank Top-100....
2024-12-04 11:38:07,418 main INFO 
#    Model                        P@1    NDCG@3    NDCG@10    Recall@100    MAP@100
---  -------------------------  -----  --------  ---------  ------------  ---------
a    BM25 + MT5-sum-lambda-0        0         0          0             0          0
b    BM25 + MT5-sum-lambda-0.1      0         0          0             0          0
c    BM25 + MT5-sum-lambda-0.2      0         0          0             0          0
d    BM25 + MT5-sum-lambda-0.3      0         0          0             0          0
e    BM25 + MT5-sum-lambda-0.4      0         0          0             0          0
f    BM25 + MT5-sum-lambda-0.5      0         0          0             0          0
g    BM25 + MT5-sum-lambda-0.6      0         0          0             0          0
h    BM25 + MT5-sum-lambda-0.7      0         0          0             0          0
i    BM25 + MT5-sum-lambda-0.8      0         0          0             0          0
j    BM25 + MT5-sum-lambda-0.9      0         0          0             0          0
k    BM25 + MT5-sum-lambda-1        0         0          0             0          0
l    BM25                           0         0          0             0          0
2024-12-04 11:38:26,178 root INFO Starting To Rerank Top-100....
2024-12-04 11:38:31,724 root INFO Starting To Rerank Top-100....
2024-12-04 11:47:39,480 root INFO Starting To Rerank Top-100....
2024-12-04 11:52:50,854 root INFO Starting To Rerank Top-100....
2024-12-04 11:56:56,733 root INFO Starting To Rerank Top-100....
2024-12-04 12:06:10,708 root INFO Starting To Rerank Top-100....
2024-12-04 12:06:56,360 main INFO 
#    Model                      P@1         NDCG@3        NDCG@10           Recall@100  MAP@100
---  -------------------------  ----------  ------------  --------------  ------------  --------------
a    BM25 + MT5-sum-lambda-0    0.372ˡ      0.342ˡ        0.379ˡ                  0.65  0.301ˡ
b    BM25 + MT5-sum-lambda-0.1  0.384ˡ      0.350ᵃˡ       0.387ᵃˡ                 0.65  0.309ᵃˡ
c    BM25 + MT5-sum-lambda-0.2  0.398ᵃᵇˡ    0.362ᵃᵇˡ      0.397ᵃᵇˡ                0.65  0.317ᵃᵇˡ
d    BM25 + MT5-sum-lambda-0.3  0.414ᵃᵇᶜˡ   0.371ᵃᵇᶜˡ     0.405ᵃᵇᶜˡ               0.65  0.324ᵃᵇᶜˡ
e    BM25 + MT5-sum-lambda-0.4  0.421ᵃᵇᶜˡ   0.377ᵃᵇᶜᵈˡ    0.411ᵃᵇᶜᵈᵏˡ             0.65  0.329ᵃᵇᶜᵈˡ
f    BM25 + MT5-sum-lambda-0.5  0.429ᵃᵇᶜᵈˡ  0.383ᵃᵇᶜᵈᵉᵏˡ  0.418ᵃᵇᶜᵈᵉᶦʲᵏˡ          0.65  0.333ᵃᵇᶜᵈᵉʲᵏˡ
g    BM25 + MT5-sum-lambda-0.6  0.429ᵃᵇᶜᵈˡ  0.383ᵃᵇᶜᵈᵏˡ   0.419ᵃᵇᶜᵈᵉᶦʲᵏˡ          0.65  0.334ᵃᵇᶜᵈᵉᶦʲᵏˡ
h    BM25 + MT5-sum-lambda-0.7  0.424ᵃᵇᶜˡ   0.383ᵃᵇᶜᵈᵏˡ   0.417ᵃᵇᶜᵈᵉᶦʲᵏˡ          0.65  0.333ᵃᵇᶜᵈᵉᶦʲᵏˡ
i    BM25 + MT5-sum-lambda-0.8  0.418ᵃᵇˡ    0.380ᵃᵇᶜᵏˡ    0.412ᵃᵇᶜᵈʲᵏˡ            0.65  0.330ᵃᵇᶜᵈʲᵏˡ
j    BM25 + MT5-sum-lambda-0.9  0.415ᵃᵇˡ    0.377ᵃᵇᶜˡ     0.410ᵃᵇᶜᵏˡ              0.65  0.328ᵃᵇᶜᵏˡ
k    BM25 + MT5-sum-lambda-1    0.414ᵃᵇˡ    0.373ᵃᵇᶜˡ     0.405ᵃᵇᶜˡ               0.65  0.325ᵃᵇᶜˡ
l    BM25                       0.284       0.248         0.270                   0.65  0.215
2024-12-04 12:07:14,754 root INFO Starting To Rerank Top-100....
2024-12-04 12:15:30,414 root INFO Starting To Rerank Top-100....
2024-12-04 12:21:37,228 root INFO Starting To Rerank Top-100....
2024-12-04 12:26:59,402 root INFO Starting To Rerank Top-100....
2024-12-04 12:35:58,500 root INFO Starting To Rerank Top-100....
2024-12-04 12:36:17,265 root INFO Starting To Rerank Top-100....
2024-12-04 12:45:33,425 root INFO Starting To Rerank Top-100....
2024-12-04 12:51:56,752 root INFO Starting To Rerank Top-100....
2024-12-04 12:55:13,683 root INFO Starting To Rerank Top-100....
