2024-11-17 16:17:36,87 beir.datasets.data_loader INFO Loading Corpus...
2024-11-17 16:17:38,369 beir.datasets.data_loader INFO Loaded 171332 TEST Documents.
2024-11-17 16:17:38,375 beir.datasets.data_loader INFO Doc Example: {'text': 'OBJECTIVE: This retrospective chart review describes the epidemiology and clinical features of 40 patients with culture-proven Mycoplasma pneumoniae infections at King Abdulaziz University Hospital, Jeddah, Saudi Arabia. METHODS: Patients with positive M. pneumoniae cultures from respiratory specimens from January 1997 through December 1998 were identified through the Microbiology records. Charts of patients were reviewed. RESULTS: 40 patients were identified, 33 (82.5%) of whom required admission. Most infections (92.5%) were community-acquired. The infection affected all age groups but was most common in infants (32.5%) and pre-school children (22.5%). It occurred year-round but was most common in the fall (35%) and spring (30%). More than three-quarters of patients (77.5%) had comorbidities. Twenty-four isolates (60%) were associated with pneumonia, 14 (35%) with upper respiratory tract infections, and 2 (5%) with bronchiolitis. Cough (82.5%), fever (75%), and malaise (58.8%) were the most common symptoms, and crepitations (60%), and wheezes (40%) were the most common signs. Most patients with pneumonia had crepitations (79.2%) but only 25% had bronchial breathing. Immunocompromised patients were more likely than non-immunocompromised patients to present with pneumonia (8/9 versus 16/31, P = 0.05). Of the 24 patients with pneumonia, 14 (58.3%) had uneventful recovery, 4 (16.7%) recovered following some complications, 3 (12.5%) died because of M pneumoniae infection, and 3 (12.5%) died due to underlying comorbidities. The 3 patients who died of M pneumoniae pneumonia had other comorbidities. CONCLUSION: our results were similar to published data except for the finding that infections were more common in infants and preschool children and that the mortality rate of pneumonia in patients with comorbidities was high.', 'title': 'Clinical features of culture-proven Mycoplasma pneumoniae infections at King Abdulaziz University Hospital, Jeddah, Saudi Arabia'}
2024-11-17 16:17:38,375 beir.datasets.data_loader INFO Loading Queries...
2024-11-17 16:17:38,446 beir.datasets.data_loader INFO Loaded 50 TEST Queries.
2024-11-17 16:17:38,446 beir.datasets.data_loader INFO Query Example: what is the origin of COVID-19
2024-11-17 16:17:45,60 root INFO Activating Elasticsearch....
2024-11-17 16:17:45,60 root INFO Elastic Search Credentials: {'hostname': 'localhost', 'index_name': 'trec-covid', 'keys': {'title': 'title', 'body': 'txt'}, 'timeout': 100, 'retry_on_timeout': True, 'maxsize': 24, 'number_of_shards': 'default', 'language': 'english'}
2024-11-17 16:17:45,60 root INFO Deleting previous Elasticsearch-Index named - trec-covid
2024-11-17 16:17:47,65 root INFO Creating fresh Elasticsearch-Index named - trec-covid
2024-11-17 16:18:44,735 root INFO Starting To Rerank Top-100....
2024-11-17 16:38:27,547 beir.datasets.data_loader INFO Loading Corpus...
2024-11-17 16:38:28,790 beir.datasets.data_loader INFO Loaded 171332 TEST Documents.
2024-11-17 16:38:28,796 beir.datasets.data_loader INFO Doc Example: {'text': 'OBJECTIVE: This retrospective chart review describes the epidemiology and clinical features of 40 patients with culture-proven Mycoplasma pneumoniae infections at King Abdulaziz University Hospital, Jeddah, Saudi Arabia. METHODS: Patients with positive M. pneumoniae cultures from respiratory specimens from January 1997 through December 1998 were identified through the Microbiology records. Charts of patients were reviewed. RESULTS: 40 patients were identified, 33 (82.5%) of whom required admission. Most infections (92.5%) were community-acquired. The infection affected all age groups but was most common in infants (32.5%) and pre-school children (22.5%). It occurred year-round but was most common in the fall (35%) and spring (30%). More than three-quarters of patients (77.5%) had comorbidities. Twenty-four isolates (60%) were associated with pneumonia, 14 (35%) with upper respiratory tract infections, and 2 (5%) with bronchiolitis. Cough (82.5%), fever (75%), and malaise (58.8%) were the most common symptoms, and crepitations (60%), and wheezes (40%) were the most common signs. Most patients with pneumonia had crepitations (79.2%) but only 25% had bronchial breathing. Immunocompromised patients were more likely than non-immunocompromised patients to present with pneumonia (8/9 versus 16/31, P = 0.05). Of the 24 patients with pneumonia, 14 (58.3%) had uneventful recovery, 4 (16.7%) recovered following some complications, 3 (12.5%) died because of M pneumoniae infection, and 3 (12.5%) died due to underlying comorbidities. The 3 patients who died of M pneumoniae pneumonia had other comorbidities. CONCLUSION: our results were similar to published data except for the finding that infections were more common in infants and preschool children and that the mortality rate of pneumonia in patients with comorbidities was high.', 'title': 'Clinical features of culture-proven Mycoplasma pneumoniae infections at King Abdulaziz University Hospital, Jeddah, Saudi Arabia'}
2024-11-17 16:38:28,796 beir.datasets.data_loader INFO Loading Queries...
2024-11-17 16:38:28,836 beir.datasets.data_loader INFO Loaded 50 TEST Queries.
2024-11-17 16:38:28,836 beir.datasets.data_loader INFO Query Example: what is the origin of COVID-19
2024-11-17 16:38:35,257 root INFO Activating Elasticsearch....
2024-11-17 16:38:35,257 root INFO Elastic Search Credentials: {'hostname': 'localhost', 'index_name': 'trec-covid', 'keys': {'title': 'title', 'body': 'txt'}, 'timeout': 100, 'retry_on_timeout': True, 'maxsize': 24, 'number_of_shards': 'default', 'language': 'english'}
2024-11-17 16:38:35,258 root INFO Deleting previous Elasticsearch-Index named - trec-covid
2024-11-17 16:38:37,518 root INFO Creating fresh Elasticsearch-Index named - trec-covid
2024-11-17 16:39:36,111 root INFO Starting To Rerank Top-100....
2024-11-17 16:40:52,283 root INFO Activating Elasticsearch....
2024-11-17 16:40:52,283 root INFO Elastic Search Credentials: {'hostname': 'localhost', 'index_name': 'trec-covid', 'keys': {'title': 'title', 'body': 'txt'}, 'timeout': 100, 'retry_on_timeout': True, 'maxsize': 24, 'number_of_shards': 'default', 'language': 'english'}
2024-11-17 16:40:52,284 root INFO Deleting previous Elasticsearch-Index named - trec-covid
2024-11-17 16:40:54,542 root INFO Creating fresh Elasticsearch-Index named - trec-covid
2024-11-17 16:41:51,218 root INFO Starting To Rerank Top-100....
2024-11-17 16:42:56,198 root INFO Activating Elasticsearch....
2024-11-17 16:42:56,198 root INFO Elastic Search Credentials: {'hostname': 'localhost', 'index_name': 'trec-covid', 'keys': {'title': 'title', 'body': 'txt'}, 'timeout': 100, 'retry_on_timeout': True, 'maxsize': 24, 'number_of_shards': 'default', 'language': 'english'}
2024-11-17 16:42:56,198 root INFO Deleting previous Elasticsearch-Index named - trec-covid
2024-11-17 16:42:58,497 root INFO Creating fresh Elasticsearch-Index named - trec-covid
2024-11-17 16:44:01,312 root INFO Starting To Rerank Top-100....
2024-11-17 16:45:06,523 root INFO Activating Elasticsearch....
2024-11-17 16:45:06,524 root INFO Elastic Search Credentials: {'hostname': 'localhost', 'index_name': 'trec-covid', 'keys': {'title': 'title', 'body': 'txt'}, 'timeout': 100, 'retry_on_timeout': True, 'maxsize': 24, 'number_of_shards': 'default', 'language': 'english'}
2024-11-17 16:45:06,524 root INFO Deleting previous Elasticsearch-Index named - trec-covid
2024-11-17 16:45:08,816 root INFO Creating fresh Elasticsearch-Index named - trec-covid
2024-11-17 16:46:08,512 root INFO Starting To Rerank Top-100....
2024-11-17 16:47:14,206 root INFO Activating Elasticsearch....
2024-11-17 16:47:14,206 root INFO Elastic Search Credentials: {'hostname': 'localhost', 'index_name': 'trec-covid', 'keys': {'title': 'title', 'body': 'txt'}, 'timeout': 100, 'retry_on_timeout': True, 'maxsize': 24, 'number_of_shards': 'default', 'language': 'english'}
2024-11-17 16:47:14,206 root INFO Deleting previous Elasticsearch-Index named - trec-covid
2024-11-17 16:47:16,496 root INFO Creating fresh Elasticsearch-Index named - trec-covid
2024-11-17 16:48:13,103 root INFO Starting To Rerank Top-100....
2024-11-17 16:49:17,283 root INFO Activating Elasticsearch....
2024-11-17 16:49:17,284 root INFO Elastic Search Credentials: {'hostname': 'localhost', 'index_name': 'trec-covid', 'keys': {'title': 'title', 'body': 'txt'}, 'timeout': 100, 'retry_on_timeout': True, 'maxsize': 24, 'number_of_shards': 'default', 'language': 'english'}
2024-11-17 16:49:17,284 root INFO Deleting previous Elasticsearch-Index named - trec-covid
2024-11-17 16:49:19,601 root INFO Creating fresh Elasticsearch-Index named - trec-covid
2024-11-17 16:50:15,371 root INFO Starting To Rerank Top-100....
2024-11-17 16:51:13,189 root INFO Activating Elasticsearch....
2024-11-17 16:51:13,189 root INFO Elastic Search Credentials: {'hostname': 'localhost', 'index_name': 'trec-covid', 'keys': {'title': 'title', 'body': 'txt'}, 'timeout': 100, 'retry_on_timeout': True, 'maxsize': 24, 'number_of_shards': 'default', 'language': 'english'}
2024-11-17 16:51:13,189 root INFO Deleting previous Elasticsearch-Index named - trec-covid
2024-11-17 16:51:15,447 root INFO Creating fresh Elasticsearch-Index named - trec-covid
2024-11-17 16:52:11,78 root INFO Starting To Rerank Top-100....
2024-11-17 16:53:14,664 root INFO Activating Elasticsearch....
2024-11-17 16:53:14,664 root INFO Elastic Search Credentials: {'hostname': 'localhost', 'index_name': 'trec-covid', 'keys': {'title': 'title', 'body': 'txt'}, 'timeout': 100, 'retry_on_timeout': True, 'maxsize': 24, 'number_of_shards': 'default', 'language': 'english'}
2024-11-17 16:53:14,665 root INFO Deleting previous Elasticsearch-Index named - trec-covid
2024-11-17 16:53:16,912 root INFO Creating fresh Elasticsearch-Index named - trec-covid
2024-11-17 16:54:18,648 root INFO Starting To Rerank Top-100....
2024-11-17 16:55:24,436 root INFO Activating Elasticsearch....
2024-11-17 16:55:24,436 root INFO Elastic Search Credentials: {'hostname': 'localhost', 'index_name': 'trec-covid', 'keys': {'title': 'title', 'body': 'txt'}, 'timeout': 100, 'retry_on_timeout': True, 'maxsize': 24, 'number_of_shards': 'default', 'language': 'english'}
2024-11-17 16:55:24,436 root INFO Deleting previous Elasticsearch-Index named - trec-covid
2024-11-17 16:55:26,759 root INFO Creating fresh Elasticsearch-Index named - trec-covid
2024-11-17 16:56:23,482 root INFO Starting To Rerank Top-100....
2024-11-17 16:57:30,364 root INFO Activating Elasticsearch....
2024-11-17 16:57:30,364 root INFO Elastic Search Credentials: {'hostname': 'localhost', 'index_name': 'trec-covid', 'keys': {'title': 'title', 'body': 'txt'}, 'timeout': 100, 'retry_on_timeout': True, 'maxsize': 24, 'number_of_shards': 'default', 'language': 'english'}
2024-11-17 16:57:30,364 root INFO Deleting previous Elasticsearch-Index named - trec-covid
2024-11-17 16:57:32,667 root INFO Creating fresh Elasticsearch-Index named - trec-covid
2024-11-17 16:58:30,356 root INFO Starting To Rerank Top-100....
2024-11-17 16:59:31,640 root INFO Activating Elasticsearch....
2024-11-17 16:59:31,641 root INFO Elastic Search Credentials: {'hostname': 'localhost', 'index_name': 'trec-covid', 'keys': {'title': 'title', 'body': 'txt'}, 'timeout': 100, 'retry_on_timeout': True, 'maxsize': 24, 'number_of_shards': 'default', 'language': 'english'}
2024-11-17 16:59:31,641 root INFO Deleting previous Elasticsearch-Index named - trec-covid
2024-11-17 16:59:33,927 root INFO Creating fresh Elasticsearch-Index named - trec-covid
2024-11-17 17:00:32,430 root INFO Starting To Rerank Top-100....
2024-11-17 17:01:28,571 root INFO Activating Elasticsearch....
2024-11-17 17:01:28,571 root INFO Elastic Search Credentials: {'hostname': 'localhost', 'index_name': 'trec-covid', 'keys': {'title': 'title', 'body': 'txt'}, 'timeout': 100, 'retry_on_timeout': True, 'maxsize': 24, 'number_of_shards': 'default', 'language': 'english'}
2024-11-17 17:01:28,572 root INFO Deleting previous Elasticsearch-Index named - trec-covid
2024-11-17 17:01:30,868 root INFO Creating fresh Elasticsearch-Index named - trec-covid
2024-11-17 17:02:28,448 root INFO Starting To Rerank Top-100....
2024-11-17 17:03:33,643 root INFO Activating Elasticsearch....
2024-11-17 17:03:33,643 root INFO Elastic Search Credentials: {'hostname': 'localhost', 'index_name': 'trec-covid', 'keys': {'title': 'title', 'body': 'txt'}, 'timeout': 100, 'retry_on_timeout': True, 'maxsize': 24, 'number_of_shards': 'default', 'language': 'english'}
2024-11-17 17:03:33,643 root INFO Deleting previous Elasticsearch-Index named - trec-covid
2024-11-17 17:03:36,10 root INFO Creating fresh Elasticsearch-Index named - trec-covid
2024-11-17 17:04:33,597 root INFO Starting To Rerank Top-100....
2024-11-17 17:05:35,267 root INFO Activating Elasticsearch....
2024-11-17 17:05:35,267 root INFO Elastic Search Credentials: {'hostname': 'localhost', 'index_name': 'trec-covid', 'keys': {'title': 'title', 'body': 'txt'}, 'timeout': 100, 'retry_on_timeout': True, 'maxsize': 24, 'number_of_shards': 1, 'language': 'english'}
2024-11-17 17:05:35,267 root INFO Deleting previous Elasticsearch-Index named - trec-covid
2024-11-17 17:05:37,565 root INFO Creating fresh Elasticsearch-Index named - trec-covid
2024-11-17 17:05:38,479 root INFO Activating Elasticsearch....
2024-11-17 17:05:38,479 root INFO Elastic Search Credentials: {'hostname': 'localhost', 'index_name': 'trec-covid', 'keys': {'title': 'title', 'body': 'txt'}, 'timeout': 100, 'retry_on_timeout': True, 'maxsize': 24, 'number_of_shards': 'default', 'language': 'english'}
2024-11-17 17:05:38,479 root INFO Deleting previous Elasticsearch-Index named - trec-covid
2024-11-17 17:05:40,711 root INFO Creating fresh Elasticsearch-Index named - trec-covid
2024-11-17 17:06:37,334 root INFO Starting To Rerank Top-100....
2024-11-17 17:41:38,698 beir.datasets.data_loader INFO Loading Corpus...
2024-11-17 17:41:39,964 beir.datasets.data_loader INFO Loaded 171332 TEST Documents.
2024-11-17 17:41:39,970 beir.datasets.data_loader INFO Doc Example: {'text': 'OBJECTIVE: This retrospective chart review describes the epidemiology and clinical features of 40 patients with culture-proven Mycoplasma pneumoniae infections at King Abdulaziz University Hospital, Jeddah, Saudi Arabia. METHODS: Patients with positive M. pneumoniae cultures from respiratory specimens from January 1997 through December 1998 were identified through the Microbiology records. Charts of patients were reviewed. RESULTS: 40 patients were identified, 33 (82.5%) of whom required admission. Most infections (92.5%) were community-acquired. The infection affected all age groups but was most common in infants (32.5%) and pre-school children (22.5%). It occurred year-round but was most common in the fall (35%) and spring (30%). More than three-quarters of patients (77.5%) had comorbidities. Twenty-four isolates (60%) were associated with pneumonia, 14 (35%) with upper respiratory tract infections, and 2 (5%) with bronchiolitis. Cough (82.5%), fever (75%), and malaise (58.8%) were the most common symptoms, and crepitations (60%), and wheezes (40%) were the most common signs. Most patients with pneumonia had crepitations (79.2%) but only 25% had bronchial breathing. Immunocompromised patients were more likely than non-immunocompromised patients to present with pneumonia (8/9 versus 16/31, P = 0.05). Of the 24 patients with pneumonia, 14 (58.3%) had uneventful recovery, 4 (16.7%) recovered following some complications, 3 (12.5%) died because of M pneumoniae infection, and 3 (12.5%) died due to underlying comorbidities. The 3 patients who died of M pneumoniae pneumonia had other comorbidities. CONCLUSION: our results were similar to published data except for the finding that infections were more common in infants and preschool children and that the mortality rate of pneumonia in patients with comorbidities was high.', 'title': 'Clinical features of culture-proven Mycoplasma pneumoniae infections at King Abdulaziz University Hospital, Jeddah, Saudi Arabia'}
2024-11-17 17:41:39,970 beir.datasets.data_loader INFO Loading Queries...
2024-11-17 17:41:40,11 beir.datasets.data_loader INFO Loaded 50 TEST Queries.
2024-11-17 17:41:40,11 beir.datasets.data_loader INFO Query Example: what is the origin of COVID-19
2024-11-17 17:41:46,474 root INFO Activating Elasticsearch....
2024-11-17 17:41:46,474 root INFO Elastic Search Credentials: {'hostname': 'localhost', 'index_name': 'trec-covid', 'keys': {'title': 'title', 'body': 'txt'}, 'timeout': 100, 'retry_on_timeout': True, 'maxsize': 24, 'number_of_shards': 'default', 'language': 'english'}
2024-11-17 17:41:46,474 root INFO Deleting previous Elasticsearch-Index named - trec-covid
2024-11-17 17:41:48,707 root INFO Creating fresh Elasticsearch-Index named - trec-covid
2024-11-17 17:42:45,35 root INFO Starting To Rerank Top-100....
2024-11-17 17:43:35,767 root INFO Activating Elasticsearch....
2024-11-17 17:43:35,767 root INFO Elastic Search Credentials: {'hostname': 'localhost', 'index_name': 'trec-covid', 'keys': {'title': 'title', 'body': 'txt'}, 'timeout': 100, 'retry_on_timeout': True, 'maxsize': 24, 'number_of_shards': 'default', 'language': 'english'}
2024-11-17 17:43:35,767 root INFO Deleting previous Elasticsearch-Index named - trec-covid
2024-11-17 17:43:38,61 root INFO Creating fresh Elasticsearch-Index named - trec-covid
2024-11-17 17:44:36,532 root INFO Starting To Rerank Top-100....
2024-11-17 17:45:16,917 root INFO Activating Elasticsearch....
2024-11-17 17:45:16,917 root INFO Elastic Search Credentials: {'hostname': 'localhost', 'index_name': 'trec-covid', 'keys': {'title': 'title', 'body': 'txt'}, 'timeout': 100, 'retry_on_timeout': True, 'maxsize': 24, 'number_of_shards': 'default', 'language': 'english'}
2024-11-17 17:45:16,918 root INFO Deleting previous Elasticsearch-Index named - trec-covid
2024-11-17 17:45:19,186 root INFO Creating fresh Elasticsearch-Index named - trec-covid
2024-11-17 17:46:17,745 root INFO Starting To Rerank Top-100....
2024-11-17 17:46:57,662 root INFO Activating Elasticsearch....
2024-11-17 17:46:57,663 root INFO Elastic Search Credentials: {'hostname': 'localhost', 'index_name': 'trec-covid', 'keys': {'title': 'title', 'body': 'txt'}, 'timeout': 100, 'retry_on_timeout': True, 'maxsize': 24, 'number_of_shards': 'default', 'language': 'english'}
2024-11-17 17:46:57,663 root INFO Deleting previous Elasticsearch-Index named - trec-covid
2024-11-17 17:46:59,920 root INFO Creating fresh Elasticsearch-Index named - trec-covid
2024-11-17 17:47:57,391 root INFO Starting To Rerank Top-100....
2024-11-17 17:48:37,598 root INFO Activating Elasticsearch....
2024-11-17 17:48:37,598 root INFO Elastic Search Credentials: {'hostname': 'localhost', 'index_name': 'trec-covid', 'keys': {'title': 'title', 'body': 'txt'}, 'timeout': 100, 'retry_on_timeout': True, 'maxsize': 24, 'number_of_shards': 'default', 'language': 'english'}
2024-11-17 17:48:37,598 root INFO Deleting previous Elasticsearch-Index named - trec-covid
2024-11-17 17:48:39,898 root INFO Creating fresh Elasticsearch-Index named - trec-covid
2024-11-17 17:49:35,567 root INFO Starting To Rerank Top-100....
2024-11-17 17:50:15,927 root INFO Activating Elasticsearch....
2024-11-17 17:50:15,927 root INFO Elastic Search Credentials: {'hostname': 'localhost', 'index_name': 'trec-covid', 'keys': {'title': 'title', 'body': 'txt'}, 'timeout': 100, 'retry_on_timeout': True, 'maxsize': 24, 'number_of_shards': 'default', 'language': 'english'}
2024-11-17 17:50:15,927 root INFO Deleting previous Elasticsearch-Index named - trec-covid
2024-11-17 17:50:18,195 root INFO Creating fresh Elasticsearch-Index named - trec-covid
2024-11-17 17:51:17,751 root INFO Starting To Rerank Top-100....
2024-11-17 17:51:57,809 root INFO Activating Elasticsearch....
2024-11-17 17:51:57,809 root INFO Elastic Search Credentials: {'hostname': 'localhost', 'index_name': 'trec-covid', 'keys': {'title': 'title', 'body': 'txt'}, 'timeout': 100, 'retry_on_timeout': True, 'maxsize': 24, 'number_of_shards': 'default', 'language': 'english'}
2024-11-17 17:51:57,809 root INFO Deleting previous Elasticsearch-Index named - trec-covid
2024-11-17 17:52:00,81 root INFO Creating fresh Elasticsearch-Index named - trec-covid
2024-11-17 17:52:58,509 root INFO Starting To Rerank Top-100....
2024-11-17 17:53:38,250 root INFO Activating Elasticsearch....
2024-11-17 17:53:38,250 root INFO Elastic Search Credentials: {'hostname': 'localhost', 'index_name': 'trec-covid', 'keys': {'title': 'title', 'body': 'txt'}, 'timeout': 100, 'retry_on_timeout': True, 'maxsize': 24, 'number_of_shards': 'default', 'language': 'english'}
2024-11-17 17:53:38,251 root INFO Deleting previous Elasticsearch-Index named - trec-covid
2024-11-17 17:53:40,546 root INFO Creating fresh Elasticsearch-Index named - trec-covid
2024-11-17 17:54:40,206 root INFO Starting To Rerank Top-100....
2024-11-17 17:55:20,91 root INFO Activating Elasticsearch....
2024-11-17 17:55:20,91 root INFO Elastic Search Credentials: {'hostname': 'localhost', 'index_name': 'trec-covid', 'keys': {'title': 'title', 'body': 'txt'}, 'timeout': 100, 'retry_on_timeout': True, 'maxsize': 24, 'number_of_shards': 'default', 'language': 'english'}
2024-11-17 17:55:20,91 root INFO Deleting previous Elasticsearch-Index named - trec-covid
2024-11-17 17:55:22,438 root INFO Creating fresh Elasticsearch-Index named - trec-covid
2024-11-17 17:56:20,2 root INFO Starting To Rerank Top-100....
2024-11-17 17:57:00,92 root INFO Activating Elasticsearch....
2024-11-17 17:57:00,93 root INFO Elastic Search Credentials: {'hostname': 'localhost', 'index_name': 'trec-covid', 'keys': {'title': 'title', 'body': 'txt'}, 'timeout': 100, 'retry_on_timeout': True, 'maxsize': 24, 'number_of_shards': 'default', 'language': 'english'}
2024-11-17 17:57:00,93 root INFO Deleting previous Elasticsearch-Index named - trec-covid
2024-11-17 17:57:02,387 root INFO Creating fresh Elasticsearch-Index named - trec-covid
2024-11-17 17:57:58,26 root INFO Starting To Rerank Top-100....
2024-11-17 17:58:38,93 root INFO Activating Elasticsearch....
2024-11-17 17:58:38,93 root INFO Elastic Search Credentials: {'hostname': 'localhost', 'index_name': 'trec-covid', 'keys': {'title': 'title', 'body': 'txt'}, 'timeout': 100, 'retry_on_timeout': True, 'maxsize': 24, 'number_of_shards': 'default', 'language': 'english'}
2024-11-17 17:58:38,93 root INFO Deleting previous Elasticsearch-Index named - trec-covid
2024-11-17 17:58:40,357 root INFO Creating fresh Elasticsearch-Index named - trec-covid
2024-11-17 17:59:39,935 root INFO Starting To Rerank Top-100....
2024-11-17 18:00:19,727 root INFO Activating Elasticsearch....
2024-11-17 18:00:19,727 root INFO Elastic Search Credentials: {'hostname': 'localhost', 'index_name': 'trec-covid', 'keys': {'title': 'title', 'body': 'txt'}, 'timeout': 100, 'retry_on_timeout': True, 'maxsize': 24, 'number_of_shards': 'default', 'language': 'english'}
2024-11-17 18:00:19,728 root INFO Deleting previous Elasticsearch-Index named - trec-covid
2024-11-17 18:00:21,992 root INFO Creating fresh Elasticsearch-Index named - trec-covid
2024-11-17 18:01:19,574 root INFO Starting To Rerank Top-100....
2024-11-17 18:01:59,438 root INFO Activating Elasticsearch....
2024-11-17 18:01:59,439 root INFO Elastic Search Credentials: {'hostname': 'localhost', 'index_name': 'trec-covid', 'keys': {'title': 'title', 'body': 'txt'}, 'timeout': 100, 'retry_on_timeout': True, 'maxsize': 24, 'number_of_shards': 'default', 'language': 'english'}
2024-11-17 18:01:59,439 root INFO Deleting previous Elasticsearch-Index named - trec-covid
2024-11-17 18:02:01,740 root INFO Creating fresh Elasticsearch-Index named - trec-covid
2024-11-17 18:03:01,357 root INFO Starting To Rerank Top-100....
2024-11-17 18:03:38,514 root INFO Activating Elasticsearch....
2024-11-17 18:03:38,514 root INFO Elastic Search Credentials: {'hostname': 'localhost', 'index_name': 'trec-covid', 'keys': {'title': 'title', 'body': 'txt'}, 'timeout': 100, 'retry_on_timeout': True, 'maxsize': 24, 'number_of_shards': 1, 'language': 'english'}
2024-11-17 18:03:38,515 root INFO Deleting previous Elasticsearch-Index named - trec-covid
2024-11-17 18:03:40,775 root INFO Creating fresh Elasticsearch-Index named - trec-covid
2024-11-17 18:03:41,785 root INFO Activating Elasticsearch....
2024-11-17 18:03:41,786 root INFO Elastic Search Credentials: {'hostname': 'localhost', 'index_name': 'trec-covid', 'keys': {'title': 'title', 'body': 'txt'}, 'timeout': 100, 'retry_on_timeout': True, 'maxsize': 24, 'number_of_shards': 'default', 'language': 'english'}
2024-11-17 18:03:41,786 root INFO Deleting previous Elasticsearch-Index named - trec-covid
2024-11-17 18:03:44,51 root INFO Creating fresh Elasticsearch-Index named - trec-covid
2024-11-17 18:04:44,580 root INFO Starting To Rerank Top-100....
2024-11-17 18:05:22,383 main INFO 
#    Model                        P@1  NDCG@3         NDCG@10              Recall@100  MAP@100
---  -------------------------  -----  -------------  -----------------  ------------  -----------------
a    BM25 + T5-sum-lambda-0      0.88  0.783ⁿ         0.712ⁿ                    0.117  0.089ⁿᵒ
b    BM25 + T5-sum-lambda-0.1    0.88  0.777ⁿ         0.713ⁿ                    0.117  0.089ⁿᵒ
c    BM25 + T5-sum-lambda-0.2    0.88  0.772ⁿ         0.712ⁿ                    0.117  0.089ᵇⁿᵒ
d    BM25 + T5-sum-lambda-0.3    0.88  0.772ⁿ         0.715ⁿ                    0.117  0.090ᵃᵇᶜⁿᵒ
e    BM25 + T5-sum-lambda-0.35   0.88  0.775ⁿ         0.715ⁿ                    0.117  0.090ᵃᵇᶜᵈᵐⁿᵒ
f    BM25 + T5-sum-lambda-0.4    0.88  0.779ⁿ         0.716ⁿ                    0.117  0.091ᵃᵇᶜᵈᵉᵐⁿᵒ
g    BM25 + T5-sum-lambda-0.5    0.9   0.806ⁿ         0.727ⁿᵒ                   0.117  0.092ᵃᵇᶜᵈᵉᶠᵐⁿᵒ
h    BM25 + T5-sum-lambda-0.6    0.9   0.799ⁿ         0.731ⁿᵒ                   0.117  0.093ᵃᵇᶜᵈᵉᶠᵍˡᵐⁿᵒ
i    BM25 + T5-sum-lambda-0.7    0.9   0.836ⁿ         0.751ⁿᵒ                   0.117  0.095ᵃᵇᶜᵈᵉᶠᵍʰˡᵐⁿᵒ
j    BM25 + T5-sum-lambda-0.8    0.94  0.863ᵇᶜᵈᵉᶠᵐⁿᵒ  0.781ᵃᵇᶜᵈᵉᶠᵍʰˡᵐⁿᵒ         0.117  0.095ᵃᵇᶜᵈᵉᶠᵍᵏˡᵐⁿᵒ
k    BM25 + T5-sum-lambda-0.9    0.94  0.862ᵐⁿ        0.763ᵇᶜᵈˡᵐⁿᵒ              0.117  0.092ˡᵐⁿᵒ
l    BM25 + T5-sum-lambda-1      0.94  0.832ⁿ         0.730ⁿ                    0.117  0.088ᵐⁿ
m    BM25 + T5-sum-lambda-1.5    0.9   0.757ⁿ         0.683ⁿ                    0.117  0.086ⁿ
n    BM25 + Sci-T5               0.82  0.642          0.599                     0.117  0.079
o    BM25                        0.88  0.764ⁿ         0.688ⁿ                    0.117  0.085ⁿ
2024-11-17 18:05:22,385 beir.util INFO Downloading scidocs.zip ...
2024-11-17 18:05:42,728 beir.util INFO Unzipping scidocs.zip ...
2024-11-17 18:05:44,308 beir.datasets.data_loader INFO Loading Corpus...
2024-11-17 18:05:45,326 beir.datasets.data_loader INFO Loaded 25657 TEST Documents.
2024-11-17 18:05:45,327 beir.datasets.data_loader INFO Doc Example: {'text': 'An evolutionary recurrent network which automates the design of recurrent neural/fuzzy networks using a new evolutionary learning algorithm is proposed in this paper. This new evolutionary learning algorithm is based on a hybrid of genetic algorithm (GA) and particle swarm optimization (PSO), and is thus called HGAPSO. In HGAPSO, individuals in a new generation are created, not only by crossover and mutation operation as in GA, but also by PSO. The concept of elite strategy is adopted in HGAPSO, where the upper-half of the best-performing individuals in a population are regarded as elites. However, instead of being reproduced directly to the next generation, these elites are first enhanced. The group constituted by the elites is regarded as a swarm, and each elite corresponds to a particle within it. In this regard, the elites are enhanced by PSO, an operation which mimics the maturing phenomenon in nature. These enhanced elites constitute half of the population in the new generation, whereas the other half is generated by performing crossover and mutation operation on these enhanced elites. HGAPSO is applied to recurrent neural/fuzzy network design as follows. For recurrent neural network, a fully connected recurrent neural network is designed and applied to a temporal sequence production problem. For recurrent fuzzy network design, a Takagi-Sugeno-Kang-type recurrent fuzzy network is designed and applied to dynamic plant control. The performance of HGAPSO is compared to both GA and PSO in these recurrent networks design problems, demonstrating its superiority.', 'title': 'A hybrid of genetic algorithm and particle swarm optimization for recurrent network design'}
2024-11-17 18:05:45,327 beir.datasets.data_loader INFO Loading Queries...
2024-11-17 18:05:45,374 beir.datasets.data_loader INFO Loaded 1000 TEST Queries.
2024-11-17 18:05:45,374 beir.datasets.data_loader INFO Query Example: A Direct Search Method to solve Economic Dispatch Problem with Valve-Point Effect
2024-11-17 18:05:49,774 root INFO Activating Elasticsearch....
2024-11-17 18:05:49,774 root INFO Elastic Search Credentials: {'hostname': 'localhost', 'index_name': 'scidocs', 'keys': {'title': 'title', 'body': 'txt'}, 'timeout': 100, 'retry_on_timeout': True, 'maxsize': 24, 'number_of_shards': 'default', 'language': 'english'}
2024-11-17 18:05:49,774 root INFO Deleting previous Elasticsearch-Index named - scidocs
2024-11-17 18:05:51,779 root INFO Creating fresh Elasticsearch-Index named - scidocs
2024-11-17 18:06:24,615 root INFO Starting To Rerank Top-100....
2024-11-17 18:18:12,602 root INFO Activating Elasticsearch....
2024-11-17 18:18:12,602 root INFO Elastic Search Credentials: {'hostname': 'localhost', 'index_name': 'scidocs', 'keys': {'title': 'title', 'body': 'txt'}, 'timeout': 100, 'retry_on_timeout': True, 'maxsize': 24, 'number_of_shards': 'default', 'language': 'english'}
2024-11-17 18:18:12,603 root INFO Deleting previous Elasticsearch-Index named - scidocs
2024-11-17 18:18:14,845 root INFO Creating fresh Elasticsearch-Index named - scidocs
2024-11-17 18:18:36,634 root INFO Starting To Rerank Top-100....
2024-11-17 18:30:14,338 root INFO Activating Elasticsearch....
2024-11-17 18:30:14,338 root INFO Elastic Search Credentials: {'hostname': 'localhost', 'index_name': 'scidocs', 'keys': {'title': 'title', 'body': 'txt'}, 'timeout': 100, 'retry_on_timeout': True, 'maxsize': 24, 'number_of_shards': 'default', 'language': 'english'}
2024-11-17 18:30:14,338 root INFO Deleting previous Elasticsearch-Index named - scidocs
2024-11-17 18:30:16,540 root INFO Creating fresh Elasticsearch-Index named - scidocs
2024-11-17 18:30:38,707 root INFO Starting To Rerank Top-100....
2024-11-17 18:42:16,352 root INFO Activating Elasticsearch....
2024-11-17 18:42:16,352 root INFO Elastic Search Credentials: {'hostname': 'localhost', 'index_name': 'scidocs', 'keys': {'title': 'title', 'body': 'txt'}, 'timeout': 100, 'retry_on_timeout': True, 'maxsize': 24, 'number_of_shards': 'default', 'language': 'english'}
2024-11-17 18:42:16,352 root INFO Deleting previous Elasticsearch-Index named - scidocs
2024-11-17 18:42:18,550 root INFO Creating fresh Elasticsearch-Index named - scidocs
2024-11-17 18:42:40,307 root INFO Starting To Rerank Top-100....
2024-11-17 18:54:19,485 root INFO Activating Elasticsearch....
2024-11-17 18:54:19,485 root INFO Elastic Search Credentials: {'hostname': 'localhost', 'index_name': 'scidocs', 'keys': {'title': 'title', 'body': 'txt'}, 'timeout': 100, 'retry_on_timeout': True, 'maxsize': 24, 'number_of_shards': 'default', 'language': 'english'}
2024-11-17 18:54:19,485 root INFO Deleting previous Elasticsearch-Index named - scidocs
2024-11-17 18:54:21,718 root INFO Creating fresh Elasticsearch-Index named - scidocs
2024-11-17 18:54:43,682 root INFO Starting To Rerank Top-100....
2024-11-17 19:06:23,598 root INFO Activating Elasticsearch....
2024-11-17 19:06:23,598 root INFO Elastic Search Credentials: {'hostname': 'localhost', 'index_name': 'scidocs', 'keys': {'title': 'title', 'body': 'txt'}, 'timeout': 100, 'retry_on_timeout': True, 'maxsize': 24, 'number_of_shards': 'default', 'language': 'english'}
2024-11-17 19:06:23,599 root INFO Deleting previous Elasticsearch-Index named - scidocs
2024-11-17 19:06:25,797 root INFO Creating fresh Elasticsearch-Index named - scidocs
2024-11-17 19:06:48,54 root INFO Starting To Rerank Top-100....
2024-11-17 19:21:55,224 root INFO Activating Elasticsearch....
2024-11-17 19:21:55,224 root INFO Elastic Search Credentials: {'hostname': 'localhost', 'index_name': 'scidocs', 'keys': {'title': 'title', 'body': 'txt'}, 'timeout': 100, 'retry_on_timeout': True, 'maxsize': 24, 'number_of_shards': 'default', 'language': 'english'}
2024-11-17 19:21:55,224 root INFO Deleting previous Elasticsearch-Index named - scidocs
2024-11-17 19:21:57,417 root INFO Creating fresh Elasticsearch-Index named - scidocs
2024-11-17 19:22:20,300 root INFO Starting To Rerank Top-100....
2024-11-17 19:38:17,64 root INFO Activating Elasticsearch....
2024-11-17 19:38:17,64 root INFO Elastic Search Credentials: {'hostname': 'localhost', 'index_name': 'scidocs', 'keys': {'title': 'title', 'body': 'txt'}, 'timeout': 100, 'retry_on_timeout': True, 'maxsize': 24, 'number_of_shards': 'default', 'language': 'english'}
2024-11-17 19:38:17,65 root INFO Deleting previous Elasticsearch-Index named - scidocs
2024-11-17 19:38:19,292 root INFO Creating fresh Elasticsearch-Index named - scidocs
2024-11-17 19:38:42,581 root INFO Starting To Rerank Top-100....
2024-11-17 19:52:56,658 root INFO Activating Elasticsearch....
2024-11-17 19:52:56,659 root INFO Elastic Search Credentials: {'hostname': 'localhost', 'index_name': 'scidocs', 'keys': {'title': 'title', 'body': 'txt'}, 'timeout': 100, 'retry_on_timeout': True, 'maxsize': 24, 'number_of_shards': 'default', 'language': 'english'}
2024-11-17 19:52:56,659 root INFO Deleting previous Elasticsearch-Index named - scidocs
2024-11-17 19:52:58,873 root INFO Creating fresh Elasticsearch-Index named - scidocs
2024-11-17 19:53:21,312 root INFO Starting To Rerank Top-100....
2024-11-17 20:07:32,612 root INFO Activating Elasticsearch....
2024-11-17 20:07:32,612 root INFO Elastic Search Credentials: {'hostname': 'localhost', 'index_name': 'scidocs', 'keys': {'title': 'title', 'body': 'txt'}, 'timeout': 100, 'retry_on_timeout': True, 'maxsize': 24, 'number_of_shards': 'default', 'language': 'english'}
2024-11-17 20:07:32,613 root INFO Deleting previous Elasticsearch-Index named - scidocs
2024-11-17 20:07:34,835 root INFO Creating fresh Elasticsearch-Index named - scidocs
2024-11-17 20:07:57,186 root INFO Starting To Rerank Top-100....
2024-11-17 20:22:36,520 root INFO Activating Elasticsearch....
2024-11-17 20:22:36,520 root INFO Elastic Search Credentials: {'hostname': 'localhost', 'index_name': 'scidocs', 'keys': {'title': 'title', 'body': 'txt'}, 'timeout': 100, 'retry_on_timeout': True, 'maxsize': 24, 'number_of_shards': 'default', 'language': 'english'}
2024-11-17 20:22:36,520 root INFO Deleting previous Elasticsearch-Index named - scidocs
2024-11-17 20:22:38,706 root INFO Creating fresh Elasticsearch-Index named - scidocs
2024-11-17 20:23:00,508 root INFO Starting To Rerank Top-100....
2024-11-17 20:39:27,127 root INFO Activating Elasticsearch....
2024-11-17 20:39:27,127 root INFO Elastic Search Credentials: {'hostname': 'localhost', 'index_name': 'scidocs', 'keys': {'title': 'title', 'body': 'txt'}, 'timeout': 100, 'retry_on_timeout': True, 'maxsize': 24, 'number_of_shards': 'default', 'language': 'english'}
2024-11-17 20:39:27,127 root INFO Deleting previous Elasticsearch-Index named - scidocs
2024-11-17 20:39:29,365 root INFO Creating fresh Elasticsearch-Index named - scidocs
2024-11-17 20:39:52,61 root INFO Starting To Rerank Top-100....
2024-11-17 20:54:57,579 root INFO Activating Elasticsearch....
2024-11-17 20:54:57,579 root INFO Elastic Search Credentials: {'hostname': 'localhost', 'index_name': 'scidocs', 'keys': {'title': 'title', 'body': 'txt'}, 'timeout': 100, 'retry_on_timeout': True, 'maxsize': 24, 'number_of_shards': 'default', 'language': 'english'}
2024-11-17 20:54:57,580 root INFO Deleting previous Elasticsearch-Index named - scidocs
2024-11-17 20:54:59,827 root INFO Creating fresh Elasticsearch-Index named - scidocs
2024-11-17 20:55:22,846 root INFO Starting To Rerank Top-100....
2024-11-17 21:10:51,899 root INFO Activating Elasticsearch....
2024-11-17 21:10:51,899 root INFO Elastic Search Credentials: {'hostname': 'localhost', 'index_name': 'scidocs', 'keys': {'title': 'title', 'body': 'txt'}, 'timeout': 100, 'retry_on_timeout': True, 'maxsize': 24, 'number_of_shards': 1, 'language': 'english'}
2024-11-17 21:10:51,900 root INFO Deleting previous Elasticsearch-Index named - scidocs
2024-11-17 21:10:54,136 root INFO Creating fresh Elasticsearch-Index named - scidocs
2024-11-17 21:10:55,74 root INFO Activating Elasticsearch....
2024-11-17 21:10:55,74 root INFO Elastic Search Credentials: {'hostname': 'localhost', 'index_name': 'scidocs', 'keys': {'title': 'title', 'body': 'txt'}, 'timeout': 100, 'retry_on_timeout': True, 'maxsize': 24, 'number_of_shards': 'default', 'language': 'english'}
2024-11-17 21:10:55,75 root INFO Deleting previous Elasticsearch-Index named - scidocs
2024-11-17 21:10:57,323 root INFO Creating fresh Elasticsearch-Index named - scidocs
2024-11-17 21:11:20,46 root INFO Starting To Rerank Top-100....
2024-11-17 21:26:14,963 main INFO 
#    Model                      P@1        NDCG@3       NDCG@10        Recall@100  MAP@100
---  -------------------------  ---------  -----------  -----------  ------------  -----------
a    BM25 + T5-sum-lambda-0     0.197ˡᵐⁿ   0.163ᵏˡᵐⁿ    0.173ᵏˡᵐⁿᵒ          0.368  0.118ᵏˡᵐⁿᵒ
b    BM25 + T5-sum-lambda-0.1   0.199ˡᵐⁿ   0.164ᵏˡᵐⁿᵒ   0.173ᵏˡᵐⁿᵒ          0.368  0.118ᵏˡᵐⁿᵒ
c    BM25 + T5-sum-lambda-0.2   0.198ˡᵐⁿ   0.164ᵏˡᵐⁿᵒ   0.174ᵏˡᵐⁿᵒ          0.368  0.118ʲᵏˡᵐⁿᵒ
d    BM25 + T5-sum-lambda-0.3   0.200ˡᵐⁿ   0.163ᵏˡᵐⁿᵒ   0.174ᵏˡᵐⁿᵒ          0.368  0.119ʲᵏˡᵐⁿᵒ
e    BM25 + T5-sum-lambda-0.35  0.201ᵏˡᵐⁿ  0.164ᵏˡᵐⁿᵒ   0.175ᵏˡᵐⁿᵒ          0.368  0.119ʲᵏˡᵐⁿᵒ
f    BM25 + T5-sum-lambda-0.4   0.201ᵏˡᵐⁿ  0.165ᵏˡᵐⁿᵒ   0.175ᵏˡᵐⁿᵒ          0.368  0.119ʲᵏˡᵐⁿᵒ
g    BM25 + T5-sum-lambda-0.5   0.200ᵏˡᵐⁿ  0.163ᵏˡᵐⁿᵒ   0.174ᵏˡᵐⁿᵒ          0.368  0.119ʲᵏˡᵐⁿᵒ
h    BM25 + T5-sum-lambda-0.6   0.201ᵏˡᵐⁿ  0.167ᵏˡᵐⁿᵒ   0.176ʲᵏˡᵐⁿᵒ         0.368  0.120ʲᵏˡᵐⁿᵒ
i    BM25 + T5-sum-lambda-0.7   0.208ᵏˡᵐⁿ  0.171ʲᵏˡᵐⁿᵒ  0.177ʲᵏˡᵐⁿᵒ         0.368  0.120ʲᵏˡᵐⁿᵒ
j    BM25 + T5-sum-lambda-0.8   0.191ˡᵐⁿ   0.160ᵏˡᵐⁿ    0.168ᵏˡᵐⁿ           0.368  0.113ᵏˡᵐⁿ
k    BM25 + T5-sum-lambda-0.9   0.173ᵐⁿ    0.146ˡᵐⁿ     0.152ˡᵐⁿ            0.368  0.104ˡᵐⁿ
l    BM25 + T5-sum-lambda-1     0.160      0.130ᵐⁿ      0.135ᵐⁿ             0.368  0.093ᵐⁿ
m    BM25 + T5-sum-lambda-1.5   0.143      0.115        0.123               0.368  0.084
n    BM25 + Sci-T5              0.135      0.108        0.114               0.368  0.079
o    BM25                       0.190ˡᵐⁿ   0.156ˡᵐⁿ     0.165ᵏˡᵐⁿ           0.368  0.112ᵏˡᵐⁿ
