2024-11-17 15:41:27,121 beir.datasets.data_loader INFO Loading Corpus...
2024-11-17 15:41:27,224 beir.datasets.data_loader INFO Loaded 5183 TRAIN Documents.
2024-11-17 15:41:27,224 beir.datasets.data_loader INFO Doc Example: {'text': 'Alterations of the architecture of cerebral white matter in the developing human brain can affect cortical development and result in functional disabilities. A line scan diffusion-weighted magnetic resonance imaging (MRI) sequence with diffusion tensor analysis was applied to measure the apparent diffusion coefficient, to calculate relative anisotropy, and to delineate three-dimensional fiber architecture in cerebral white matter in preterm (n = 17) and full-term infants (n = 7). To assess effects of prematurity on cerebral white matter development, early gestation preterm infants (n = 10) were studied a second time at term. In the central white matter the mean apparent diffusion coefficient at 28 wk was high, 1.8 microm2/ms, and decreased toward term to 1.2 microm2/ms. In the posterior limb of the internal capsule, the mean apparent diffusion coefficients at both times were similar (1.2 versus 1.1 microm2/ms). Relative anisotropy was higher the closer birth was to term with greater absolute values in the internal capsule than in the central white matter. Preterm infants at term showed higher mean diffusion coefficients in the central white matter (1.4 +/- 0.24 versus 1.15 +/- 0.09 microm2/ms, p = 0.016) and lower relative anisotropy in both areas compared with full-term infants (white matter, 10.9 +/- 0.6 versus 22.9 +/- 3.0%, p = 0.001; internal capsule, 24.0 +/- 4.44 versus 33.1 +/- 0.6% p = 0.006). Nonmyelinated fibers in the corpus callosum were visible by diffusion tensor MRI as early as 28 wk; full-term and preterm infants at term showed marked differences in white matter fiber organization. The data indicate that quantitative assessment of water diffusion by diffusion tensor MRI provides insight into microstructural development in cerebral white matter in living infants.', 'title': 'Microstructural development of human newborn cerebral white matter assessed in vivo by diffusion tensor magnetic resonance imaging.'}
2024-11-17 15:41:27,224 beir.datasets.data_loader INFO Loading Queries...
2024-11-17 15:41:27,265 beir.datasets.data_loader INFO Loaded 809 TRAIN Queries.
2024-11-17 15:41:27,265 beir.datasets.data_loader INFO Query Example: 0-dimensional biomaterials lack inductive properties.
2024-11-17 15:42:07,478 beir.datasets.data_loader INFO Loading Corpus...
2024-11-17 15:42:07,538 beir.datasets.data_loader INFO Loaded 5183 TEST Documents.
2024-11-17 15:42:07,538 beir.datasets.data_loader INFO Doc Example: {'text': 'Alterations of the architecture of cerebral white matter in the developing human brain can affect cortical development and result in functional disabilities. A line scan diffusion-weighted magnetic resonance imaging (MRI) sequence with diffusion tensor analysis was applied to measure the apparent diffusion coefficient, to calculate relative anisotropy, and to delineate three-dimensional fiber architecture in cerebral white matter in preterm (n = 17) and full-term infants (n = 7). To assess effects of prematurity on cerebral white matter development, early gestation preterm infants (n = 10) were studied a second time at term. In the central white matter the mean apparent diffusion coefficient at 28 wk was high, 1.8 microm2/ms, and decreased toward term to 1.2 microm2/ms. In the posterior limb of the internal capsule, the mean apparent diffusion coefficients at both times were similar (1.2 versus 1.1 microm2/ms). Relative anisotropy was higher the closer birth was to term with greater absolute values in the internal capsule than in the central white matter. Preterm infants at term showed higher mean diffusion coefficients in the central white matter (1.4 +/- 0.24 versus 1.15 +/- 0.09 microm2/ms, p = 0.016) and lower relative anisotropy in both areas compared with full-term infants (white matter, 10.9 +/- 0.6 versus 22.9 +/- 3.0%, p = 0.001; internal capsule, 24.0 +/- 4.44 versus 33.1 +/- 0.6% p = 0.006). Nonmyelinated fibers in the corpus callosum were visible by diffusion tensor MRI as early as 28 wk; full-term and preterm infants at term showed marked differences in white matter fiber organization. The data indicate that quantitative assessment of water diffusion by diffusion tensor MRI provides insight into microstructural development in cerebral white matter in living infants.', 'title': 'Microstructural development of human newborn cerebral white matter assessed in vivo by diffusion tensor magnetic resonance imaging.'}
2024-11-17 15:42:07,538 beir.datasets.data_loader INFO Loading Queries...
2024-11-17 15:42:07,542 beir.datasets.data_loader INFO Loaded 300 TEST Queries.
2024-11-17 15:42:07,542 beir.datasets.data_loader INFO Query Example: 0-dimensional biomaterials show inductive properties.
2024-11-17 16:03:35,764 beir.datasets.data_loader INFO Loading Corpus...
2024-11-17 16:03:35,804 beir.datasets.data_loader INFO Loaded 5183 TRAIN Documents.
2024-11-17 16:03:35,804 beir.datasets.data_loader INFO Doc Example: {'text': 'Alterations of the architecture of cerebral white matter in the developing human brain can affect cortical development and result in functional disabilities. A line scan diffusion-weighted magnetic resonance imaging (MRI) sequence with diffusion tensor analysis was applied to measure the apparent diffusion coefficient, to calculate relative anisotropy, and to delineate three-dimensional fiber architecture in cerebral white matter in preterm (n = 17) and full-term infants (n = 7). To assess effects of prematurity on cerebral white matter development, early gestation preterm infants (n = 10) were studied a second time at term. In the central white matter the mean apparent diffusion coefficient at 28 wk was high, 1.8 microm2/ms, and decreased toward term to 1.2 microm2/ms. In the posterior limb of the internal capsule, the mean apparent diffusion coefficients at both times were similar (1.2 versus 1.1 microm2/ms). Relative anisotropy was higher the closer birth was to term with greater absolute values in the internal capsule than in the central white matter. Preterm infants at term showed higher mean diffusion coefficients in the central white matter (1.4 +/- 0.24 versus 1.15 +/- 0.09 microm2/ms, p = 0.016) and lower relative anisotropy in both areas compared with full-term infants (white matter, 10.9 +/- 0.6 versus 22.9 +/- 3.0%, p = 0.001; internal capsule, 24.0 +/- 4.44 versus 33.1 +/- 0.6% p = 0.006). Nonmyelinated fibers in the corpus callosum were visible by diffusion tensor MRI as early as 28 wk; full-term and preterm infants at term showed marked differences in white matter fiber organization. The data indicate that quantitative assessment of water diffusion by diffusion tensor MRI provides insight into microstructural development in cerebral white matter in living infants.', 'title': 'Microstructural development of human newborn cerebral white matter assessed in vivo by diffusion tensor magnetic resonance imaging.'}
2024-11-17 16:03:35,804 beir.datasets.data_loader INFO Loading Queries...
2024-11-17 16:03:35,808 beir.datasets.data_loader INFO Loaded 809 TRAIN Queries.
2024-11-17 16:03:35,808 beir.datasets.data_loader INFO Query Example: 0-dimensional biomaterials lack inductive properties.
2024-11-17 16:03:35,808 beir.datasets.data_loader INFO Loading Corpus...
2024-11-17 16:03:35,847 beir.datasets.data_loader INFO Loaded 5183 TEST Documents.
2024-11-17 16:03:35,848 beir.datasets.data_loader INFO Doc Example: {'text': 'Alterations of the architecture of cerebral white matter in the developing human brain can affect cortical development and result in functional disabilities. A line scan diffusion-weighted magnetic resonance imaging (MRI) sequence with diffusion tensor analysis was applied to measure the apparent diffusion coefficient, to calculate relative anisotropy, and to delineate three-dimensional fiber architecture in cerebral white matter in preterm (n = 17) and full-term infants (n = 7). To assess effects of prematurity on cerebral white matter development, early gestation preterm infants (n = 10) were studied a second time at term. In the central white matter the mean apparent diffusion coefficient at 28 wk was high, 1.8 microm2/ms, and decreased toward term to 1.2 microm2/ms. In the posterior limb of the internal capsule, the mean apparent diffusion coefficients at both times were similar (1.2 versus 1.1 microm2/ms). Relative anisotropy was higher the closer birth was to term with greater absolute values in the internal capsule than in the central white matter. Preterm infants at term showed higher mean diffusion coefficients in the central white matter (1.4 +/- 0.24 versus 1.15 +/- 0.09 microm2/ms, p = 0.016) and lower relative anisotropy in both areas compared with full-term infants (white matter, 10.9 +/- 0.6 versus 22.9 +/- 3.0%, p = 0.001; internal capsule, 24.0 +/- 4.44 versus 33.1 +/- 0.6% p = 0.006). Nonmyelinated fibers in the corpus callosum were visible by diffusion tensor MRI as early as 28 wk; full-term and preterm infants at term showed marked differences in white matter fiber organization. The data indicate that quantitative assessment of water diffusion by diffusion tensor MRI provides insight into microstructural development in cerebral white matter in living infants.', 'title': 'Microstructural development of human newborn cerebral white matter assessed in vivo by diffusion tensor magnetic resonance imaging.'}
2024-11-17 16:03:35,848 beir.datasets.data_loader INFO Loading Queries...
2024-11-17 16:03:35,851 beir.datasets.data_loader INFO Loaded 300 TEST Queries.
2024-11-17 16:03:35,851 beir.datasets.data_loader INFO Query Example: 0-dimensional biomaterials show inductive properties.
2024-11-17 16:03:35,851 root INFO Activating Elasticsearch....
2024-11-17 16:03:35,851 root INFO Elastic Search Credentials: {'hostname': 'localhost', 'index_name': 'scifact', 'keys': {'title': 'title', 'body': 'txt'}, 'timeout': 100, 'retry_on_timeout': True, 'maxsize': 24, 'number_of_shards': 1, 'language': 'english'}
2024-11-17 16:03:35,852 root INFO Deleting previous Elasticsearch-Index named - scifact
2024-11-17 16:03:37,857 root INFO Creating fresh Elasticsearch-Index named - scifact
2024-11-17 16:04:02,883 root INFO Starting To Rerank Top-100....
2024-11-17 16:06:51,105 root INFO Activating Elasticsearch....
2024-11-17 16:06:51,105 root INFO Elastic Search Credentials: {'hostname': 'localhost', 'index_name': 'scifact', 'keys': {'title': 'title', 'body': 'txt'}, 'timeout': 100, 'retry_on_timeout': True, 'maxsize': 24, 'number_of_shards': 'default', 'language': 'english'}
2024-11-17 16:06:51,106 root INFO Deleting previous Elasticsearch-Index named - scifact
2024-11-17 16:06:53,297 root INFO Creating fresh Elasticsearch-Index named - scifact
2024-11-17 16:07:00,445 root INFO Starting To Rerank Top-100....
2024-11-17 16:11:40,492 root INFO Activating Elasticsearch....
2024-11-17 16:11:40,492 root INFO Elastic Search Credentials: {'hostname': 'localhost', 'index_name': 'scifact', 'keys': {'title': 'title', 'body': 'txt'}, 'timeout': 100, 'retry_on_timeout': True, 'maxsize': 24, 'number_of_shards': 1, 'language': 'english'}
2024-11-17 16:11:40,493 root INFO Deleting previous Elasticsearch-Index named - scifact
2024-11-17 16:11:42,695 root INFO Creating fresh Elasticsearch-Index named - scifact
2024-11-17 16:11:55,343 root INFO Starting To Rerank Top-100....
2024-11-17 16:14:22,239 root INFO Activating Elasticsearch....
2024-11-17 16:14:22,239 root INFO Elastic Search Credentials: {'hostname': 'localhost', 'index_name': 'scifact', 'keys': {'title': 'title', 'body': 'txt'}, 'timeout': 100, 'retry_on_timeout': True, 'maxsize': 24, 'number_of_shards': 'default', 'language': 'english'}
2024-11-17 16:14:22,239 root INFO Deleting previous Elasticsearch-Index named - scifact
2024-11-17 16:14:24,427 root INFO Creating fresh Elasticsearch-Index named - scifact
2024-11-17 16:14:31,875 root INFO Starting To Rerank Top-100....
2024-11-17 16:20:13,876 root INFO Activating Elasticsearch....
2024-11-17 16:20:13,877 root INFO Elastic Search Credentials: {'hostname': 'localhost', 'index_name': 'scifact', 'keys': {'title': 'title', 'body': 'txt'}, 'timeout': 100, 'retry_on_timeout': True, 'maxsize': 24, 'number_of_shards': 1, 'language': 'english'}
2024-11-17 16:20:13,877 root INFO Deleting previous Elasticsearch-Index named - scifact
2024-11-17 16:20:16,60 root INFO Creating fresh Elasticsearch-Index named - scifact
2024-11-17 16:20:28,656 root INFO Starting To Rerank Top-100....
2024-11-17 16:23:40,894 root INFO Activating Elasticsearch....
2024-11-17 16:23:40,895 root INFO Elastic Search Credentials: {'hostname': 'localhost', 'index_name': 'scifact', 'keys': {'title': 'title', 'body': 'txt'}, 'timeout': 100, 'retry_on_timeout': True, 'maxsize': 24, 'number_of_shards': 'default', 'language': 'english'}
2024-11-17 16:23:40,895 root INFO Deleting previous Elasticsearch-Index named - scifact
2024-11-17 16:23:43,80 root INFO Creating fresh Elasticsearch-Index named - scifact
2024-11-17 16:23:50,725 root INFO Starting To Rerank Top-100....
2024-11-17 16:27:51,583 root INFO Activating Elasticsearch....
2024-11-17 16:27:51,583 root INFO Elastic Search Credentials: {'hostname': 'localhost', 'index_name': 'scifact', 'keys': {'title': 'title', 'body': 'txt'}, 'timeout': 100, 'retry_on_timeout': True, 'maxsize': 24, 'number_of_shards': 1, 'language': 'english'}
2024-11-17 16:27:51,583 root INFO Deleting previous Elasticsearch-Index named - scifact
2024-11-17 16:27:53,767 root INFO Creating fresh Elasticsearch-Index named - scifact
2024-11-17 16:28:04,382 root INFO Starting To Rerank Top-100....
2024-11-17 16:30:46,764 root INFO Activating Elasticsearch....
2024-11-17 16:30:46,764 root INFO Elastic Search Credentials: {'hostname': 'localhost', 'index_name': 'scifact', 'keys': {'title': 'title', 'body': 'txt'}, 'timeout': 100, 'retry_on_timeout': True, 'maxsize': 24, 'number_of_shards': 'default', 'language': 'english'}
2024-11-17 16:30:46,765 root INFO Deleting previous Elasticsearch-Index named - scifact
2024-11-17 16:30:48,945 root INFO Creating fresh Elasticsearch-Index named - scifact
2024-11-17 16:30:56,230 root INFO Starting To Rerank Top-100....
2024-11-17 16:35:08,665 root INFO Activating Elasticsearch....
2024-11-17 16:35:08,665 root INFO Elastic Search Credentials: {'hostname': 'localhost', 'index_name': 'scifact', 'keys': {'title': 'title', 'body': 'txt'}, 'timeout': 100, 'retry_on_timeout': True, 'maxsize': 24, 'number_of_shards': 1, 'language': 'english'}
2024-11-17 16:35:08,666 root INFO Deleting previous Elasticsearch-Index named - scifact
2024-11-17 16:35:10,893 root INFO Creating fresh Elasticsearch-Index named - scifact
2024-11-17 16:35:22,643 root INFO Starting To Rerank Top-100....
2024-11-17 16:38:18,26 root INFO Activating Elasticsearch....
2024-11-17 16:38:18,26 root INFO Elastic Search Credentials: {'hostname': 'localhost', 'index_name': 'scifact', 'keys': {'title': 'title', 'body': 'txt'}, 'timeout': 100, 'retry_on_timeout': True, 'maxsize': 24, 'number_of_shards': 'default', 'language': 'english'}
2024-11-17 16:38:18,27 root INFO Deleting previous Elasticsearch-Index named - scifact
2024-11-17 16:38:20,271 root INFO Creating fresh Elasticsearch-Index named - scifact
2024-11-17 16:38:27,692 root INFO Starting To Rerank Top-100....
2024-11-17 16:43:16,261 root INFO Activating Elasticsearch....
2024-11-17 16:43:16,261 root INFO Elastic Search Credentials: {'hostname': 'localhost', 'index_name': 'scifact', 'keys': {'title': 'title', 'body': 'txt'}, 'timeout': 100, 'retry_on_timeout': True, 'maxsize': 24, 'number_of_shards': 1, 'language': 'english'}
2024-11-17 16:43:16,262 root INFO Deleting previous Elasticsearch-Index named - scifact
2024-11-17 16:43:18,563 root INFO Creating fresh Elasticsearch-Index named - scifact
2024-11-17 16:43:30,916 root INFO Starting To Rerank Top-100....
2024-11-17 16:45:56,766 root INFO Activating Elasticsearch....
2024-11-17 16:45:56,766 root INFO Elastic Search Credentials: {'hostname': 'localhost', 'index_name': 'scifact', 'keys': {'title': 'title', 'body': 'txt'}, 'timeout': 100, 'retry_on_timeout': True, 'maxsize': 24, 'number_of_shards': 'default', 'language': 'english'}
2024-11-17 16:45:56,766 root INFO Deleting previous Elasticsearch-Index named - scifact
2024-11-17 16:45:59,148 root INFO Creating fresh Elasticsearch-Index named - scifact
2024-11-17 16:46:07,604 root INFO Starting To Rerank Top-100....
2024-11-17 16:50:56,649 root INFO Activating Elasticsearch....
2024-11-17 16:50:56,650 root INFO Elastic Search Credentials: {'hostname': 'localhost', 'index_name': 'scifact', 'keys': {'title': 'title', 'body': 'txt'}, 'timeout': 100, 'retry_on_timeout': True, 'maxsize': 24, 'number_of_shards': 1, 'language': 'english'}
2024-11-17 16:50:56,650 root INFO Deleting previous Elasticsearch-Index named - scifact
2024-11-17 16:50:58,833 root INFO Creating fresh Elasticsearch-Index named - scifact
2024-11-17 16:51:10,219 root INFO Starting To Rerank Top-100....
2024-11-17 16:53:34,844 root INFO Activating Elasticsearch....
2024-11-17 16:53:34,845 root INFO Elastic Search Credentials: {'hostname': 'localhost', 'index_name': 'scifact', 'keys': {'title': 'title', 'body': 'txt'}, 'timeout': 100, 'retry_on_timeout': True, 'maxsize': 24, 'number_of_shards': 'default', 'language': 'english'}
2024-11-17 16:53:34,845 root INFO Deleting previous Elasticsearch-Index named - scifact
2024-11-17 16:53:37,155 root INFO Creating fresh Elasticsearch-Index named - scifact
2024-11-17 16:53:45,207 root INFO Starting To Rerank Top-100....
2024-11-17 16:58:18,639 root INFO Activating Elasticsearch....
2024-11-17 16:58:18,639 root INFO Elastic Search Credentials: {'hostname': 'localhost', 'index_name': 'scifact', 'keys': {'title': 'title', 'body': 'txt'}, 'timeout': 100, 'retry_on_timeout': True, 'maxsize': 24, 'number_of_shards': 1, 'language': 'english'}
2024-11-17 16:58:18,639 root INFO Deleting previous Elasticsearch-Index named - scifact
2024-11-17 16:58:20,938 root INFO Creating fresh Elasticsearch-Index named - scifact
2024-11-17 16:58:34,120 root INFO Starting To Rerank Top-100....
2024-11-17 17:01:11,292 root INFO Activating Elasticsearch....
2024-11-17 17:01:11,292 root INFO Elastic Search Credentials: {'hostname': 'localhost', 'index_name': 'scifact', 'keys': {'title': 'title', 'body': 'txt'}, 'timeout': 100, 'retry_on_timeout': True, 'maxsize': 24, 'number_of_shards': 'default', 'language': 'english'}
2024-11-17 17:01:11,292 root INFO Deleting previous Elasticsearch-Index named - scifact
2024-11-17 17:01:13,531 root INFO Creating fresh Elasticsearch-Index named - scifact
2024-11-17 17:01:20,870 root INFO Starting To Rerank Top-100....
2024-11-17 17:05:54,974 root INFO Activating Elasticsearch....
2024-11-17 17:05:54,974 root INFO Elastic Search Credentials: {'hostname': 'localhost', 'index_name': 'scifact', 'keys': {'title': 'title', 'body': 'txt'}, 'timeout': 100, 'retry_on_timeout': True, 'maxsize': 24, 'number_of_shards': 1, 'language': 'english'}
2024-11-17 17:05:54,974 root INFO Deleting previous Elasticsearch-Index named - scifact
2024-11-17 17:05:57,233 root INFO Creating fresh Elasticsearch-Index named - scifact
2024-11-17 17:06:09,202 root INFO Starting To Rerank Top-100....
2024-11-17 17:08:33,720 root INFO Activating Elasticsearch....
2024-11-17 17:08:33,721 root INFO Elastic Search Credentials: {'hostname': 'localhost', 'index_name': 'scifact', 'keys': {'title': 'title', 'body': 'txt'}, 'timeout': 100, 'retry_on_timeout': True, 'maxsize': 24, 'number_of_shards': 'default', 'language': 'english'}
2024-11-17 17:08:33,721 root INFO Deleting previous Elasticsearch-Index named - scifact
2024-11-17 17:08:35,910 root INFO Creating fresh Elasticsearch-Index named - scifact
2024-11-17 17:08:43,115 root INFO Starting To Rerank Top-100....
2024-11-17 17:12:25,116 root INFO Activating Elasticsearch....
2024-11-17 17:12:25,116 root INFO Elastic Search Credentials: {'hostname': 'localhost', 'index_name': 'scifact', 'keys': {'title': 'title', 'body': 'txt'}, 'timeout': 100, 'retry_on_timeout': True, 'maxsize': 24, 'number_of_shards': 1, 'language': 'english'}
2024-11-17 17:12:25,116 root INFO Deleting previous Elasticsearch-Index named - scifact
2024-11-17 17:12:27,338 root INFO Creating fresh Elasticsearch-Index named - scifact
2024-11-17 17:12:38,368 root INFO Starting To Rerank Top-100....
2024-11-17 17:14:39,278 root INFO Activating Elasticsearch....
2024-11-17 17:14:39,278 root INFO Elastic Search Credentials: {'hostname': 'localhost', 'index_name': 'scifact', 'keys': {'title': 'title', 'body': 'txt'}, 'timeout': 100, 'retry_on_timeout': True, 'maxsize': 24, 'number_of_shards': 'default', 'language': 'english'}
2024-11-17 17:14:39,279 root INFO Deleting previous Elasticsearch-Index named - scifact
2024-11-17 17:14:41,469 root INFO Creating fresh Elasticsearch-Index named - scifact
2024-11-17 17:14:48,654 root INFO Starting To Rerank Top-100....
2024-11-17 17:18:30,948 root INFO Activating Elasticsearch....
2024-11-17 17:18:30,949 root INFO Elastic Search Credentials: {'hostname': 'localhost', 'index_name': 'scifact', 'keys': {'title': 'title', 'body': 'txt'}, 'timeout': 100, 'retry_on_timeout': True, 'maxsize': 24, 'number_of_shards': 1, 'language': 'english'}
2024-11-17 17:18:30,949 root INFO Deleting previous Elasticsearch-Index named - scifact
2024-11-17 17:18:33,170 root INFO Creating fresh Elasticsearch-Index named - scifact
2024-11-17 17:18:43,961 root INFO Starting To Rerank Top-100....
2024-11-17 17:20:44,908 root INFO Activating Elasticsearch....
2024-11-17 17:20:44,908 root INFO Elastic Search Credentials: {'hostname': 'localhost', 'index_name': 'scifact', 'keys': {'title': 'title', 'body': 'txt'}, 'timeout': 100, 'retry_on_timeout': True, 'maxsize': 24, 'number_of_shards': 'default', 'language': 'english'}
2024-11-17 17:20:44,909 root INFO Deleting previous Elasticsearch-Index named - scifact
2024-11-17 17:20:47,134 root INFO Creating fresh Elasticsearch-Index named - scifact
2024-11-17 17:20:54,418 root INFO Starting To Rerank Top-100....
2024-11-17 17:24:36,319 root INFO Activating Elasticsearch....
2024-11-17 17:24:36,319 root INFO Elastic Search Credentials: {'hostname': 'localhost', 'index_name': 'scifact', 'keys': {'title': 'title', 'body': 'txt'}, 'timeout': 100, 'retry_on_timeout': True, 'maxsize': 24, 'number_of_shards': 1, 'language': 'english'}
2024-11-17 17:24:36,319 root INFO Deleting previous Elasticsearch-Index named - scifact
2024-11-17 17:24:38,527 root INFO Creating fresh Elasticsearch-Index named - scifact
2024-11-17 17:24:49,858 root INFO Starting To Rerank Top-100....
2024-11-17 17:26:50,756 root INFO Activating Elasticsearch....
2024-11-17 17:26:50,757 root INFO Elastic Search Credentials: {'hostname': 'localhost', 'index_name': 'scifact', 'keys': {'title': 'title', 'body': 'txt'}, 'timeout': 100, 'retry_on_timeout': True, 'maxsize': 24, 'number_of_shards': 'default', 'language': 'english'}
2024-11-17 17:26:50,757 root INFO Deleting previous Elasticsearch-Index named - scifact
2024-11-17 17:26:52,949 root INFO Creating fresh Elasticsearch-Index named - scifact
2024-11-17 17:27:00,457 root INFO Starting To Rerank Top-100....
2024-11-17 17:30:42,528 root INFO Activating Elasticsearch....
2024-11-17 17:30:42,528 root INFO Elastic Search Credentials: {'hostname': 'localhost', 'index_name': 'scifact', 'keys': {'title': 'title', 'body': 'txt'}, 'timeout': 100, 'retry_on_timeout': True, 'maxsize': 24, 'number_of_shards': 1, 'language': 'english'}
2024-11-17 17:30:42,528 root INFO Deleting previous Elasticsearch-Index named - scifact
2024-11-17 17:30:44,752 root INFO Creating fresh Elasticsearch-Index named - scifact
2024-11-17 17:30:56,116 root INFO Starting To Rerank Top-100....
2024-11-17 17:32:56,917 root INFO Activating Elasticsearch....
2024-11-17 17:32:56,917 root INFO Elastic Search Credentials: {'hostname': 'localhost', 'index_name': 'scifact', 'keys': {'title': 'title', 'body': 'txt'}, 'timeout': 100, 'retry_on_timeout': True, 'maxsize': 24, 'number_of_shards': 'default', 'language': 'english'}
2024-11-17 17:32:56,918 root INFO Deleting previous Elasticsearch-Index named - scifact
2024-11-17 17:32:59,142 root INFO Creating fresh Elasticsearch-Index named - scifact
2024-11-17 17:33:06,771 root INFO Starting To Rerank Top-100....
2024-11-17 17:36:51,332 root INFO Activating Elasticsearch....
2024-11-17 17:36:51,332 root INFO Elastic Search Credentials: {'hostname': 'localhost', 'index_name': 'scifact', 'keys': {'title': 'title', 'body': 'txt'}, 'timeout': 100, 'retry_on_timeout': True, 'maxsize': 24, 'number_of_shards': 1, 'language': 'english'}
2024-11-17 17:36:51,332 root INFO Deleting previous Elasticsearch-Index named - scifact
2024-11-17 17:36:53,566 root INFO Creating fresh Elasticsearch-Index named - scifact
2024-11-17 17:36:59,855 root INFO Starting To Rerank Top-100....
2024-11-17 17:39:00,926 root INFO Activating Elasticsearch....
2024-11-17 17:39:00,926 root INFO Elastic Search Credentials: {'hostname': 'localhost', 'index_name': 'scifact', 'keys': {'title': 'title', 'body': 'txt'}, 'timeout': 100, 'retry_on_timeout': True, 'maxsize': 24, 'number_of_shards': 'default', 'language': 'english'}
2024-11-17 17:39:00,926 root INFO Deleting previous Elasticsearch-Index named - scifact
2024-11-17 17:39:03,149 root INFO Creating fresh Elasticsearch-Index named - scifact
2024-11-17 17:39:10,506 root INFO Starting To Rerank Top-100....
2024-11-17 17:43:10,768 main INFO 
#    Model                      P@1         NDCG@3         NDCG@10        Recall@100  MAP@100
---  -------------------------  ----------  -------------  -----------  ------------  -----------
a    BM25 + T5-sum-lambda-0     0.607ᵐ      0.681ᵐⁿᵒ       0.726ˡᵐⁿᵒ           0.919  0.684ˡᵐⁿᵒ
b    BM25 + T5-sum-lambda-0.1   0.613ᵐ      0.685ˡᵐⁿᵒ      0.729ˡᵐⁿᵒ           0.919  0.689ˡᵐⁿᵒ
c    BM25 + T5-sum-lambda-0.2   0.643ᵏˡᵐⁿᵒ  0.700ᵏˡᵐⁿᵒ     0.740ᵏˡᵐⁿᵒ          0.919  0.704ᵏˡᵐⁿᵒ
d    BM25 + T5-sum-lambda-0.3   0.650ᵏˡᵐⁿᵒ  0.710ᵏˡᵐⁿᵒ     0.742ᵏˡᵐⁿᵒ          0.919  0.708ᵏˡᵐⁿᵒ
e    BM25 + T5-sum-lambda-0.35  0.653ᵏˡᵐⁿᵒ  0.711ᵏˡᵐⁿᵒ     0.744ᵏˡᵐⁿᵒ          0.919  0.710ᵏˡᵐⁿᵒ
f    BM25 + T5-sum-lambda-0.4   0.657ᵏˡᵐⁿᵒ  0.717ᵃᵇʲᵏˡᵐⁿᵒ  0.748ᵏˡᵐⁿᵒ          0.919  0.714ᵏˡᵐⁿᵒ
g    BM25 + T5-sum-lambda-0.5   0.627ˡᵐ     0.708ᵏˡᵐⁿᵒ     0.738ᵏˡᵐⁿᵒ          0.919  0.704ᵏˡᵐⁿᵒ
h    BM25 + T5-sum-lambda-0.6   0.627ˡᵐⁿᵒ   0.703ᵏˡᵐⁿᵒ     0.744ᵏˡᵐⁿᵒ          0.919  0.703ᵏˡᵐⁿᵒ
i    BM25 + T5-sum-lambda-0.7   0.640ᵏˡᵐⁿᵒ  0.702ʲᵏˡᵐⁿᵒ    0.748ʲᵏˡᵐⁿᵒ         0.919  0.709ʲᵏˡᵐⁿᵒ
j    BM25 + T5-sum-lambda-0.8   0.610ˡᵐ     0.674ᵐ         0.725ᵏˡᵐⁿᵒ          0.919  0.684ᵏˡᵐⁿᵒ
k    BM25 + T5-sum-lambda-0.9   0.583ᵐ      0.653ᵐ         0.702ˡᵐ             0.919  0.661ᵐ
l    BM25 + T5-sum-lambda-1     0.567ᵐ      0.645ᵐ         0.686ᵐ              0.919  0.649ᵐ
m    BM25 + T5-sum-lambda-1.5   0.527       0.614          0.659               0.919  0.616
n    BM25 + Sci-T5              0.573ᵐ      0.637          0.691ᵐ              0.919  0.647ᵐ
o    BM25                       0.577ᵐ      0.637ᵐ         0.691ᵐ              0.919  0.649ᵐ
