2024-11-16 21:17:49,671 beir.datasets.data_loader INFO Loading Corpus...
2024-11-16 21:17:49,703 beir.datasets.data_loader INFO Loaded 3633 DEV Documents.
2024-11-16 21:17:49,703 beir.datasets.data_loader INFO Doc Example: {'text': 'Recent studies have suggested that statins, an established drug group in the prevention of cardiovascular mortality, could delay or prevent breast cancer recurrence but the effect on disease-specific mortality remains unclear. We evaluated risk of breast cancer death among statin users in a population-based cohort of breast cancer patients. The study cohort included all newly diagnosed breast cancer patients in Finland during 1995–2003 (31,236 cases), identified from the Finnish Cancer Registry. Information on statin use before and after the diagnosis was obtained from a national prescription database. We used the Cox proportional hazards regression method to estimate mortality among statin users with statin use as time-dependent variable. A total of 4,151 participants had used statins. During the median follow-up of 3.25 years after the diagnosis (range 0.08–9.0 years) 6,011 participants died, of which 3,619 (60.2%) was due to breast cancer. After adjustment for age, tumor characteristics, and treatment selection, both post-diagnostic and pre-diagnostic statin use were associated with lowered risk of breast cancer death (HR 0.46, 95% CI 0.38–0.55 and HR 0.54, 95% CI 0.44–0.67, respectively). The risk decrease by post-diagnostic statin use was likely affected by healthy adherer bias; that is, the greater likelihood of dying cancer patients to discontinue statin use as the association was not clearly dose-dependent and observed already at low-dose/short-term use. The dose- and time-dependence of the survival benefit among pre-diagnostic statin users suggests a possible causal effect that should be evaluated further in a clinical trial testing statins’ effect on survival in breast cancer patients.', 'title': 'Statin Use and Breast Cancer Survival: A Nationwide Cohort Study from Finland'}
2024-11-16 21:17:49,703 beir.datasets.data_loader INFO Loading Queries...
2024-11-16 21:17:49,718 beir.datasets.data_loader INFO Loaded 324 DEV Queries.
2024-11-16 21:17:49,718 beir.datasets.data_loader INFO Query Example: Why Deep Fried Foods May Cause Cancer
2024-11-16 21:17:49,718 beir.datasets.data_loader INFO Loading Corpus...
2024-11-16 21:17:49,749 beir.datasets.data_loader INFO Loaded 3633 TEST Documents.
2024-11-16 21:17:49,749 beir.datasets.data_loader INFO Doc Example: {'text': 'Recent studies have suggested that statins, an established drug group in the prevention of cardiovascular mortality, could delay or prevent breast cancer recurrence but the effect on disease-specific mortality remains unclear. We evaluated risk of breast cancer death among statin users in a population-based cohort of breast cancer patients. The study cohort included all newly diagnosed breast cancer patients in Finland during 1995–2003 (31,236 cases), identified from the Finnish Cancer Registry. Information on statin use before and after the diagnosis was obtained from a national prescription database. We used the Cox proportional hazards regression method to estimate mortality among statin users with statin use as time-dependent variable. A total of 4,151 participants had used statins. During the median follow-up of 3.25 years after the diagnosis (range 0.08–9.0 years) 6,011 participants died, of which 3,619 (60.2%) was due to breast cancer. After adjustment for age, tumor characteristics, and treatment selection, both post-diagnostic and pre-diagnostic statin use were associated with lowered risk of breast cancer death (HR 0.46, 95% CI 0.38–0.55 and HR 0.54, 95% CI 0.44–0.67, respectively). The risk decrease by post-diagnostic statin use was likely affected by healthy adherer bias; that is, the greater likelihood of dying cancer patients to discontinue statin use as the association was not clearly dose-dependent and observed already at low-dose/short-term use. The dose- and time-dependence of the survival benefit among pre-diagnostic statin users suggests a possible causal effect that should be evaluated further in a clinical trial testing statins’ effect on survival in breast cancer patients.', 'title': 'Statin Use and Breast Cancer Survival: A Nationwide Cohort Study from Finland'}
2024-11-16 21:17:49,749 beir.datasets.data_loader INFO Loading Queries...
2024-11-16 21:17:49,765 beir.datasets.data_loader INFO Loaded 323 TEST Queries.
2024-11-16 21:17:49,765 beir.datasets.data_loader INFO Query Example: Do Cholesterol Statin Drugs Cause Breast Cancer?
2024-11-16 21:17:49,765 root INFO Activating Elasticsearch....
2024-11-16 21:17:49,765 root INFO Elastic Search Credentials: {'hostname': 'localhost', 'index_name': 'nfcorpus', 'keys': {'title': 'title', 'body': 'txt'}, 'timeout': 100, 'retry_on_timeout': True, 'maxsize': 24, 'number_of_shards': 1, 'language': 'english'}
2024-11-16 21:17:49,765 root INFO Deleting previous Elasticsearch-Index named - nfcorpus
2024-11-16 21:17:51,953 root INFO Creating fresh Elasticsearch-Index named - nfcorpus
2024-11-16 21:18:03,396 root INFO Starting To Rerank Top-100....
2024-11-16 21:21:23,815 root INFO Activating Elasticsearch....
2024-11-16 21:21:23,815 root INFO Elastic Search Credentials: {'hostname': 'localhost', 'index_name': 'nfcorpus', 'keys': {'title': 'title', 'body': 'txt'}, 'timeout': 100, 'retry_on_timeout': True, 'maxsize': 24, 'number_of_shards': 'default', 'language': 'english'}
2024-11-16 21:21:23,816 root INFO Deleting previous Elasticsearch-Index named - nfcorpus
2024-11-16 21:21:26,3 root INFO Creating fresh Elasticsearch-Index named - nfcorpus
2024-11-16 21:21:31,499 root INFO Starting To Rerank Top-100....
2024-11-16 21:22:35,148 beir.datasets.data_loader INFO Loading Corpus...
2024-11-16 21:22:35,179 beir.datasets.data_loader INFO Loaded 3633 DEV Documents.
2024-11-16 21:22:35,179 beir.datasets.data_loader INFO Doc Example: {'text': 'Recent studies have suggested that statins, an established drug group in the prevention of cardiovascular mortality, could delay or prevent breast cancer recurrence but the effect on disease-specific mortality remains unclear. We evaluated risk of breast cancer death among statin users in a population-based cohort of breast cancer patients. The study cohort included all newly diagnosed breast cancer patients in Finland during 1995–2003 (31,236 cases), identified from the Finnish Cancer Registry. Information on statin use before and after the diagnosis was obtained from a national prescription database. We used the Cox proportional hazards regression method to estimate mortality among statin users with statin use as time-dependent variable. A total of 4,151 participants had used statins. During the median follow-up of 3.25 years after the diagnosis (range 0.08–9.0 years) 6,011 participants died, of which 3,619 (60.2%) was due to breast cancer. After adjustment for age, tumor characteristics, and treatment selection, both post-diagnostic and pre-diagnostic statin use were associated with lowered risk of breast cancer death (HR 0.46, 95% CI 0.38–0.55 and HR 0.54, 95% CI 0.44–0.67, respectively). The risk decrease by post-diagnostic statin use was likely affected by healthy adherer bias; that is, the greater likelihood of dying cancer patients to discontinue statin use as the association was not clearly dose-dependent and observed already at low-dose/short-term use. The dose- and time-dependence of the survival benefit among pre-diagnostic statin users suggests a possible causal effect that should be evaluated further in a clinical trial testing statins’ effect on survival in breast cancer patients.', 'title': 'Statin Use and Breast Cancer Survival: A Nationwide Cohort Study from Finland'}
2024-11-16 21:22:35,179 beir.datasets.data_loader INFO Loading Queries...
2024-11-16 21:22:35,195 beir.datasets.data_loader INFO Loaded 324 DEV Queries.
2024-11-16 21:22:35,195 beir.datasets.data_loader INFO Query Example: Why Deep Fried Foods May Cause Cancer
2024-11-16 21:22:35,195 beir.datasets.data_loader INFO Loading Corpus...
2024-11-16 21:22:35,226 beir.datasets.data_loader INFO Loaded 3633 TEST Documents.
2024-11-16 21:22:35,226 beir.datasets.data_loader INFO Doc Example: {'text': 'Recent studies have suggested that statins, an established drug group in the prevention of cardiovascular mortality, could delay or prevent breast cancer recurrence but the effect on disease-specific mortality remains unclear. We evaluated risk of breast cancer death among statin users in a population-based cohort of breast cancer patients. The study cohort included all newly diagnosed breast cancer patients in Finland during 1995–2003 (31,236 cases), identified from the Finnish Cancer Registry. Information on statin use before and after the diagnosis was obtained from a national prescription database. We used the Cox proportional hazards regression method to estimate mortality among statin users with statin use as time-dependent variable. A total of 4,151 participants had used statins. During the median follow-up of 3.25 years after the diagnosis (range 0.08–9.0 years) 6,011 participants died, of which 3,619 (60.2%) was due to breast cancer. After adjustment for age, tumor characteristics, and treatment selection, both post-diagnostic and pre-diagnostic statin use were associated with lowered risk of breast cancer death (HR 0.46, 95% CI 0.38–0.55 and HR 0.54, 95% CI 0.44–0.67, respectively). The risk decrease by post-diagnostic statin use was likely affected by healthy adherer bias; that is, the greater likelihood of dying cancer patients to discontinue statin use as the association was not clearly dose-dependent and observed already at low-dose/short-term use. The dose- and time-dependence of the survival benefit among pre-diagnostic statin users suggests a possible causal effect that should be evaluated further in a clinical trial testing statins’ effect on survival in breast cancer patients.', 'title': 'Statin Use and Breast Cancer Survival: A Nationwide Cohort Study from Finland'}
2024-11-16 21:22:35,226 beir.datasets.data_loader INFO Loading Queries...
2024-11-16 21:22:35,242 beir.datasets.data_loader INFO Loaded 323 TEST Queries.
2024-11-16 21:22:35,242 beir.datasets.data_loader INFO Query Example: Do Cholesterol Statin Drugs Cause Breast Cancer?
2024-11-16 21:22:35,242 root INFO Activating Elasticsearch....
2024-11-16 21:22:35,242 root INFO Elastic Search Credentials: {'hostname': 'localhost', 'index_name': 'nfcorpus', 'keys': {'title': 'title', 'body': 'txt'}, 'timeout': 100, 'retry_on_timeout': True, 'maxsize': 24, 'number_of_shards': 1, 'language': 'english'}
2024-11-16 21:22:35,242 root INFO Deleting previous Elasticsearch-Index named - nfcorpus
2024-11-16 21:22:37,429 root INFO Creating fresh Elasticsearch-Index named - nfcorpus
2024-11-16 21:22:48,763 root INFO Starting To Rerank Top-100....
2024-11-16 21:26:23,552 root INFO Activating Elasticsearch....
2024-11-16 21:26:23,553 root INFO Elastic Search Credentials: {'hostname': 'localhost', 'index_name': 'nfcorpus', 'keys': {'title': 'title', 'body': 'txt'}, 'timeout': 100, 'retry_on_timeout': True, 'maxsize': 24, 'number_of_shards': 'default', 'language': 'english'}
2024-11-16 21:26:23,553 root INFO Deleting previous Elasticsearch-Index named - nfcorpus
2024-11-16 21:26:25,765 root INFO Creating fresh Elasticsearch-Index named - nfcorpus
2024-11-16 21:26:31,69 root INFO Starting To Rerank Top-100....
2024-11-16 21:26:48,758 beir.datasets.data_loader INFO Loading Corpus...
2024-11-16 21:26:48,789 beir.datasets.data_loader INFO Loaded 3633 DEV Documents.
2024-11-16 21:26:48,789 beir.datasets.data_loader INFO Doc Example: {'text': 'Recent studies have suggested that statins, an established drug group in the prevention of cardiovascular mortality, could delay or prevent breast cancer recurrence but the effect on disease-specific mortality remains unclear. We evaluated risk of breast cancer death among statin users in a population-based cohort of breast cancer patients. The study cohort included all newly diagnosed breast cancer patients in Finland during 1995–2003 (31,236 cases), identified from the Finnish Cancer Registry. Information on statin use before and after the diagnosis was obtained from a national prescription database. We used the Cox proportional hazards regression method to estimate mortality among statin users with statin use as time-dependent variable. A total of 4,151 participants had used statins. During the median follow-up of 3.25 years after the diagnosis (range 0.08–9.0 years) 6,011 participants died, of which 3,619 (60.2%) was due to breast cancer. After adjustment for age, tumor characteristics, and treatment selection, both post-diagnostic and pre-diagnostic statin use were associated with lowered risk of breast cancer death (HR 0.46, 95% CI 0.38–0.55 and HR 0.54, 95% CI 0.44–0.67, respectively). The risk decrease by post-diagnostic statin use was likely affected by healthy adherer bias; that is, the greater likelihood of dying cancer patients to discontinue statin use as the association was not clearly dose-dependent and observed already at low-dose/short-term use. The dose- and time-dependence of the survival benefit among pre-diagnostic statin users suggests a possible causal effect that should be evaluated further in a clinical trial testing statins’ effect on survival in breast cancer patients.', 'title': 'Statin Use and Breast Cancer Survival: A Nationwide Cohort Study from Finland'}
2024-11-16 21:26:48,789 beir.datasets.data_loader INFO Loading Queries...
2024-11-16 21:26:48,805 beir.datasets.data_loader INFO Loaded 324 DEV Queries.
2024-11-16 21:26:48,805 beir.datasets.data_loader INFO Query Example: Why Deep Fried Foods May Cause Cancer
2024-11-16 21:26:48,805 beir.datasets.data_loader INFO Loading Corpus...
2024-11-16 21:26:48,835 beir.datasets.data_loader INFO Loaded 3633 TEST Documents.
2024-11-16 21:26:48,836 beir.datasets.data_loader INFO Doc Example: {'text': 'Recent studies have suggested that statins, an established drug group in the prevention of cardiovascular mortality, could delay or prevent breast cancer recurrence but the effect on disease-specific mortality remains unclear. We evaluated risk of breast cancer death among statin users in a population-based cohort of breast cancer patients. The study cohort included all newly diagnosed breast cancer patients in Finland during 1995–2003 (31,236 cases), identified from the Finnish Cancer Registry. Information on statin use before and after the diagnosis was obtained from a national prescription database. We used the Cox proportional hazards regression method to estimate mortality among statin users with statin use as time-dependent variable. A total of 4,151 participants had used statins. During the median follow-up of 3.25 years after the diagnosis (range 0.08–9.0 years) 6,011 participants died, of which 3,619 (60.2%) was due to breast cancer. After adjustment for age, tumor characteristics, and treatment selection, both post-diagnostic and pre-diagnostic statin use were associated with lowered risk of breast cancer death (HR 0.46, 95% CI 0.38–0.55 and HR 0.54, 95% CI 0.44–0.67, respectively). The risk decrease by post-diagnostic statin use was likely affected by healthy adherer bias; that is, the greater likelihood of dying cancer patients to discontinue statin use as the association was not clearly dose-dependent and observed already at low-dose/short-term use. The dose- and time-dependence of the survival benefit among pre-diagnostic statin users suggests a possible causal effect that should be evaluated further in a clinical trial testing statins’ effect on survival in breast cancer patients.', 'title': 'Statin Use and Breast Cancer Survival: A Nationwide Cohort Study from Finland'}
2024-11-16 21:26:48,836 beir.datasets.data_loader INFO Loading Queries...
2024-11-16 21:26:48,852 beir.datasets.data_loader INFO Loaded 323 TEST Queries.
2024-11-16 21:26:48,852 beir.datasets.data_loader INFO Query Example: Do Cholesterol Statin Drugs Cause Breast Cancer?
2024-11-16 21:26:48,852 root INFO Activating Elasticsearch....
2024-11-16 21:26:48,852 root INFO Elastic Search Credentials: {'hostname': 'localhost', 'index_name': 'nfcorpus', 'keys': {'title': 'title', 'body': 'txt'}, 'timeout': 100, 'retry_on_timeout': True, 'maxsize': 24, 'number_of_shards': 1, 'language': 'english'}
2024-11-16 21:26:48,852 root INFO Deleting previous Elasticsearch-Index named - nfcorpus
2024-11-16 21:26:51,41 root INFO Creating fresh Elasticsearch-Index named - nfcorpus
2024-11-16 21:27:03,381 root INFO Starting To Rerank Top-100....
2024-11-16 21:27:31,7 beir.datasets.data_loader INFO Loading Corpus...
2024-11-16 21:27:31,39 beir.datasets.data_loader INFO Loaded 3633 DEV Documents.
2024-11-16 21:27:31,39 beir.datasets.data_loader INFO Doc Example: {'text': 'Recent studies have suggested that statins, an established drug group in the prevention of cardiovascular mortality, could delay or prevent breast cancer recurrence but the effect on disease-specific mortality remains unclear. We evaluated risk of breast cancer death among statin users in a population-based cohort of breast cancer patients. The study cohort included all newly diagnosed breast cancer patients in Finland during 1995–2003 (31,236 cases), identified from the Finnish Cancer Registry. Information on statin use before and after the diagnosis was obtained from a national prescription database. We used the Cox proportional hazards regression method to estimate mortality among statin users with statin use as time-dependent variable. A total of 4,151 participants had used statins. During the median follow-up of 3.25 years after the diagnosis (range 0.08–9.0 years) 6,011 participants died, of which 3,619 (60.2%) was due to breast cancer. After adjustment for age, tumor characteristics, and treatment selection, both post-diagnostic and pre-diagnostic statin use were associated with lowered risk of breast cancer death (HR 0.46, 95% CI 0.38–0.55 and HR 0.54, 95% CI 0.44–0.67, respectively). The risk decrease by post-diagnostic statin use was likely affected by healthy adherer bias; that is, the greater likelihood of dying cancer patients to discontinue statin use as the association was not clearly dose-dependent and observed already at low-dose/short-term use. The dose- and time-dependence of the survival benefit among pre-diagnostic statin users suggests a possible causal effect that should be evaluated further in a clinical trial testing statins’ effect on survival in breast cancer patients.', 'title': 'Statin Use and Breast Cancer Survival: A Nationwide Cohort Study from Finland'}
2024-11-16 21:27:31,39 beir.datasets.data_loader INFO Loading Queries...
2024-11-16 21:27:31,54 beir.datasets.data_loader INFO Loaded 324 DEV Queries.
2024-11-16 21:27:31,54 beir.datasets.data_loader INFO Query Example: Why Deep Fried Foods May Cause Cancer
2024-11-16 21:27:31,55 beir.datasets.data_loader INFO Loading Corpus...
2024-11-16 21:27:31,86 beir.datasets.data_loader INFO Loaded 3633 TEST Documents.
2024-11-16 21:27:31,86 beir.datasets.data_loader INFO Doc Example: {'text': 'Recent studies have suggested that statins, an established drug group in the prevention of cardiovascular mortality, could delay or prevent breast cancer recurrence but the effect on disease-specific mortality remains unclear. We evaluated risk of breast cancer death among statin users in a population-based cohort of breast cancer patients. The study cohort included all newly diagnosed breast cancer patients in Finland during 1995–2003 (31,236 cases), identified from the Finnish Cancer Registry. Information on statin use before and after the diagnosis was obtained from a national prescription database. We used the Cox proportional hazards regression method to estimate mortality among statin users with statin use as time-dependent variable. A total of 4,151 participants had used statins. During the median follow-up of 3.25 years after the diagnosis (range 0.08–9.0 years) 6,011 participants died, of which 3,619 (60.2%) was due to breast cancer. After adjustment for age, tumor characteristics, and treatment selection, both post-diagnostic and pre-diagnostic statin use were associated with lowered risk of breast cancer death (HR 0.46, 95% CI 0.38–0.55 and HR 0.54, 95% CI 0.44–0.67, respectively). The risk decrease by post-diagnostic statin use was likely affected by healthy adherer bias; that is, the greater likelihood of dying cancer patients to discontinue statin use as the association was not clearly dose-dependent and observed already at low-dose/short-term use. The dose- and time-dependence of the survival benefit among pre-diagnostic statin users suggests a possible causal effect that should be evaluated further in a clinical trial testing statins’ effect on survival in breast cancer patients.', 'title': 'Statin Use and Breast Cancer Survival: A Nationwide Cohort Study from Finland'}
2024-11-16 21:27:31,86 beir.datasets.data_loader INFO Loading Queries...
2024-11-16 21:27:31,102 beir.datasets.data_loader INFO Loaded 323 TEST Queries.
2024-11-16 21:27:31,102 beir.datasets.data_loader INFO Query Example: Do Cholesterol Statin Drugs Cause Breast Cancer?
2024-11-16 21:27:31,102 root INFO Activating Elasticsearch....
2024-11-16 21:27:31,102 root INFO Elastic Search Credentials: {'hostname': 'localhost', 'index_name': 'nfcorpus', 'keys': {'title': 'title', 'body': 'txt'}, 'timeout': 100, 'retry_on_timeout': True, 'maxsize': 24, 'number_of_shards': 1, 'language': 'english'}
2024-11-16 21:27:31,103 root INFO Deleting previous Elasticsearch-Index named - nfcorpus
2024-11-16 21:27:33,324 root INFO Creating fresh Elasticsearch-Index named - nfcorpus
2024-11-16 21:27:47,951 root INFO Starting To Rerank Top-100....
2024-11-16 21:31:15,476 root INFO Activating Elasticsearch....
2024-11-16 21:31:15,476 root INFO Elastic Search Credentials: {'hostname': 'localhost', 'index_name': 'nfcorpus', 'keys': {'title': 'title', 'body': 'txt'}, 'timeout': 100, 'retry_on_timeout': True, 'maxsize': 24, 'number_of_shards': 'default', 'language': 'english'}
2024-11-16 21:31:15,477 root INFO Deleting previous Elasticsearch-Index named - nfcorpus
2024-11-16 21:31:17,709 root INFO Creating fresh Elasticsearch-Index named - nfcorpus
2024-11-16 21:31:23,222 root INFO Starting To Rerank Top-100....
2024-11-16 21:35:17,987 root INFO Activating Elasticsearch....
2024-11-16 21:35:17,987 root INFO Elastic Search Credentials: {'hostname': 'localhost', 'index_name': 'nfcorpus', 'keys': {'title': 'title', 'body': 'txt'}, 'timeout': 100, 'retry_on_timeout': True, 'maxsize': 24, 'number_of_shards': 1, 'language': 'english'}
2024-11-16 21:35:17,987 root INFO Deleting previous Elasticsearch-Index named - nfcorpus
2024-11-16 21:35:20,224 root INFO Creating fresh Elasticsearch-Index named - nfcorpus
2024-11-16 21:35:31,354 root INFO Starting To Rerank Top-100....
2024-11-16 21:39:43,238 root INFO Activating Elasticsearch....
2024-11-16 21:39:43,238 root INFO Elastic Search Credentials: {'hostname': 'localhost', 'index_name': 'nfcorpus', 'keys': {'title': 'title', 'body': 'txt'}, 'timeout': 100, 'retry_on_timeout': True, 'maxsize': 24, 'number_of_shards': 'default', 'language': 'english'}
2024-11-16 21:39:43,238 root INFO Deleting previous Elasticsearch-Index named - nfcorpus
2024-11-16 21:39:45,472 root INFO Creating fresh Elasticsearch-Index named - nfcorpus
2024-11-16 21:39:51,82 root INFO Starting To Rerank Top-100....
2024-11-16 21:43:01,708 root INFO Activating Elasticsearch....
2024-11-16 21:43:01,709 root INFO Elastic Search Credentials: {'hostname': 'localhost', 'index_name': 'nfcorpus', 'keys': {'title': 'title', 'body': 'txt'}, 'timeout': 100, 'retry_on_timeout': True, 'maxsize': 24, 'number_of_shards': 1, 'language': 'english'}
2024-11-16 21:43:01,709 root INFO Deleting previous Elasticsearch-Index named - nfcorpus
2024-11-16 21:43:03,891 root INFO Creating fresh Elasticsearch-Index named - nfcorpus
2024-11-16 21:43:16,334 root INFO Starting To Rerank Top-100....
2024-11-16 21:47:05,363 root INFO Activating Elasticsearch....
2024-11-16 21:47:05,364 root INFO Elastic Search Credentials: {'hostname': 'localhost', 'index_name': 'nfcorpus', 'keys': {'title': 'title', 'body': 'txt'}, 'timeout': 100, 'retry_on_timeout': True, 'maxsize': 24, 'number_of_shards': 'default', 'language': 'english'}
2024-11-16 21:47:05,364 root INFO Deleting previous Elasticsearch-Index named - nfcorpus
2024-11-16 21:47:07,556 root INFO Creating fresh Elasticsearch-Index named - nfcorpus
2024-11-16 21:47:13,390 root INFO Starting To Rerank Top-100....
2024-11-16 21:50:53,362 root INFO Activating Elasticsearch....
2024-11-16 21:50:53,362 root INFO Elastic Search Credentials: {'hostname': 'localhost', 'index_name': 'nfcorpus', 'keys': {'title': 'title', 'body': 'txt'}, 'timeout': 100, 'retry_on_timeout': True, 'maxsize': 24, 'number_of_shards': 1, 'language': 'english'}
2024-11-16 21:50:53,363 root INFO Deleting previous Elasticsearch-Index named - nfcorpus
2024-11-16 21:50:55,581 root INFO Creating fresh Elasticsearch-Index named - nfcorpus
2024-11-16 21:51:07,476 root INFO Starting To Rerank Top-100....
2024-11-16 21:54:06,954 root INFO Activating Elasticsearch....
2024-11-16 21:54:06,955 root INFO Elastic Search Credentials: {'hostname': 'localhost', 'index_name': 'nfcorpus', 'keys': {'title': 'title', 'body': 'txt'}, 'timeout': 100, 'retry_on_timeout': True, 'maxsize': 24, 'number_of_shards': 'default', 'language': 'english'}
2024-11-16 21:54:06,956 root INFO Deleting previous Elasticsearch-Index named - nfcorpus
2024-11-16 21:54:09,149 root INFO Creating fresh Elasticsearch-Index named - nfcorpus
2024-11-16 21:54:14,563 root INFO Starting To Rerank Top-100....
2024-11-16 21:58:09,402 root INFO Activating Elasticsearch....
2024-11-16 21:58:09,402 root INFO Elastic Search Credentials: {'hostname': 'localhost', 'index_name': 'nfcorpus', 'keys': {'title': 'title', 'body': 'txt'}, 'timeout': 100, 'retry_on_timeout': True, 'maxsize': 24, 'number_of_shards': 1, 'language': 'english'}
2024-11-16 21:58:09,403 root INFO Deleting previous Elasticsearch-Index named - nfcorpus
2024-11-16 21:58:11,580 root INFO Creating fresh Elasticsearch-Index named - nfcorpus
2024-11-16 21:58:21,776 root INFO Starting To Rerank Top-100....
2024-11-16 22:02:01,317 root INFO Activating Elasticsearch....
2024-11-16 22:02:01,317 root INFO Elastic Search Credentials: {'hostname': 'localhost', 'index_name': 'nfcorpus', 'keys': {'title': 'title', 'body': 'txt'}, 'timeout': 100, 'retry_on_timeout': True, 'maxsize': 24, 'number_of_shards': 'default', 'language': 'english'}
2024-11-16 22:02:01,317 root INFO Deleting previous Elasticsearch-Index named - nfcorpus
2024-11-16 22:02:03,508 root INFO Creating fresh Elasticsearch-Index named - nfcorpus
2024-11-16 22:02:09,622 root INFO Starting To Rerank Top-100....
2024-11-16 22:05:51,772 root INFO Activating Elasticsearch....
2024-11-16 22:05:51,772 root INFO Elastic Search Credentials: {'hostname': 'localhost', 'index_name': 'nfcorpus', 'keys': {'title': 'title', 'body': 'txt'}, 'timeout': 100, 'retry_on_timeout': True, 'maxsize': 24, 'number_of_shards': 1, 'language': 'english'}
2024-11-16 22:05:51,772 root INFO Deleting previous Elasticsearch-Index named - nfcorpus
2024-11-16 22:05:53,947 root INFO Creating fresh Elasticsearch-Index named - nfcorpus
2024-11-16 22:06:05,590 root INFO Starting To Rerank Top-100....
2024-11-16 22:09:45,826 root INFO Activating Elasticsearch....
2024-11-16 22:09:45,826 root INFO Elastic Search Credentials: {'hostname': 'localhost', 'index_name': 'nfcorpus', 'keys': {'title': 'title', 'body': 'txt'}, 'timeout': 100, 'retry_on_timeout': True, 'maxsize': 24, 'number_of_shards': 'default', 'language': 'english'}
2024-11-16 22:09:45,827 root INFO Deleting previous Elasticsearch-Index named - nfcorpus
2024-11-16 22:09:47,987 root INFO Creating fresh Elasticsearch-Index named - nfcorpus
2024-11-16 22:09:53,639 root INFO Starting To Rerank Top-100....
2024-11-16 22:14:11,734 root INFO Activating Elasticsearch....
2024-11-16 22:14:11,734 root INFO Elastic Search Credentials: {'hostname': 'localhost', 'index_name': 'nfcorpus', 'keys': {'title': 'title', 'body': 'txt'}, 'timeout': 100, 'retry_on_timeout': True, 'maxsize': 24, 'number_of_shards': 1, 'language': 'english'}
2024-11-16 22:14:11,735 root INFO Deleting previous Elasticsearch-Index named - nfcorpus
2024-11-16 22:14:13,927 root INFO Creating fresh Elasticsearch-Index named - nfcorpus
2024-11-16 22:14:25,153 root INFO Starting To Rerank Top-100....
2024-11-16 22:17:45,450 root INFO Activating Elasticsearch....
2024-11-16 22:17:45,450 root INFO Elastic Search Credentials: {'hostname': 'localhost', 'index_name': 'nfcorpus', 'keys': {'title': 'title', 'body': 'txt'}, 'timeout': 100, 'retry_on_timeout': True, 'maxsize': 24, 'number_of_shards': 'default', 'language': 'english'}
2024-11-16 22:17:45,451 root INFO Deleting previous Elasticsearch-Index named - nfcorpus
2024-11-16 22:17:47,685 root INFO Creating fresh Elasticsearch-Index named - nfcorpus
2024-11-16 22:17:53,438 root INFO Starting To Rerank Top-100....
2024-11-16 22:21:20,32 root INFO Activating Elasticsearch....
2024-11-16 22:21:20,32 root INFO Elastic Search Credentials: {'hostname': 'localhost', 'index_name': 'nfcorpus', 'keys': {'title': 'title', 'body': 'txt'}, 'timeout': 100, 'retry_on_timeout': True, 'maxsize': 24, 'number_of_shards': 1, 'language': 'english'}
2024-11-16 22:21:20,33 root INFO Deleting previous Elasticsearch-Index named - nfcorpus
2024-11-16 22:21:22,253 root INFO Creating fresh Elasticsearch-Index named - nfcorpus
2024-11-16 22:21:33,820 root INFO Starting To Rerank Top-100....
2024-11-16 22:25:22,550 root INFO Activating Elasticsearch....
2024-11-16 22:25:22,550 root INFO Elastic Search Credentials: {'hostname': 'localhost', 'index_name': 'nfcorpus', 'keys': {'title': 'title', 'body': 'txt'}, 'timeout': 100, 'retry_on_timeout': True, 'maxsize': 24, 'number_of_shards': 'default', 'language': 'english'}
2024-11-16 22:25:22,551 root INFO Deleting previous Elasticsearch-Index named - nfcorpus
2024-11-16 22:25:24,770 root INFO Creating fresh Elasticsearch-Index named - nfcorpus
2024-11-16 22:25:30,391 root INFO Starting To Rerank Top-100....
2024-11-16 22:28:22,625 root INFO Activating Elasticsearch....
2024-11-16 22:28:22,625 root INFO Elastic Search Credentials: {'hostname': 'localhost', 'index_name': 'nfcorpus', 'keys': {'title': 'title', 'body': 'txt'}, 'timeout': 100, 'retry_on_timeout': True, 'maxsize': 24, 'number_of_shards': 1, 'language': 'english'}
2024-11-16 22:28:22,626 root INFO Deleting previous Elasticsearch-Index named - nfcorpus
2024-11-16 22:28:24,846 root INFO Creating fresh Elasticsearch-Index named - nfcorpus
2024-11-16 22:28:36,190 root INFO Starting To Rerank Top-100....
2024-11-16 22:31:59,807 root INFO Activating Elasticsearch....
2024-11-16 22:31:59,807 root INFO Elastic Search Credentials: {'hostname': 'localhost', 'index_name': 'nfcorpus', 'keys': {'title': 'title', 'body': 'txt'}, 'timeout': 100, 'retry_on_timeout': True, 'maxsize': 24, 'number_of_shards': 'default', 'language': 'english'}
2024-11-16 22:31:59,808 root INFO Deleting previous Elasticsearch-Index named - nfcorpus
2024-11-16 22:32:02,7 root INFO Creating fresh Elasticsearch-Index named - nfcorpus
2024-11-16 22:32:07,689 root INFO Starting To Rerank Top-100....
2024-11-16 22:35:20,312 root INFO Activating Elasticsearch....
2024-11-16 22:35:20,312 root INFO Elastic Search Credentials: {'hostname': 'localhost', 'index_name': 'nfcorpus', 'keys': {'title': 'title', 'body': 'txt'}, 'timeout': 100, 'retry_on_timeout': True, 'maxsize': 24, 'number_of_shards': 1, 'language': 'english'}
2024-11-16 22:35:20,313 root INFO Deleting previous Elasticsearch-Index named - nfcorpus
2024-11-16 22:35:22,490 root INFO Creating fresh Elasticsearch-Index named - nfcorpus
2024-11-16 22:35:33,737 root INFO Starting To Rerank Top-100....
2024-11-16 22:38:56,87 root INFO Activating Elasticsearch....
2024-11-16 22:38:56,87 root INFO Elastic Search Credentials: {'hostname': 'localhost', 'index_name': 'nfcorpus', 'keys': {'title': 'title', 'body': 'txt'}, 'timeout': 100, 'retry_on_timeout': True, 'maxsize': 24, 'number_of_shards': 'default', 'language': 'english'}
2024-11-16 22:38:56,88 root INFO Deleting previous Elasticsearch-Index named - nfcorpus
2024-11-16 22:38:58,307 root INFO Creating fresh Elasticsearch-Index named - nfcorpus
2024-11-16 22:39:03,845 root INFO Starting To Rerank Top-100....
2024-11-16 22:42:24,756 root INFO Activating Elasticsearch....
2024-11-16 22:42:24,756 root INFO Elastic Search Credentials: {'hostname': 'localhost', 'index_name': 'nfcorpus', 'keys': {'title': 'title', 'body': 'txt'}, 'timeout': 100, 'retry_on_timeout': True, 'maxsize': 24, 'number_of_shards': 1, 'language': 'english'}
2024-11-16 22:42:24,756 root INFO Deleting previous Elasticsearch-Index named - nfcorpus
2024-11-16 22:42:26,898 root INFO Creating fresh Elasticsearch-Index named - nfcorpus
2024-11-16 22:42:38,242 root INFO Starting To Rerank Top-100....
2024-11-16 22:46:17,336 root INFO Activating Elasticsearch....
2024-11-16 22:46:17,337 root INFO Elastic Search Credentials: {'hostname': 'localhost', 'index_name': 'nfcorpus', 'keys': {'title': 'title', 'body': 'txt'}, 'timeout': 100, 'retry_on_timeout': True, 'maxsize': 24, 'number_of_shards': 'default', 'language': 'english'}
2024-11-16 22:46:17,337 root INFO Deleting previous Elasticsearch-Index named - nfcorpus
2024-11-16 22:46:19,532 root INFO Creating fresh Elasticsearch-Index named - nfcorpus
2024-11-16 22:46:24,931 root INFO Starting To Rerank Top-100....
2024-11-16 22:49:38,771 root INFO Activating Elasticsearch....
2024-11-16 22:49:38,771 root INFO Elastic Search Credentials: {'hostname': 'localhost', 'index_name': 'nfcorpus', 'keys': {'title': 'title', 'body': 'txt'}, 'timeout': 100, 'retry_on_timeout': True, 'maxsize': 24, 'number_of_shards': 1, 'language': 'english'}
2024-11-16 22:49:38,772 root INFO Deleting previous Elasticsearch-Index named - nfcorpus
2024-11-16 22:49:40,965 root INFO Creating fresh Elasticsearch-Index named - nfcorpus
2024-11-16 22:49:51,408 root INFO Starting To Rerank Top-100....
2024-11-16 22:53:25,291 root INFO Activating Elasticsearch....
2024-11-16 22:53:25,291 root INFO Elastic Search Credentials: {'hostname': 'localhost', 'index_name': 'nfcorpus', 'keys': {'title': 'title', 'body': 'txt'}, 'timeout': 100, 'retry_on_timeout': True, 'maxsize': 24, 'number_of_shards': 'default', 'language': 'english'}
2024-11-16 22:53:25,292 root INFO Deleting previous Elasticsearch-Index named - nfcorpus
2024-11-16 22:53:27,477 root INFO Creating fresh Elasticsearch-Index named - nfcorpus
2024-11-16 22:53:33,165 root INFO Starting To Rerank Top-100....
2024-11-16 22:56:43,38 root INFO Activating Elasticsearch....
2024-11-16 22:56:43,38 root INFO Elastic Search Credentials: {'hostname': 'localhost', 'index_name': 'nfcorpus', 'keys': {'title': 'title', 'body': 'txt'}, 'timeout': 100, 'retry_on_timeout': True, 'maxsize': 24, 'number_of_shards': 1, 'language': 'english'}
2024-11-16 22:56:43,39 root INFO Deleting previous Elasticsearch-Index named - nfcorpus
2024-11-16 22:56:45,260 root INFO Creating fresh Elasticsearch-Index named - nfcorpus
2024-11-16 22:56:56,466 root INFO Starting To Rerank Top-100....
2024-11-16 23:00:45,311 root INFO Activating Elasticsearch....
2024-11-16 23:00:45,312 root INFO Elastic Search Credentials: {'hostname': 'localhost', 'index_name': 'nfcorpus', 'keys': {'title': 'title', 'body': 'txt'}, 'timeout': 100, 'retry_on_timeout': True, 'maxsize': 24, 'number_of_shards': 'default', 'language': 'english'}
2024-11-16 23:00:45,312 root INFO Deleting previous Elasticsearch-Index named - nfcorpus
2024-11-16 23:00:47,493 root INFO Creating fresh Elasticsearch-Index named - nfcorpus
2024-11-16 23:00:52,956 root INFO Starting To Rerank Top-100....
2024-11-16 23:03:45,783 root INFO Activating Elasticsearch....
2024-11-16 23:03:45,784 root INFO Elastic Search Credentials: {'hostname': 'localhost', 'index_name': 'nfcorpus', 'keys': {'title': 'title', 'body': 'txt'}, 'timeout': 100, 'retry_on_timeout': True, 'maxsize': 24, 'number_of_shards': 1, 'language': 'english'}
2024-11-16 23:03:45,784 root INFO Deleting previous Elasticsearch-Index named - nfcorpus
2024-11-16 23:03:47,979 root INFO Creating fresh Elasticsearch-Index named - nfcorpus
2024-11-16 23:03:59,466 root INFO Starting To Rerank Top-100....
2024-11-16 23:07:21,730 root INFO Activating Elasticsearch....
2024-11-16 23:07:21,731 root INFO Elastic Search Credentials: {'hostname': 'localhost', 'index_name': 'nfcorpus', 'keys': {'title': 'title', 'body': 'txt'}, 'timeout': 100, 'retry_on_timeout': True, 'maxsize': 24, 'number_of_shards': 'default', 'language': 'english'}
2024-11-16 23:07:21,731 root INFO Deleting previous Elasticsearch-Index named - nfcorpus
2024-11-16 23:07:23,921 root INFO Creating fresh Elasticsearch-Index named - nfcorpus
2024-11-16 23:07:29,463 root INFO Starting To Rerank Top-100....
2024-11-16 23:10:52,569 root INFO Activating Elasticsearch....
2024-11-16 23:10:52,569 root INFO Elastic Search Credentials: {'hostname': 'localhost', 'index_name': 'nfcorpus', 'keys': {'title': 'title', 'body': 'txt'}, 'timeout': 100, 'retry_on_timeout': True, 'maxsize': 24, 'number_of_shards': 1, 'language': 'english'}
2024-11-16 23:10:52,569 root INFO Deleting previous Elasticsearch-Index named - nfcorpus
2024-11-16 23:10:54,788 root INFO Creating fresh Elasticsearch-Index named - nfcorpus
2024-11-16 23:11:06,53 root INFO Starting To Rerank Top-100....
2024-11-16 23:13:54,367 root INFO Activating Elasticsearch....
2024-11-16 23:13:54,367 root INFO Elastic Search Credentials: {'hostname': 'localhost', 'index_name': 'nfcorpus', 'keys': {'title': 'title', 'body': 'txt'}, 'timeout': 100, 'retry_on_timeout': True, 'maxsize': 24, 'number_of_shards': 'default', 'language': 'english'}
2024-11-16 23:13:54,368 root INFO Deleting previous Elasticsearch-Index named - nfcorpus
2024-11-16 23:13:56,557 root INFO Creating fresh Elasticsearch-Index named - nfcorpus
2024-11-16 23:14:02,179 root INFO Starting To Rerank Top-100....
2024-11-16 23:17:34,996 root INFO Activating Elasticsearch....
2024-11-16 23:17:34,996 root INFO Elastic Search Credentials: {'hostname': 'localhost', 'index_name': 'nfcorpus', 'keys': {'title': 'title', 'body': 'txt'}, 'timeout': 100, 'retry_on_timeout': True, 'maxsize': 24, 'number_of_shards': 1, 'language': 'english'}
2024-11-16 23:17:34,996 root INFO Deleting previous Elasticsearch-Index named - nfcorpus
2024-11-16 23:17:37,183 root INFO Creating fresh Elasticsearch-Index named - nfcorpus
2024-11-16 23:17:47,948 root INFO Starting To Rerank Top-100....
2024-11-16 23:21:43,180 root INFO Activating Elasticsearch....
2024-11-16 23:21:43,181 root INFO Elastic Search Credentials: {'hostname': 'localhost', 'index_name': 'nfcorpus', 'keys': {'title': 'title', 'body': 'txt'}, 'timeout': 100, 'retry_on_timeout': True, 'maxsize': 24, 'number_of_shards': 'default', 'language': 'english'}
2024-11-16 23:21:43,181 root INFO Deleting previous Elasticsearch-Index named - nfcorpus
2024-11-16 23:21:45,397 root INFO Creating fresh Elasticsearch-Index named - nfcorpus
2024-11-16 23:21:51,207 root INFO Starting To Rerank Top-100....
2024-11-16 23:25:27,740 root INFO Activating Elasticsearch....
2024-11-16 23:25:27,740 root INFO Elastic Search Credentials: {'hostname': 'localhost', 'index_name': 'nfcorpus', 'keys': {'title': 'title', 'body': 'txt'}, 'timeout': 100, 'retry_on_timeout': True, 'maxsize': 24, 'number_of_shards': 1, 'language': 'english'}
2024-11-16 23:25:27,740 root INFO Deleting previous Elasticsearch-Index named - nfcorpus
2024-11-16 23:25:29,954 root INFO Creating fresh Elasticsearch-Index named - nfcorpus
2024-11-16 23:25:35,278 root INFO Starting To Rerank Top-100....
2024-11-16 23:28:45,505 root INFO Activating Elasticsearch....
2024-11-16 23:28:45,506 root INFO Elastic Search Credentials: {'hostname': 'localhost', 'index_name': 'nfcorpus', 'keys': {'title': 'title', 'body': 'txt'}, 'timeout': 100, 'retry_on_timeout': True, 'maxsize': 24, 'number_of_shards': 'default', 'language': 'english'}
2024-11-16 23:28:45,506 root INFO Deleting previous Elasticsearch-Index named - nfcorpus
2024-11-16 23:28:47,698 root INFO Creating fresh Elasticsearch-Index named - nfcorpus
2024-11-16 23:28:53,373 root INFO Starting To Rerank Top-100....
2024-11-16 23:32:21,353 main INFO 
#    Model                        P@1  NDCG@3                  NDCG@10                   Recall@100  MAP@100
---  -------------------------  -----  ----------------------  ----------------------  ------------  ----------------------
a    BM25 + T5-sum-lambda-0     0.481  0.424ᵒᵖ۹ʳ               0.359ⁿᵒᵖ۹ʳ                      0.26  0.162ⁿᵒᵖ۹ʳ
b    BM25 + T5-sum-lambda-0.1   0.481  0.415ᵖ۹ʳ                0.354ᵒᵖ۹ʳ                       0.26  0.158ᵒᵖ۹ʳ
c    BM25 + T5-sum-lambda-0.2   0.484  0.425ᵒᵖ۹ʳ               0.360ᵈⁿᵒᵖ۹ʳ                     0.26  0.163ⁿᵒᵖ۹ʳ
d    BM25 + T5-sum-lambda-0.3   0.481  0.415ᵖ۹ʳ                0.353ᵒᵖ۹ʳ                       0.26  0.158ᵒᵖ۹ʳ
e    BM25 + T5-sum-lambda-0.32  0.497  0.440ᵃᵇᶜᵈʰʲᵏˡᵐⁿᵒᵖ۹ʳ     0.368ᵃᵇᶜᵈʰʲᵏˡᵐⁿᵒᵖ۹ʳ             0.26  0.167ᵃᵇᶜᵈʰᵐⁿᵒᵖ۹ʳ
f    BM25 + T5-sum-lambda-0.35  0.497  0.439ᵃᵇᶜᵈʰʲᵏˡᵐⁿᵒᵖ۹ʳ     0.368ᵃᵇᶜᵈʰʲᵏˡᵐⁿᵒᵖ۹ʳ             0.26  0.167ᵃᵇᶜᵈʰᵐⁿᵒᵖ۹ʳ
g    BM25 + T5-sum-lambda-0.37  0.5    0.451ᵃᵇᶜᵈᵉᶠʰᶦʲᵏˡᵐⁿᵒᵖ۹ʳ  0.373ᵃᵇᶜᵈᵉᶠʰᶦʲᵏˡᵐⁿᵒᵖ۹ʳ          0.26  0.169ᵃᵇᶜᵈᵉᶠʰᶦʲᵏˡᵐⁿᵒᵖ۹ʳ
h    BM25 + T5-sum-lambda-0.4   0.487  0.423ᵒᵖ۹ʳ               0.359ⁿᵒᵖ۹ʳ                      0.26  0.163ⁿᵒᵖ۹ʳ
i    BM25 + T5-sum-lambda-0.5   0.484  0.429ⁿᵒᵖ۹ʳ              0.362ᵇᵈⁿᵒᵖ۹ʳ                    0.26  0.165ᵃᵇᶜᵈʰʲⁿᵒᵖ۹ʳ
j    BM25 + T5-sum-lambda-0.6   0.477  0.424ᵒᵖ۹ʳ               0.360ⁿᵒᵖ۹ʳ                      0.26  0.163ᵇᵈⁿᵒᵖ۹ʳ
k    BM25 + T5-sum-lambda-0.7   0.468  0.424ⁿᵒᵖ۹ʳ              0.358ⁿᵒᵖ۹ʳ                      0.26  0.162ᵇᵈˡᵐⁿᵒᵖ۹ʳ
l    BM25 + T5-sum-lambda-0.8   0.461  0.417                   0.355ⁿᵒᵖ۹ʳ                      0.26  0.159ⁿᵒᵖ۹ʳ
m    BM25 + T5-sum-lambda-0.9   0.481  0.416                   0.353ⁿᵒᵖ۹                       0.26  0.157ⁿ
n    BM25 + T5-sum-lambda-1     0.468  0.404                   0.346                           0.26  0.154
o    BM25 + T5-sum-lambda-1.35  0.474  0.403                   0.343                           0.26  0.155
p    BM25 + T5-sum-lambda-1.5   0.468  0.400                   0.342                           0.26  0.154
q    BM25 + Sci-T5              0.464  0.400                   0.344                           0.26  0.154
r    BM25                       0.471  0.404                   0.343                           0.26  0.154
