
2024-12-04 13:04:02,694 root INFO Activating Elasticsearch....
2024-12-04 13:04:02,694 root INFO Elastic Search Credentials: {'hostname': 'localhost', 'index_name': 'miracl', 'keys': {'title': 'title', 'body': 'txt'}, 'timeout': 100, 'retry_on_timeout': True, 'maxsize': 24, 'number_of_shards': 'default', 'language': 'french'}
2024-12-04 13:04:02,695 root INFO Deleting previous Elasticsearch-Index named - miracl
2024-12-04 13:04:05,279 root INFO Creating fresh Elasticsearch-Index named - miracl
2024-12-04 13:20:47,464 root INFO Starting To Rerank Top-100....
2024-12-04 13:30:18,162 root INFO Starting To Rerank Top-100....
2024-12-04 13:39:30,480 root INFO Starting To Rerank Top-100....
2024-12-04 13:48:56,328 root INFO Starting To Rerank Top-100....
2024-12-04 13:58:12,198 root INFO Starting To Rerank Top-100....
2024-12-04 14:07:38,840 root INFO Starting To Rerank Top-100....
2024-12-04 14:16:50,948 root INFO Starting To Rerank Top-100....
2024-12-04 14:26:16,724 root INFO Starting To Rerank Top-100....
2024-12-04 14:35:29,538 root INFO Starting To Rerank Top-100....
2024-12-04 14:44:54,242 root INFO Starting To Rerank Top-100....
2024-12-04 14:54:09,446 root INFO Starting To Rerank Top-100....
2024-12-04 15:03:23,608 main INFO 
#    Model                        P@1    NDCG@3    NDCG@10    Recall@100    MAP@100
---  -------------------------  -----  --------  ---------  ------------  ---------
a    BM25 + MT5-sum-lambda-0        0         0          0             0          0
b    BM25 + MT5-sum-lambda-0.1      0         0          0             0          0
c    BM25 + MT5-sum-lambda-0.2      0         0          0             0          0
d    BM25 + MT5-sum-lambda-0.3      0         0          0             0          0
e    BM25 + MT5-sum-lambda-0.4      0         0          0             0          0
f    BM25 + MT5-sum-lambda-0.5      0         0          0             0          0
g    BM25 + MT5-sum-lambda-0.6      0         0          0             0          0
h    BM25 + MT5-sum-lambda-0.7      0         0          0             0          0
i    BM25 + MT5-sum-lambda-0.8      0         0          0             0          0
j    BM25 + MT5-sum-lambda-0.9      0         0          0             0          0
k    BM25 + MT5-sum-lambda-1        0         0          0             0          0
l    BM25                           0         0          0             0          0
2024-12-04 15:03:43,94 root INFO Starting To Rerank Top-100....
2024-12-04 15:12:56,18 root INFO Starting To Rerank Top-100....
2024-12-04 15:22:38,898 root INFO Starting To Rerank Top-100....
2024-12-04 15:32:12,489 root INFO Starting To Rerank Top-100....
2024-12-04 15:41:55,802 root INFO Starting To Rerank Top-100....
2024-12-04 15:51:21,557 root INFO Starting To Rerank Top-100....
2024-12-04 16:00:58,510 root INFO Starting To Rerank Top-100....
2024-12-04 16:10:24,824 root INFO Starting To Rerank Top-100....
2024-12-04 16:19:57,572 root INFO Starting To Rerank Top-100....
2024-12-04 16:29:54,712 root INFO Starting To Rerank Top-100....
2024-12-04 16:39:07,294 main INFO 
#    Model                        P@1    NDCG@3    NDCG@10    Recall@100    MAP@100
---  -------------------------  -----  --------  ---------  ------------  ---------
a    BM25 + MT5-sum-lambda-0.1      0         0          0             0          0
b    BM25 + MT5-sum-lambda-0.2      0         0          0             0          0
c    BM25 + MT5-sum-lambda-0.3      0         0          0             0          0
d    BM25 + MT5-sum-lambda-0.4      0         0          0             0          0
e    BM25 + MT5-sum-lambda-0.5      0         0          0             0          0
f    BM25 + MT5-sum-lambda-0.6      0         0          0             0          0
g    BM25 + MT5-sum-lambda-0.7      0         0          0             0          0
h    BM25 + MT5-sum-lambda-0.8      0         0          0             0          0
i    BM25 + MT5-sum-lambda-0.9      0         0          0             0          0
j    BM25 + MT5-sum-lambda-1        0         0          0             0          0
k    BM25                           0         0          0             0          0
2024-12-05 09:04:54,98 root INFO Activating Elasticsearch....
2024-12-05 09:04:54,98 root INFO Elastic Search Credentials: {'hostname': 'localhost', 'index_name': 'miracl', 'keys': {'title': 'title', 'body': 'txt'}, 'timeout': 100, 'retry_on_timeout': True, 'maxsize': 24, 'number_of_shards': 'default', 'language': 'french'}
2024-12-05 09:04:54,98 root INFO Deleting previous Elasticsearch-Index named - miracl
2024-12-05 09:04:56,781 root INFO Creating fresh Elasticsearch-Index named - miracl
2024-12-05 09:26:01,106 root INFO Starting To Rerank Top-100....
2024-12-05 09:35:57,759 root INFO Starting To Rerank Top-100....
2024-12-05 09:45:49,27 root INFO Starting To Rerank Top-100....
2024-12-05 09:55:44,450 root INFO Starting To Rerank Top-100....
2024-12-05 10:05:37,107 root INFO Starting To Rerank Top-100....
2024-12-05 10:15:35,612 root INFO Starting To Rerank Top-100....
2024-12-05 10:25:29,618 root INFO Starting To Rerank Top-100....
2024-12-05 10:35:27,721 root INFO Starting To Rerank Top-100....
2024-12-05 10:45:21,725 root INFO Starting To Rerank Top-100....
2024-12-05 10:55:20,579 root INFO Starting To Rerank Top-100....
2024-12-05 11:05:16,578 root INFO Starting To Rerank Top-100....
2024-12-05 11:14:59,538 main INFO 
#    Model                      P@1     NDCG@3         NDCG@10          Recall@100  MAP@100
---  -------------------------  ------  -------------  -------------  ------------  -------------
a    BM25 + MT5-sum-lambda-0    0.163ˡ  0.175ˡ         0.234ˡ                0.574  0.186ˡ
b    BM25 + MT5-sum-lambda-0.1  0.172ˡ  0.181ˡ         0.244ᵃˡ               0.574  0.193ˡ
c    BM25 + MT5-sum-lambda-0.2  0.175ˡ  0.188ᵃˡ        0.252ᵃᵇˡ              0.574  0.199ᵃˡ
d    BM25 + MT5-sum-lambda-0.3  0.178ˡ  0.192ᵃᵇˡ       0.257ᵃᵇˡ              0.574  0.204ᵃᵇᶜˡ
e    BM25 + MT5-sum-lambda-0.4  0.190ˡ  0.199ᵃᵇᶜˡ      0.265ᵃᵇᶜᵈˡ            0.574  0.209ᵃᵇᶜᵈˡ
f    BM25 + MT5-sum-lambda-0.5  0.190ˡ  0.203ᵃᵇᶜᵈˡ     0.270ᵃᵇᶜᵈˡ            0.574  0.213ᵃᵇᶜᵈˡ
g    BM25 + MT5-sum-lambda-0.6  0.192ˡ  0.205ᵃᵇᶜᵈˡ     0.273ᵃᵇᶜᵈˡ            0.574  0.215ᵃᵇᶜᵈˡ
h    BM25 + MT5-sum-lambda-0.7  0.195ˡ  0.207ᵃᵇᶜᵈˡ     0.276ᵃᵇᶜᵈᵉˡ           0.574  0.217ᵃᵇᶜᵈˡ
i    BM25 + MT5-sum-lambda-0.8  0.198ˡ  0.212ᵃᵇᶜᵈᵉˡ    0.278ᵃᵇᶜᵈᵉᶠᵍˡ         0.574  0.219ᵃᵇᶜᵈᵉᵍˡ
j    BM25 + MT5-sum-lambda-0.9  0.198ˡ  0.214ᵃᵇᶜᵈᵉᶠˡ   0.279ᵃᵇᶜᵈᵉᶠᵍˡ         0.574  0.220ᵃᵇᶜᵈᵉᵍʰˡ
k    BM25 + MT5-sum-lambda-1    0.201ˡ  0.215ᵃᵇᶜᵈᵉᶠᵍˡ  0.278ᵃᵇᶜᵈᵉˡ           0.574  0.220ᵃᵇᶜᵈᵉᵍˡ
l    BM25                       0.125   0.125          0.174                 0.573  0.139
2024-12-05 11:15:19,141 root INFO Starting To Rerank Top-100....
2024-12-05 11:25:11,229 root INFO Starting To Rerank Top-100....
2024-12-05 11:35:07,271 root INFO Starting To Rerank Top-100....
2024-12-05 11:45:00,254 root INFO Starting To Rerank Top-100....
2024-12-05 11:54:56,576 root INFO Starting To Rerank Top-100....
2024-12-05 12:04:49,570 root INFO Starting To Rerank Top-100....
2024-12-05 12:14:46,804 root INFO Starting To Rerank Top-100....
2024-12-05 12:24:40,905 root INFO Starting To Rerank Top-100....
2024-12-05 12:34:36,761 root INFO Starting To Rerank Top-100....
2024-12-05 12:44:30,513 root INFO Starting To Rerank Top-100....
2024-12-05 12:54:10,967 main INFO 
#    Model                      P@1     NDCG@3     NDCG@10       Recall@100  MAP@100
---  -------------------------  ------  ---------  ----------  ------------  -----------
a    BM25 + MT5-sum-lambda-0.1  0.163ᵏ  0.177ᵏ     0.238ᵏ             0.574  0.188ᵏ
b    BM25 + MT5-sum-lambda-0.2  0.169ᵏ  0.180ᵏ     0.241ᵏ             0.574  0.192ᵏ
c    BM25 + MT5-sum-lambda-0.3  0.178ᵏ  0.185ᵏ     0.247ᵃᵏ            0.574  0.197ᵃᵏ
d    BM25 + MT5-sum-lambda-0.4  0.181ᵏ  0.189ᵃᵇᵏ   0.254ᵃᵇᶜᵏ          0.574  0.201ᵃᵇᵏ
e    BM25 + MT5-sum-lambda-0.5  0.184ᵏ  0.191ᵃᵇᶜᵏ  0.257ᵃᵇᶜᵏ          0.574  0.203ᵃᵇᶜᵏ
f    BM25 + MT5-sum-lambda-0.6  0.181ᵏ  0.191ᵃᵇᵏ   0.256ᵃᵇᶜᵏ          0.574  0.202ᵃᵇᵏ
g    BM25 + MT5-sum-lambda-0.7  0.181ᵏ  0.193ᵃᵇᵏ   0.259ᵃᵇᶜᵏ          0.574  0.204ᵃᵇᵏ
h    BM25 + MT5-sum-lambda-0.8  0.181ᵏ  0.194ᵃᵇᵏ   0.261ᵃᵇᶜᵏ          0.574  0.204ᵃᵇᶜᶠᵍᵏ
i    BM25 + MT5-sum-lambda-0.9  0.184ᵏ  0.196ᵃᵇᶜᵏ  0.262ᵃᵇᶜᵏ          0.574  0.205ᵃᵇᶜᶠᵏ
j    BM25 + MT5-sum-lambda-1    0.184ᵏ  0.196ᵃᵇᶜᵏ  0.262ᵃᵇᶜᶠᵏ         0.574  0.206ᵃᵇᶜᶠᵍᵏ
k    BM25                       0.125   0.125      0.174              0.573  0.139
